{"/Users/nicholasleong/Desktop/dev/OrbitalTeamGrape/index.js": {"path":"/Users/nicholasleong/Desktop/dev/OrbitalTeamGrape/index.js","statementMap":{},"fnMap":{},"branchMap":{},"s":{},"f":{},"b":{}}
,"/Users/nicholasleong/Desktop/dev/OrbitalTeamGrape/app/_layout.jsx": {"path":"/Users/nicholasleong/Desktop/dev/OrbitalTeamGrape/app/_layout.jsx","statementMap":{"0":{"start":{"line":10,"column":2},"end":{"line":18,"column":4}}},"fnMap":{"0":{"name":"Root","decl":{"start":{"line":8,"column":24},"end":{"line":8,"column":28}},"loc":{"start":{"line":8,"column":31},"end":{"line":19,"column":1}},"line":8}},"branchMap":{},"s":{"0":0},"f":{"0":0},"b":{}}
,"/Users/nicholasleong/Desktop/dev/OrbitalTeamGrape/app/(auth)/Login.jsx": {"path":"/Users/nicholasleong/Desktop/dev/OrbitalTeamGrape/app/(auth)/Login.jsx","statementMap":{"0":{"start":{"line":17,"column":28},"end":{"line":17,"column":40}},"1":{"start":{"line":18,"column":34},"end":{"line":18,"column":46}},"2":{"start":{"line":19,"column":32},"end":{"line":19,"column":47}},"3":{"start":{"line":20,"column":30},"end":{"line":20,"column":42}},"4":{"start":{"line":21,"column":42},"end":{"line":21,"column":57}},"5":{"start":{"line":22,"column":34},"end":{"line":22,"column":49}},"6":{"start":{"line":24,"column":16},"end":{"line":24,"column":26}},"7":{"start":{"line":26,"column":2},"end":{"line":31,"column":17}},"8":{"start":{"line":27,"column":4},"end":{"line":30,"column":5}},"9":{"start":{"line":28,"column":6},"end":{"line":28,"column":31}},"10":{"start":{"line":29,"column":6},"end":{"line":29,"column":25}},"11":{"start":{"line":33,"column":23},"end":{"line":62,"column":3}},"12":{"start":{"line":35,"column":4},"end":{"line":35,"column":21}},"13":{"start":{"line":38,"column":4},"end":{"line":42,"column":5}},"14":{"start":{"line":39,"column":6},"end":{"line":39,"column":42}},"15":{"start":{"line":40,"column":6},"end":{"line":40,"column":24}},"16":{"start":{"line":41,"column":6},"end":{"line":41,"column":13}},"17":{"start":{"line":43,"column":4},"end":{"line":47,"column":5}},"18":{"start":{"line":44,"column":6},"end":{"line":44,"column":44}},"19":{"start":{"line":45,"column":6},"end":{"line":45,"column":24}},"20":{"start":{"line":46,"column":6},"end":{"line":46,"column":13}},"21":{"start":{"line":49,"column":4},"end":{"line":49,"column":24}},"22":{"start":{"line":51,"column":22},"end":{"line":54,"column":6}},"23":{"start":{"line":56,"column":4},"end":{"line":56,"column":22}},"24":{"start":{"line":57,"column":4},"end":{"line":59,"column":5}},"25":{"start":{"line":58,"column":6},"end":{"line":58,"column":31}},"26":{"start":{"line":61,"column":4},"end":{"line":61,"column":22}},"27":{"start":{"line":65,"column":25},"end":{"line":67,"column":3}},"28":{"start":{"line":66,"column":4},"end":{"line":66,"column":35}},"29":{"start":{"line":69,"column":2},"end":{"line":203,"column":4}},"30":{"start":{"line":206,"column":15},"end":{"line":286,"column":2}}},"fnMap":{"0":{"name":"Login","decl":{"start":{"line":16,"column":9},"end":{"line":16,"column":14}},"loc":{"start":{"line":16,"column":33},"end":{"line":204,"column":1}},"line":16},"1":{"name":"(anonymous_1)","decl":{"start":{"line":26,"column":12},"end":{"line":26,"column":13}},"loc":{"start":{"line":26,"column":18},"end":{"line":31,"column":3}},"line":26},"2":{"name":"(anonymous_2)","decl":{"start":{"line":33,"column":23},"end":{"line":33,"column":24}},"loc":{"start":{"line":33,"column":35},"end":{"line":62,"column":3}},"line":33},"3":{"name":"(anonymous_3)","decl":{"start":{"line":65,"column":25},"end":{"line":65,"column":26}},"loc":{"start":{"line":65,"column":31},"end":{"line":67,"column":3}},"line":65}},"branchMap":{"0":{"loc":{"start":{"line":27,"column":4},"end":{"line":30,"column":5}},"type":"if","locations":[{"start":{"line":27,"column":4},"end":{"line":30,"column":5}},{"start":{},"end":{}}],"line":27},"1":{"loc":{"start":{"line":38,"column":4},"end":{"line":42,"column":5}},"type":"if","locations":[{"start":{"line":38,"column":4},"end":{"line":42,"column":5}},{"start":{},"end":{}}],"line":38},"2":{"loc":{"start":{"line":43,"column":4},"end":{"line":47,"column":5}},"type":"if","locations":[{"start":{"line":43,"column":4},"end":{"line":47,"column":5}},{"start":{},"end":{}}],"line":43},"3":{"loc":{"start":{"line":57,"column":4},"end":{"line":59,"column":5}},"type":"if","locations":[{"start":{"line":57,"column":4},"end":{"line":59,"column":5}},{"start":{},"end":{}}],"line":57},"4":{"loc":{"start":{"line":131,"column":22},"end":{"line":131,"column":60}},"type":"cond-expr","locations":[{"start":{"line":131,"column":37},"end":{"line":131,"column":46}},{"start":{"line":131,"column":49},"end":{"line":131,"column":60}}],"line":131},"5":{"loc":{"start":{"line":137,"column":13},"end":{"line":137,"column":51}},"type":"binary-expr","locations":[{"start":{"line":137,"column":13},"end":{"line":137,"column":26}},{"start":{"line":137,"column":30},"end":{"line":137,"column":51}}],"line":137}},"s":{"0":0,"1":0,"2":0,"3":0,"4":0,"5":0,"6":0,"7":0,"8":0,"9":0,"10":0,"11":0,"12":0,"13":0,"14":0,"15":0,"16":0,"17":0,"18":0,"19":0,"20":0,"21":0,"22":0,"23":0,"24":0,"25":0,"26":0,"27":0,"28":0,"29":0,"30":1},"f":{"0":0,"1":0,"2":0,"3":0},"b":{"0":[0,0],"1":[0,0],"2":[0,0],"3":[0,0],"4":[0,0],"5":[0,0]},"_coverageSchema":"1a1c01bbd47fc00a2c39e90264f33305004495a9","hash":"85fc851a64a835857d6fad01ac181641447c0492"}
,"/Users/nicholasleong/Desktop/dev/OrbitalTeamGrape/app/(auth)/Register.jsx": {"path":"/Users/nicholasleong/Desktop/dev/OrbitalTeamGrape/app/(auth)/Register.jsx","statementMap":{"0":{"start":{"line":9,"column":28},"end":{"line":9,"column":40}},"1":{"start":{"line":10,"column":34},"end":{"line":10,"column":46}},"2":{"start":{"line":11,"column":52},"end":{"line":11,"column":64}},"3":{"start":{"line":12,"column":32},"end":{"line":12,"column":47}},"4":{"start":{"line":13,"column":30},"end":{"line":13,"column":42}},"5":{"start":{"line":14,"column":42},"end":{"line":14,"column":57}},"6":{"start":{"line":16,"column":23},"end":{"line":37,"column":3}},"7":{"start":{"line":17,"column":4},"end":{"line":20,"column":5}},"8":{"start":{"line":18,"column":6},"end":{"line":18,"column":40}},"9":{"start":{"line":19,"column":6},"end":{"line":19,"column":13}},"10":{"start":{"line":21,"column":4},"end":{"line":24,"column":5}},"11":{"start":{"line":22,"column":6},"end":{"line":22,"column":43}},"12":{"start":{"line":23,"column":6},"end":{"line":23,"column":13}},"13":{"start":{"line":25,"column":4},"end":{"line":28,"column":5}},"14":{"start":{"line":26,"column":6},"end":{"line":26,"column":42}},"15":{"start":{"line":27,"column":6},"end":{"line":27,"column":13}},"16":{"start":{"line":30,"column":4},"end":{"line":30,"column":21}},"17":{"start":{"line":31,"column":22},"end":{"line":31,"column":69}},"18":{"start":{"line":32,"column":4},"end":{"line":32,"column":22}},"19":{"start":{"line":33,"column":4},"end":{"line":36,"column":5}},"20":{"start":{"line":34,"column":6},"end":{"line":34,"column":31}},"21":{"start":{"line":35,"column":6},"end":{"line":35,"column":13}},"22":{"start":{"line":39,"column":25},"end":{"line":41,"column":3}},"23":{"start":{"line":40,"column":4},"end":{"line":40,"column":35}},"24":{"start":{"line":43,"column":2},"end":{"line":134,"column":4}},"25":{"start":{"line":137,"column":15},"end":{"line":189,"column":2}}},"fnMap":{"0":{"name":"Register","decl":{"start":{"line":8,"column":24},"end":{"line":8,"column":32}},"loc":{"start":{"line":8,"column":35},"end":{"line":135,"column":1}},"line":8},"1":{"name":"(anonymous_1)","decl":{"start":{"line":16,"column":23},"end":{"line":16,"column":24}},"loc":{"start":{"line":16,"column":35},"end":{"line":37,"column":3}},"line":16},"2":{"name":"(anonymous_2)","decl":{"start":{"line":39,"column":25},"end":{"line":39,"column":26}},"loc":{"start":{"line":39,"column":31},"end":{"line":41,"column":3}},"line":39}},"branchMap":{"0":{"loc":{"start":{"line":17,"column":4},"end":{"line":20,"column":5}},"type":"if","locations":[{"start":{"line":17,"column":4},"end":{"line":20,"column":5}},{"start":{},"end":{}}],"line":17},"1":{"loc":{"start":{"line":21,"column":4},"end":{"line":24,"column":5}},"type":"if","locations":[{"start":{"line":21,"column":4},"end":{"line":24,"column":5}},{"start":{},"end":{}}],"line":21},"2":{"loc":{"start":{"line":25,"column":4},"end":{"line":28,"column":5}},"type":"if","locations":[{"start":{"line":25,"column":4},"end":{"line":28,"column":5}},{"start":{},"end":{}}],"line":25},"3":{"loc":{"start":{"line":33,"column":4},"end":{"line":36,"column":5}},"type":"if","locations":[{"start":{"line":33,"column":4},"end":{"line":36,"column":5}},{"start":{},"end":{}}],"line":33},"4":{"loc":{"start":{"line":63,"column":13},"end":{"line":63,"column":51}},"type":"binary-expr","locations":[{"start":{"line":63,"column":13},"end":{"line":63,"column":26}},{"start":{"line":63,"column":30},"end":{"line":63,"column":51}}],"line":63},"5":{"loc":{"start":{"line":113,"column":22},"end":{"line":113,"column":59}},"type":"cond-expr","locations":[{"start":{"line":113,"column":36},"end":{"line":113,"column":45}},{"start":{"line":113,"column":48},"end":{"line":113,"column":59}}],"line":113}},"s":{"0":0,"1":0,"2":0,"3":0,"4":0,"5":0,"6":0,"7":0,"8":0,"9":0,"10":0,"11":0,"12":0,"13":0,"14":0,"15":0,"16":0,"17":0,"18":0,"19":0,"20":0,"21":0,"22":0,"23":0,"24":0,"25":0},"f":{"0":0,"1":0,"2":0},"b":{"0":[0,0],"1":[0,0],"2":[0,0],"3":[0,0],"4":[0,0],"5":[0,0]}}
,"/Users/nicholasleong/Desktop/dev/OrbitalTeamGrape/app/(auth)/StaffRegister.jsx": {"path":"/Users/nicholasleong/Desktop/dev/OrbitalTeamGrape/app/(auth)/StaffRegister.jsx","statementMap":{"0":{"start":{"line":9,"column":28},"end":{"line":9,"column":40}},"1":{"start":{"line":10,"column":34},"end":{"line":10,"column":46}},"2":{"start":{"line":11,"column":52},"end":{"line":11,"column":64}},"3":{"start":{"line":12,"column":32},"end":{"line":12,"column":47}},"4":{"start":{"line":13,"column":30},"end":{"line":13,"column":42}},"5":{"start":{"line":14,"column":26},"end":{"line":14,"column":38}},"6":{"start":{"line":15,"column":42},"end":{"line":15,"column":57}},"7":{"start":{"line":16,"column":34},"end":{"line":16,"column":49}},"8":{"start":{"line":18,"column":20},"end":{"line":18,"column":26}},"9":{"start":{"line":20,"column":23},"end":{"line":58,"column":3}},"10":{"start":{"line":22,"column":4},"end":{"line":25,"column":5}},"11":{"start":{"line":23,"column":6},"end":{"line":23,"column":42}},"12":{"start":{"line":24,"column":6},"end":{"line":24,"column":13}},"13":{"start":{"line":26,"column":4},"end":{"line":29,"column":5}},"14":{"start":{"line":27,"column":6},"end":{"line":27,"column":44}},"15":{"start":{"line":28,"column":6},"end":{"line":28,"column":13}},"16":{"start":{"line":30,"column":4},"end":{"line":33,"column":5}},"17":{"start":{"line":31,"column":6},"end":{"line":31,"column":42}},"18":{"start":{"line":32,"column":6},"end":{"line":32,"column":13}},"19":{"start":{"line":34,"column":4},"end":{"line":37,"column":5}},"20":{"start":{"line":35,"column":6},"end":{"line":35,"column":47}},"21":{"start":{"line":36,"column":6},"end":{"line":36,"column":13}},"22":{"start":{"line":38,"column":4},"end":{"line":41,"column":5}},"23":{"start":{"line":39,"column":6},"end":{"line":39,"column":39}},"24":{"start":{"line":40,"column":6},"end":{"line":40,"column":13}},"25":{"start":{"line":43,"column":4},"end":{"line":43,"column":21}},"26":{"start":{"line":44,"column":22},"end":{"line":44,"column":69}},"27":{"start":{"line":45,"column":4},"end":{"line":45,"column":22}},"28":{"start":{"line":47,"column":4},"end":{"line":50,"column":5}},"29":{"start":{"line":48,"column":6},"end":{"line":48,"column":31}},"30":{"start":{"line":49,"column":6},"end":{"line":49,"column":13}},"31":{"start":{"line":52,"column":28},"end":{"line":52,"column":51}},"32":{"start":{"line":54,"column":4},"end":{"line":56,"column":5}},"33":{"start":{"line":55,"column":6},"end":{"line":55,"column":41}},"34":{"start":{"line":57,"column":4},"end":{"line":57,"column":11}},"35":{"start":{"line":60,"column":25},"end":{"line":62,"column":3}},"36":{"start":{"line":61,"column":4},"end":{"line":61,"column":35}},"37":{"start":{"line":63,"column":21},"end":{"line":65,"column":3}},"38":{"start":{"line":64,"column":4},"end":{"line":64,"column":27}},"39":{"start":{"line":67,"column":2},"end":{"line":196,"column":4}},"40":{"start":{"line":199,"column":15},"end":{"line":248,"column":2}}},"fnMap":{"0":{"name":"StaffRegister","decl":{"start":{"line":8,"column":24},"end":{"line":8,"column":37}},"loc":{"start":{"line":8,"column":40},"end":{"line":197,"column":1}},"line":8},"1":{"name":"(anonymous_1)","decl":{"start":{"line":20,"column":23},"end":{"line":20,"column":24}},"loc":{"start":{"line":20,"column":35},"end":{"line":58,"column":3}},"line":20},"2":{"name":"(anonymous_2)","decl":{"start":{"line":60,"column":25},"end":{"line":60,"column":26}},"loc":{"start":{"line":60,"column":31},"end":{"line":62,"column":3}},"line":60},"3":{"name":"(anonymous_3)","decl":{"start":{"line":63,"column":21},"end":{"line":63,"column":22}},"loc":{"start":{"line":63,"column":27},"end":{"line":65,"column":3}},"line":63}},"branchMap":{"0":{"loc":{"start":{"line":22,"column":4},"end":{"line":25,"column":5}},"type":"if","locations":[{"start":{"line":22,"column":4},"end":{"line":25,"column":5}},{"start":{},"end":{}}],"line":22},"1":{"loc":{"start":{"line":26,"column":4},"end":{"line":29,"column":5}},"type":"if","locations":[{"start":{"line":26,"column":4},"end":{"line":29,"column":5}},{"start":{},"end":{}}],"line":26},"2":{"loc":{"start":{"line":30,"column":4},"end":{"line":33,"column":5}},"type":"if","locations":[{"start":{"line":30,"column":4},"end":{"line":33,"column":5}},{"start":{},"end":{}}],"line":30},"3":{"loc":{"start":{"line":34,"column":4},"end":{"line":37,"column":5}},"type":"if","locations":[{"start":{"line":34,"column":4},"end":{"line":37,"column":5}},{"start":{},"end":{}}],"line":34},"4":{"loc":{"start":{"line":38,"column":4},"end":{"line":41,"column":5}},"type":"if","locations":[{"start":{"line":38,"column":4},"end":{"line":41,"column":5}},{"start":{},"end":{}}],"line":38},"5":{"loc":{"start":{"line":47,"column":4},"end":{"line":50,"column":5}},"type":"if","locations":[{"start":{"line":47,"column":4},"end":{"line":50,"column":5}},{"start":{},"end":{}}],"line":47},"6":{"loc":{"start":{"line":54,"column":4},"end":{"line":56,"column":5}},"type":"if","locations":[{"start":{"line":54,"column":4},"end":{"line":56,"column":5}},{"start":{},"end":{}}],"line":54},"7":{"loc":{"start":{"line":85,"column":13},"end":{"line":85,"column":51}},"type":"binary-expr","locations":[{"start":{"line":85,"column":13},"end":{"line":85,"column":26}},{"start":{"line":85,"column":30},"end":{"line":85,"column":51}}],"line":85},"8":{"loc":{"start":{"line":157,"column":24},"end":{"line":157,"column":62}},"type":"cond-expr","locations":[{"start":{"line":157,"column":39},"end":{"line":157,"column":48}},{"start":{"line":157,"column":51},"end":{"line":157,"column":62}}],"line":157},"9":{"loc":{"start":{"line":175,"column":24},"end":{"line":175,"column":58}},"type":"cond-expr","locations":[{"start":{"line":175,"column":35},"end":{"line":175,"column":44}},{"start":{"line":175,"column":47},"end":{"line":175,"column":58}}],"line":175}},"s":{"0":0,"1":0,"2":0,"3":0,"4":0,"5":0,"6":0,"7":0,"8":0,"9":0,"10":0,"11":0,"12":0,"13":0,"14":0,"15":0,"16":0,"17":0,"18":0,"19":0,"20":0,"21":0,"22":0,"23":0,"24":0,"25":0,"26":0,"27":0,"28":0,"29":0,"30":0,"31":0,"32":0,"33":0,"34":0,"35":0,"36":0,"37":0,"38":0,"39":0,"40":0},"f":{"0":0,"1":0,"2":0,"3":0},"b":{"0":[0,0],"1":[0,0],"2":[0,0],"3":[0,0],"4":[0,0],"5":[0,0],"6":[0,0],"7":[0,0],"8":[0,0],"9":[0,0]}}
,"/Users/nicholasleong/Desktop/dev/OrbitalTeamGrape/app/(auth)/_layout.jsx": {"path":"/Users/nicholasleong/Desktop/dev/OrbitalTeamGrape/app/(auth)/_layout.jsx","statementMap":{"0":{"start":{"line":4,"column":2},"end":{"line":10,"column":4}}},"fnMap":{"0":{"name":"AuthLayout","decl":{"start":{"line":3,"column":24},"end":{"line":3,"column":34}},"loc":{"start":{"line":3,"column":37},"end":{"line":11,"column":1}},"line":3}},"branchMap":{},"s":{"0":0},"f":{"0":0},"b":{}}
,"/Users/nicholasleong/Desktop/dev/OrbitalTeamGrape/app/(auth)/temp.jsx": {"path":"/Users/nicholasleong/Desktop/dev/OrbitalTeamGrape/app/(auth)/temp.jsx","statementMap":{"0":{"start":{"line":5,"column":4},"end":{"line":10,"column":5}}},"fnMap":{"0":{"name":"Temp","decl":{"start":{"line":4,"column":24},"end":{"line":4,"column":28}},"loc":{"start":{"line":4,"column":31},"end":{"line":11,"column":1}},"line":4}},"branchMap":{},"s":{"0":0},"f":{"0":0},"b":{},"_coverageSchema":"1a1c01bbd47fc00a2c39e90264f33305004495a9","hash":"0a1021fdea16746345a403e9f5c25d3f929f56ae"}
,"/Users/nicholasleong/Desktop/dev/OrbitalTeamGrape/app/(home)/Contacts.jsx": {"path":"/Users/nicholasleong/Desktop/dev/OrbitalTeamGrape/app/(home)/Contacts.jsx","statementMap":{"0":{"start":{"line":12,"column":33},"end":{"line":15,"column":3}},"1":{"start":{"line":13,"column":16},"end":{"line":13,"column":36}},"2":{"start":{"line":14,"column":4},"end":{"line":14,"column":25}},"3":{"start":{"line":17,"column":2},"end":{"line":98,"column":4}},"4":{"start":{"line":33,"column":29},"end":{"line":33,"column":63}},"5":{"start":{"line":42,"column":29},"end":{"line":42,"column":63}},"6":{"start":{"line":51,"column":29},"end":{"line":51,"column":63}},"7":{"start":{"line":62,"column":29},"end":{"line":62,"column":63}},"8":{"start":{"line":74,"column":29},"end":{"line":74,"column":63}},"9":{"start":{"line":82,"column":29},"end":{"line":82,"column":63}},"10":{"start":{"line":90,"column":29},"end":{"line":90,"column":63}},"11":{"start":{"line":101,"column":15},"end":{"line":144,"column":2}}},"fnMap":{"0":{"name":"Contact","decl":{"start":{"line":11,"column":24},"end":{"line":11,"column":31}},"loc":{"start":{"line":11,"column":34},"end":{"line":99,"column":1}},"line":11},"1":{"name":"(anonymous_1)","decl":{"start":{"line":12,"column":33},"end":{"line":12,"column":34}},"loc":{"start":{"line":12,"column":50},"end":{"line":15,"column":3}},"line":12},"2":{"name":"(anonymous_2)","decl":{"start":{"line":33,"column":23},"end":{"line":33,"column":24}},"loc":{"start":{"line":33,"column":29},"end":{"line":33,"column":63}},"line":33},"3":{"name":"(anonymous_3)","decl":{"start":{"line":42,"column":23},"end":{"line":42,"column":24}},"loc":{"start":{"line":42,"column":29},"end":{"line":42,"column":63}},"line":42},"4":{"name":"(anonymous_4)","decl":{"start":{"line":51,"column":23},"end":{"line":51,"column":24}},"loc":{"start":{"line":51,"column":29},"end":{"line":51,"column":63}},"line":51},"5":{"name":"(anonymous_5)","decl":{"start":{"line":62,"column":23},"end":{"line":62,"column":24}},"loc":{"start":{"line":62,"column":29},"end":{"line":62,"column":63}},"line":62},"6":{"name":"(anonymous_6)","decl":{"start":{"line":74,"column":23},"end":{"line":74,"column":24}},"loc":{"start":{"line":74,"column":29},"end":{"line":74,"column":63}},"line":74},"7":{"name":"(anonymous_7)","decl":{"start":{"line":82,"column":23},"end":{"line":82,"column":24}},"loc":{"start":{"line":82,"column":29},"end":{"line":82,"column":63}},"line":82},"8":{"name":"(anonymous_8)","decl":{"start":{"line":90,"column":23},"end":{"line":90,"column":24}},"loc":{"start":{"line":90,"column":29},"end":{"line":90,"column":63}},"line":90}},"branchMap":{},"s":{"0":0,"1":0,"2":0,"3":0,"4":0,"5":0,"6":0,"7":0,"8":0,"9":0,"10":0,"11":0},"f":{"0":0,"1":0,"2":0,"3":0,"4":0,"5":0,"6":0,"7":0,"8":0},"b":{}}
,"/Users/nicholasleong/Desktop/dev/OrbitalTeamGrape/app/(home)/EventMap.jsx": {"path":"/Users/nicholasleong/Desktop/dev/OrbitalTeamGrape/app/(home)/EventMap.jsx","statementMap":{"0":{"start":{"line":9,"column":26},"end":{"line":9,"column":50}},"1":{"start":{"line":11,"column":20},"end":{"line":11,"column":41}},"2":{"start":{"line":12,"column":19},"end":{"line":12,"column":35}},"3":{"start":{"line":15,"column":42},"end":{"line":15,"column":54}},"4":{"start":{"line":16,"column":20},"end":{"line":16,"column":35}},"5":{"start":{"line":17,"column":52},"end":{"line":17,"column":63}},"6":{"start":{"line":18,"column":44},"end":{"line":18,"column":59}},"7":{"start":{"line":19,"column":42},"end":{"line":19,"column":57}},"8":{"start":{"line":20,"column":56},"end":{"line":20,"column":70}},"9":{"start":{"line":22,"column":30},"end":{"line":27,"column":4}},"10":{"start":{"line":28,"column":23},"end":{"line":36,"column":3}},"11":{"start":{"line":29,"column":4},"end":{"line":35,"column":5}},"12":{"start":{"line":30,"column":24},"end":{"line":30,"column":51}},"13":{"start":{"line":31,"column":6},"end":{"line":31,"column":33}},"14":{"start":{"line":32,"column":6},"end":{"line":32,"column":34}},"15":{"start":{"line":34,"column":6},"end":{"line":34,"column":54}},"16":{"start":{"line":38,"column":2},"end":{"line":42,"column":16}},"17":{"start":{"line":39,"column":4},"end":{"line":41,"column":5}},"18":{"start":{"line":40,"column":6},"end":{"line":40,"column":21}},"19":{"start":{"line":44,"column":2},"end":{"line":46,"column":9}},"20":{"start":{"line":45,"column":4},"end":{"line":45,"column":19}},"21":{"start":{"line":48,"column":23},"end":{"line":58,"column":3}},"22":{"start":{"line":49,"column":20},"end":{"line":49,"column":53}},"23":{"start":{"line":50,"column":18},"end":{"line":50,"column":50}},"24":{"start":{"line":52,"column":4},"end":{"line":57,"column":5}},"25":{"start":{"line":53,"column":6},"end":{"line":55,"column":7}},"26":{"start":{"line":54,"column":8},"end":{"line":54,"column":15}},"27":{"start":{"line":56,"column":6},"end":{"line":56,"column":34}},"28":{"start":{"line":60,"column":24},"end":{"line":60,"column":36}},"29":{"start":{"line":62,"column":28},"end":{"line":74,"column":3}},"30":{"start":{"line":63,"column":4},"end":{"line":63,"column":27}},"31":{"start":{"line":64,"column":6},"end":{"line":64,"column":34}},"32":{"start":{"line":65,"column":6},"end":{"line":65,"column":26}},"33":{"start":{"line":67,"column":4},"end":{"line":70,"column":7}},"34":{"start":{"line":71,"column":4},"end":{"line":73,"column":12}},"35":{"start":{"line":72,"column":6},"end":{"line":72,"column":30}},"36":{"start":{"line":76,"column":27},"end":{"line":79,"column":3}},"37":{"start":{"line":77,"column":4},"end":{"line":77,"column":35}},"38":{"start":{"line":78,"column":4},"end":{"line":78,"column":33}},"39":{"start":{"line":81,"column":23},"end":{"line":84,"column":3}},"40":{"start":{"line":82,"column":4},"end":{"line":82,"column":34}},"41":{"start":{"line":83,"column":4},"end":{"line":83,"column":35}},"42":{"start":{"line":86,"column":2},"end":{"line":212,"column":4}},"43":{"start":{"line":95,"column":12},"end":{"line":123,"column":14}},"44":{"start":{"line":104,"column":18},"end":{"line":104,"column":65}},"45":{"start":{"line":137,"column":12},"end":{"line":208,"column":14}},"46":{"start":{"line":162,"column":33},"end":{"line":162,"column":75}},"47":{"start":{"line":215,"column":15},"end":{"line":349,"column":2}}},"fnMap":{"0":{"name":"EventMap","decl":{"start":{"line":14,"column":24},"end":{"line":14,"column":32}},"loc":{"start":{"line":14,"column":35},"end":{"line":213,"column":1}},"line":14},"1":{"name":"(anonymous_1)","decl":{"start":{"line":28,"column":23},"end":{"line":28,"column":24}},"loc":{"start":{"line":28,"column":35},"end":{"line":36,"column":3}},"line":28},"2":{"name":"(anonymous_2)","decl":{"start":{"line":38,"column":12},"end":{"line":38,"column":13}},"loc":{"start":{"line":38,"column":18},"end":{"line":42,"column":3}},"line":38},"3":{"name":"(anonymous_3)","decl":{"start":{"line":44,"column":12},"end":{"line":44,"column":13}},"loc":{"start":{"line":44,"column":18},"end":{"line":46,"column":3}},"line":44},"4":{"name":"(anonymous_4)","decl":{"start":{"line":48,"column":23},"end":{"line":48,"column":24}},"loc":{"start":{"line":48,"column":34},"end":{"line":58,"column":3}},"line":48},"5":{"name":"(anonymous_5)","decl":{"start":{"line":62,"column":28},"end":{"line":62,"column":29}},"loc":{"start":{"line":62,"column":39},"end":{"line":74,"column":3}},"line":62},"6":{"name":"(anonymous_6)","decl":{"start":{"line":71,"column":15},"end":{"line":71,"column":16}},"loc":{"start":{"line":71,"column":21},"end":{"line":73,"column":5}},"line":71},"7":{"name":"(anonymous_7)","decl":{"start":{"line":76,"column":27},"end":{"line":76,"column":28}},"loc":{"start":{"line":76,"column":33},"end":{"line":79,"column":3}},"line":76},"8":{"name":"(anonymous_8)","decl":{"start":{"line":81,"column":23},"end":{"line":81,"column":24}},"loc":{"start":{"line":81,"column":34},"end":{"line":84,"column":3}},"line":81},"9":{"name":"(anonymous_9)","decl":{"start":{"line":94,"column":26},"end":{"line":94,"column":27}},"loc":{"start":{"line":94,"column":38},"end":{"line":124,"column":11}},"line":94},"10":{"name":"(anonymous_10)","decl":{"start":{"line":103,"column":25},"end":{"line":103,"column":26}},"loc":{"start":{"line":104,"column":18},"end":{"line":104,"column":65}},"line":104},"11":{"name":"(anonymous_11)","decl":{"start":{"line":136,"column":26},"end":{"line":136,"column":27}},"loc":{"start":{"line":136,"column":38},"end":{"line":209,"column":11}},"line":136},"12":{"name":"(anonymous_12)","decl":{"start":{"line":162,"column":27},"end":{"line":162,"column":28}},"loc":{"start":{"line":162,"column":33},"end":{"line":162,"column":75}},"line":162}},"branchMap":{"0":{"loc":{"start":{"line":39,"column":4},"end":{"line":41,"column":5}},"type":"if","locations":[{"start":{"line":39,"column":4},"end":{"line":41,"column":5}},{"start":{},"end":{}}],"line":39},"1":{"loc":{"start":{"line":52,"column":4},"end":{"line":57,"column":5}},"type":"if","locations":[{"start":{"line":52,"column":4},"end":{"line":57,"column":5}},{"start":{},"end":{}}],"line":52},"2":{"loc":{"start":{"line":53,"column":6},"end":{"line":55,"column":7}},"type":"if","locations":[{"start":{"line":53,"column":6},"end":{"line":55,"column":7}},{"start":{},"end":{}}],"line":53},"3":{"loc":{"start":{"line":53,"column":10},"end":{"line":53,"column":51}},"type":"binary-expr","locations":[{"start":{"line":53,"column":10},"end":{"line":53,"column":38}},{"start":{"line":53,"column":42},"end":{"line":53,"column":51}}],"line":53},"4":{"loc":{"start":{"line":110,"column":20},"end":{"line":114,"column":21}},"type":"binary-expr","locations":[{"start":{"line":110,"column":20},"end":{"line":111,"column":50}},{"start":{"line":111,"column":54},"end":{"line":114,"column":21}}],"line":110},"5":{"loc":{"start":{"line":115,"column":20},"end":{"line":119,"column":21}},"type":"binary-expr","locations":[{"start":{"line":115,"column":20},"end":{"line":116,"column":50}},{"start":{"line":116,"column":54},"end":{"line":119,"column":21}}],"line":115},"6":{"loc":{"start":{"line":142,"column":18},"end":{"line":143,"column":39}},"type":"binary-expr","locations":[{"start":{"line":142,"column":18},"end":{"line":142,"column":68}},{"start":{"line":143,"column":20},"end":{"line":143,"column":39}}],"line":142},"7":{"loc":{"start":{"line":169,"column":21},"end":{"line":196,"column":21}},"type":"binary-expr","locations":[{"start":{"line":169,"column":21},"end":{"line":169,"column":48}},{"start":{"line":170,"column":22},"end":{"line":195,"column":29}}],"line":169}},"s":{"0":0,"1":0,"2":0,"3":0,"4":0,"5":0,"6":0,"7":0,"8":0,"9":0,"10":0,"11":0,"12":0,"13":0,"14":0,"15":0,"16":0,"17":0,"18":0,"19":0,"20":0,"21":0,"22":0,"23":0,"24":0,"25":0,"26":0,"27":0,"28":0,"29":0,"30":0,"31":0,"32":0,"33":0,"34":0,"35":0,"36":0,"37":0,"38":0,"39":0,"40":0,"41":0,"42":0,"43":0,"44":0,"45":0,"46":0,"47":0},"f":{"0":0,"1":0,"2":0,"3":0,"4":0,"5":0,"6":0,"7":0,"8":0,"9":0,"10":0,"11":0,"12":0},"b":{"0":[0,0],"1":[0,0],"2":[0,0],"3":[0,0],"4":[0,0],"5":[0,0],"6":[0,0],"7":[0,0]}}
,"/Users/nicholasleong/Desktop/dev/OrbitalTeamGrape/app/(home)/IncidentForm.jsx": {"path":"/Users/nicholasleong/Desktop/dev/OrbitalTeamGrape/app/(home)/IncidentForm.jsx","statementMap":{"0":{"start":{"line":17,"column":32},"end":{"line":17,"column":47}},"1":{"start":{"line":18,"column":30},"end":{"line":18,"column":42}},"2":{"start":{"line":19,"column":58},"end":{"line":19,"column":73}},"3":{"start":{"line":21,"column":34},"end":{"line":21,"column":60}},"4":{"start":{"line":22,"column":26},"end":{"line":22,"column":41}},"5":{"start":{"line":23,"column":44},"end":{"line":30,"column":4}},"6":{"start":{"line":32,"column":30},"end":{"line":32,"column":42}},"7":{"start":{"line":34,"column":32},"end":{"line":34,"column":58}},"8":{"start":{"line":35,"column":28},"end":{"line":35,"column":43}},"9":{"start":{"line":36,"column":42},"end":{"line":41,"column":4}},"10":{"start":{"line":43,"column":34},"end":{"line":43,"column":46}},"11":{"start":{"line":45,"column":32},"end":{"line":45,"column":44}},"12":{"start":{"line":47,"column":44},"end":{"line":47,"column":59}},"13":{"start":{"line":49,"column":21},"end":{"line":49,"column":36}},"14":{"start":{"line":51,"column":21},"end":{"line":80,"column":3}},"15":{"start":{"line":52,"column":4},"end":{"line":62,"column":5}},"16":{"start":{"line":60,"column":6},"end":{"line":60,"column":35}},"17":{"start":{"line":61,"column":6},"end":{"line":61,"column":13}},"18":{"start":{"line":63,"column":4},"end":{"line":78,"column":7}},"19":{"start":{"line":67,"column":10},"end":{"line":67,"column":39}},"20":{"start":{"line":68,"column":10},"end":{"line":68,"column":40}},"21":{"start":{"line":69,"column":10},"end":{"line":69,"column":24}},"22":{"start":{"line":70,"column":10},"end":{"line":70,"column":39}},"23":{"start":{"line":71,"column":10},"end":{"line":71,"column":26}},"24":{"start":{"line":72,"column":10},"end":{"line":72,"column":25}},"25":{"start":{"line":73,"column":10},"end":{"line":73,"column":24}},"26":{"start":{"line":74,"column":10},"end":{"line":74,"column":25}},"27":{"start":{"line":79,"column":4},"end":{"line":79,"column":11}},"28":{"start":{"line":83,"column":20},"end":{"line":94,"column":3}},"29":{"start":{"line":84,"column":17},"end":{"line":89,"column":6}},"30":{"start":{"line":91,"column":4},"end":{"line":93,"column":5}},"31":{"start":{"line":92,"column":6},"end":{"line":92,"column":37}},"32":{"start":{"line":97,"column":40},"end":{"line":97,"column":54}},"33":{"start":{"line":98,"column":40},"end":{"line":98,"column":55}},"34":{"start":{"line":99,"column":28},"end":{"line":99,"column":42}},"35":{"start":{"line":100,"column":28},"end":{"line":100,"column":68}},"36":{"start":{"line":101,"column":20},"end":{"line":101,"column":32}},"37":{"start":{"line":103,"column":2},"end":{"line":108,"column":9}},"38":{"start":{"line":104,"column":4},"end":{"line":107,"column":9}},"39":{"start":{"line":105,"column":27},"end":{"line":105,"column":71}},"40":{"start":{"line":106,"column":6},"end":{"line":106,"column":56}},"41":{"start":{"line":110,"column":2},"end":{"line":117,"column":3}},"42":{"start":{"line":111,"column":4},"end":{"line":116,"column":6}},"43":{"start":{"line":119,"column":23},"end":{"line":122,"column":3}},"44":{"start":{"line":120,"column":4},"end":{"line":120,"column":25}},"45":{"start":{"line":121,"column":4},"end":{"line":121,"column":24}},"46":{"start":{"line":124,"column":22},"end":{"line":135,"column":3}},"47":{"start":{"line":125,"column":4},"end":{"line":134,"column":5}},"48":{"start":{"line":126,"column":6},"end":{"line":133,"column":7}},"49":{"start":{"line":127,"column":21},"end":{"line":127,"column":63}},"50":{"start":{"line":128,"column":8},"end":{"line":128,"column":28}},"51":{"start":{"line":129,"column":8},"end":{"line":129,"column":26}},"52":{"start":{"line":130,"column":8},"end":{"line":130,"column":27}},"53":{"start":{"line":132,"column":8},"end":{"line":132,"column":27}},"54":{"start":{"line":137,"column":23},"end":{"line":158,"column":3}},"55":{"start":{"line":138,"column":4},"end":{"line":157,"column":5}},"56":{"start":{"line":139,"column":21},"end":{"line":139,"column":35}},"57":{"start":{"line":140,"column":18},"end":{"line":140,"column":61}},"58":{"start":{"line":141,"column":23},"end":{"line":141,"column":52}},"59":{"start":{"line":142,"column":6},"end":{"line":146,"column":9}},"60":{"start":{"line":148,"column":24},"end":{"line":148,"column":79}},"61":{"start":{"line":149,"column":31},"end":{"line":149,"column":76}},"62":{"start":{"line":151,"column":6},"end":{"line":151,"column":48}},"63":{"start":{"line":151,"column":17},"end":{"line":151,"column":48}},"64":{"start":{"line":152,"column":6},"end":{"line":152,"column":49}},"65":{"start":{"line":152,"column":18},"end":{"line":152,"column":49}},"66":{"start":{"line":154,"column":6},"end":{"line":154,"column":28}},"67":{"start":{"line":156,"column":6},"end":{"line":156,"column":21}},"68":{"start":{"line":161,"column":29},"end":{"line":163,"column":3}},"69":{"start":{"line":162,"column":4},"end":{"line":162,"column":38}},"70":{"start":{"line":165,"column":23},"end":{"line":225,"column":3}},"71":{"start":{"line":166,"column":4},"end":{"line":169,"column":5}},"72":{"start":{"line":167,"column":6},"end":{"line":167,"column":42}},"73":{"start":{"line":168,"column":6},"end":{"line":168,"column":13}},"74":{"start":{"line":170,"column":4},"end":{"line":173,"column":5}},"75":{"start":{"line":171,"column":6},"end":{"line":171,"column":45}},"76":{"start":{"line":172,"column":6},"end":{"line":172,"column":13}},"77":{"start":{"line":174,"column":4},"end":{"line":177,"column":5}},"78":{"start":{"line":175,"column":6},"end":{"line":175,"column":47}},"79":{"start":{"line":176,"column":6},"end":{"line":176,"column":13}},"80":{"start":{"line":178,"column":4},"end":{"line":181,"column":5}},"81":{"start":{"line":179,"column":6},"end":{"line":179,"column":37}},"82":{"start":{"line":180,"column":6},"end":{"line":180,"column":13}},"83":{"start":{"line":183,"column":4},"end":{"line":186,"column":5}},"84":{"start":{"line":184,"column":6},"end":{"line":184,"column":59}},"85":{"start":{"line":185,"column":6},"end":{"line":185,"column":13}},"86":{"start":{"line":188,"column":4},"end":{"line":188,"column":21}},"87":{"start":{"line":189,"column":4},"end":{"line":189,"column":27}},"88":{"start":{"line":191,"column":17},"end":{"line":191,"column":37}},"89":{"start":{"line":193,"column":21},"end":{"line":199,"column":5}},"90":{"start":{"line":202,"column":18},"end":{"line":202,"column":66}},"91":{"start":{"line":203,"column":4},"end":{"line":203,"column":23}},"92":{"start":{"line":204,"column":4},"end":{"line":215,"column":5}},"93":{"start":{"line":205,"column":6},"end":{"line":209,"column":8}},"94":{"start":{"line":208,"column":38},"end":{"line":208,"column":63}},"95":{"start":{"line":211,"column":6},"end":{"line":213,"column":9}},"96":{"start":{"line":212,"column":37},"end":{"line":212,"column":69}},"97":{"start":{"line":214,"column":6},"end":{"line":214,"column":13}},"98":{"start":{"line":216,"column":4},"end":{"line":216,"column":34}},"99":{"start":{"line":217,"column":4},"end":{"line":217,"column":18}},"100":{"start":{"line":218,"column":4},"end":{"line":218,"column":33}},"101":{"start":{"line":219,"column":4},"end":{"line":219,"column":20}},"102":{"start":{"line":220,"column":4},"end":{"line":220,"column":19}},"103":{"start":{"line":221,"column":4},"end":{"line":221,"column":19}},"104":{"start":{"line":222,"column":4},"end":{"line":222,"column":18}},"105":{"start":{"line":223,"column":4},"end":{"line":223,"column":28}},"106":{"start":{"line":224,"column":4},"end":{"line":224,"column":22}},"107":{"start":{"line":227,"column":2},"end":{"line":502,"column":4}},"108":{"start":{"line":243,"column":29},"end":{"line":243,"column":50}},"109":{"start":{"line":277,"column":29},"end":{"line":277,"column":45}},"110":{"start":{"line":309,"column":31},"end":{"line":309,"column":45}},"111":{"start":{"line":325,"column":31},"end":{"line":325,"column":52}},"112":{"start":{"line":368,"column":20},"end":{"line":368,"column":62}},"113":{"start":{"line":381,"column":20},"end":{"line":386,"column":21}},"114":{"start":{"line":383,"column":22},"end":{"line":383,"column":36}},"115":{"start":{"line":385,"column":22},"end":{"line":385,"column":38}},"116":{"start":{"line":416,"column":20},"end":{"line":421,"column":21}},"117":{"start":{"line":418,"column":22},"end":{"line":418,"column":38}},"118":{"start":{"line":420,"column":22},"end":{"line":420,"column":40}},"119":{"start":{"line":436,"column":20},"end":{"line":441,"column":21}},"120":{"start":{"line":438,"column":22},"end":{"line":438,"column":37}},"121":{"start":{"line":440,"column":22},"end":{"line":440,"column":39}},"122":{"start":{"line":505,"column":15},"end":{"line":608,"column":2}}},"fnMap":{"0":{"name":"IncidentForm","decl":{"start":{"line":16,"column":24},"end":{"line":16,"column":36}},"loc":{"start":{"line":16,"column":39},"end":{"line":503,"column":1}},"line":16},"1":{"name":"(anonymous_1)","decl":{"start":{"line":51,"column":21},"end":{"line":51,"column":22}},"loc":{"start":{"line":51,"column":27},"end":{"line":80,"column":3}},"line":51},"2":{"name":"(anonymous_2)","decl":{"start":{"line":66,"column":17},"end":{"line":66,"column":18}},"loc":{"start":{"line":66,"column":23},"end":{"line":75,"column":9}},"line":66},"3":{"name":"(anonymous_3)","decl":{"start":{"line":83,"column":20},"end":{"line":83,"column":21}},"loc":{"start":{"line":83,"column":32},"end":{"line":94,"column":3}},"line":83},"4":{"name":"(anonymous_4)","decl":{"start":{"line":103,"column":12},"end":{"line":103,"column":13}},"loc":{"start":{"line":103,"column":18},"end":{"line":108,"column":3}},"line":103},"5":{"name":"(anonymous_5)","decl":{"start":{"line":104,"column":5},"end":{"line":104,"column":6}},"loc":{"start":{"line":104,"column":17},"end":{"line":107,"column":5}},"line":104},"6":{"name":"(anonymous_6)","decl":{"start":{"line":119,"column":23},"end":{"line":119,"column":24}},"loc":{"start":{"line":119,"column":29},"end":{"line":122,"column":3}},"line":119},"7":{"name":"(anonymous_7)","decl":{"start":{"line":124,"column":22},"end":{"line":124,"column":23}},"loc":{"start":{"line":124,"column":34},"end":{"line":135,"column":3}},"line":124},"8":{"name":"(anonymous_8)","decl":{"start":{"line":137,"column":23},"end":{"line":137,"column":24}},"loc":{"start":{"line":137,"column":35},"end":{"line":158,"column":3}},"line":137},"9":{"name":"(anonymous_9)","decl":{"start":{"line":161,"column":29},"end":{"line":161,"column":30}},"loc":{"start":{"line":161,"column":35},"end":{"line":163,"column":3}},"line":161},"10":{"name":"(anonymous_10)","decl":{"start":{"line":165,"column":23},"end":{"line":165,"column":24}},"loc":{"start":{"line":165,"column":35},"end":{"line":225,"column":3}},"line":165},"11":{"name":"(anonymous_11)","decl":{"start":{"line":208,"column":32},"end":{"line":208,"column":33}},"loc":{"start":{"line":208,"column":38},"end":{"line":208,"column":63}},"line":208},"12":{"name":"(anonymous_12)","decl":{"start":{"line":212,"column":31},"end":{"line":212,"column":32}},"loc":{"start":{"line":212,"column":37},"end":{"line":212,"column":69}},"line":212},"13":{"name":"(anonymous_13)","decl":{"start":{"line":243,"column":23},"end":{"line":243,"column":24}},"loc":{"start":{"line":243,"column":29},"end":{"line":243,"column":50}},"line":243},"14":{"name":"(anonymous_14)","decl":{"start":{"line":277,"column":23},"end":{"line":277,"column":24}},"loc":{"start":{"line":277,"column":29},"end":{"line":277,"column":45}},"line":277},"15":{"name":"(anonymous_15)","decl":{"start":{"line":309,"column":25},"end":{"line":309,"column":26}},"loc":{"start":{"line":309,"column":31},"end":{"line":309,"column":45}},"line":309},"16":{"name":"(anonymous_16)","decl":{"start":{"line":325,"column":25},"end":{"line":325,"column":26}},"loc":{"start":{"line":325,"column":31},"end":{"line":325,"column":52}},"line":325},"17":{"name":"(anonymous_17)","decl":{"start":{"line":367,"column":33},"end":{"line":367,"column":34}},"loc":{"start":{"line":368,"column":20},"end":{"line":368,"column":62}},"line":368},"18":{"name":"(anonymous_18)","decl":{"start":{"line":380,"column":32},"end":{"line":380,"column":33}},"loc":{"start":{"line":380,"column":42},"end":{"line":387,"column":19}},"line":380},"19":{"name":"(anonymous_19)","decl":{"start":{"line":415,"column":32},"end":{"line":415,"column":33}},"loc":{"start":{"line":415,"column":42},"end":{"line":422,"column":19}},"line":415},"20":{"name":"(anonymous_20)","decl":{"start":{"line":435,"column":32},"end":{"line":435,"column":33}},"loc":{"start":{"line":435,"column":42},"end":{"line":442,"column":19}},"line":435}},"branchMap":{"0":{"loc":{"start":{"line":52,"column":4},"end":{"line":62,"column":5}},"type":"if","locations":[{"start":{"line":52,"column":4},"end":{"line":62,"column":5}},{"start":{},"end":{}}],"line":52},"1":{"loc":{"start":{"line":53,"column":6},"end":{"line":58,"column":19}},"type":"binary-expr","locations":[{"start":{"line":53,"column":6},"end":{"line":53,"column":34}},{"start":{"line":54,"column":6},"end":{"line":54,"column":18}},{"start":{"line":55,"column":6},"end":{"line":55,"column":33}},{"start":{"line":56,"column":6},"end":{"line":56,"column":20}},{"start":{"line":57,"column":6},"end":{"line":57,"column":19}},{"start":{"line":58,"column":6},"end":{"line":58,"column":19}}],"line":53},"2":{"loc":{"start":{"line":91,"column":4},"end":{"line":93,"column":5}},"type":"if","locations":[{"start":{"line":91,"column":4},"end":{"line":93,"column":5}},{"start":{},"end":{}}],"line":91},"3":{"loc":{"start":{"line":110,"column":2},"end":{"line":117,"column":3}},"type":"if","locations":[{"start":{"line":110,"column":2},"end":{"line":117,"column":3}},{"start":{},"end":{}}],"line":110},"4":{"loc":{"start":{"line":125,"column":4},"end":{"line":134,"column":5}},"type":"if","locations":[{"start":{"line":125,"column":4},"end":{"line":134,"column":5}},{"start":{},"end":{}}],"line":125},"5":{"loc":{"start":{"line":151,"column":6},"end":{"line":151,"column":48}},"type":"if","locations":[{"start":{"line":151,"column":6},"end":{"line":151,"column":48}},{"start":{},"end":{}}],"line":151},"6":{"loc":{"start":{"line":152,"column":6},"end":{"line":152,"column":49}},"type":"if","locations":[{"start":{"line":152,"column":6},"end":{"line":152,"column":49}},{"start":{},"end":{}}],"line":152},"7":{"loc":{"start":{"line":162,"column":11},"end":{"line":162,"column":37}},"type":"cond-expr","locations":[{"start":{"line":162,"column":20},"end":{"line":162,"column":26}},{"start":{"line":162,"column":29},"end":{"line":162,"column":37}}],"line":162},"8":{"loc":{"start":{"line":166,"column":4},"end":{"line":169,"column":5}},"type":"if","locations":[{"start":{"line":166,"column":4},"end":{"line":169,"column":5}},{"start":{},"end":{}}],"line":166},"9":{"loc":{"start":{"line":170,"column":4},"end":{"line":173,"column":5}},"type":"if","locations":[{"start":{"line":170,"column":4},"end":{"line":173,"column":5}},{"start":{},"end":{}}],"line":170},"10":{"loc":{"start":{"line":170,"column":8},"end":{"line":170,"column":44}},"type":"binary-expr","locations":[{"start":{"line":170,"column":8},"end":{"line":170,"column":28}},{"start":{"line":170,"column":32},"end":{"line":170,"column":44}}],"line":170},"11":{"loc":{"start":{"line":174,"column":4},"end":{"line":177,"column":5}},"type":"if","locations":[{"start":{"line":174,"column":4},"end":{"line":177,"column":5}},{"start":{},"end":{}}],"line":174},"12":{"loc":{"start":{"line":178,"column":4},"end":{"line":181,"column":5}},"type":"if","locations":[{"start":{"line":178,"column":4},"end":{"line":181,"column":5}},{"start":{},"end":{}}],"line":178},"13":{"loc":{"start":{"line":183,"column":4},"end":{"line":186,"column":5}},"type":"if","locations":[{"start":{"line":183,"column":4},"end":{"line":186,"column":5}},{"start":{},"end":{}}],"line":183},"14":{"loc":{"start":{"line":204,"column":4},"end":{"line":215,"column":5}},"type":"if","locations":[{"start":{"line":204,"column":4},"end":{"line":215,"column":5}},{"start":{"line":210,"column":11},"end":{"line":215,"column":5}}],"line":204},"15":{"loc":{"start":{"line":229,"column":7},"end":{"line":500,"column":7}},"type":"cond-expr","locations":[{"start":{"line":230,"column":8},"end":{"line":286,"column":17}},{"start":{"line":287,"column":10},"end":{"line":500,"column":7}}],"line":229},"16":{"loc":{"start":{"line":229,"column":7},"end":{"line":229,"column":28}},"type":"binary-expr","locations":[{"start":{"line":229,"column":7},"end":{"line":229,"column":18}},{"start":{"line":229,"column":22},"end":{"line":229,"column":28}}],"line":229},"17":{"loc":{"start":{"line":272,"column":33},"end":{"line":272,"column":63}},"type":"cond-expr","locations":[{"start":{"line":272,"column":41},"end":{"line":272,"column":47}},{"start":{"line":272,"column":50},"end":{"line":272,"column":63}}],"line":272},"18":{"loc":{"start":{"line":281,"column":24},"end":{"line":281,"column":64}},"type":"cond-expr","locations":[{"start":{"line":281,"column":32},"end":{"line":281,"column":43}},{"start":{"line":281,"column":46},"end":{"line":281,"column":64}}],"line":281},"19":{"loc":{"start":{"line":287,"column":10},"end":{"line":500,"column":7}},"type":"cond-expr","locations":[{"start":{"line":288,"column":8},"end":{"line":332,"column":15}},{"start":{"line":334,"column":8},"end":{"line":499,"column":15}}],"line":287},"20":{"loc":{"start":{"line":287,"column":10},"end":{"line":287,"column":30}},"type":"binary-expr","locations":[{"start":{"line":287,"column":10},"end":{"line":287,"column":21}},{"start":{"line":287,"column":25},"end":{"line":287,"column":30}}],"line":287},"21":{"loc":{"start":{"line":381,"column":20},"end":{"line":386,"column":21}},"type":"if","locations":[{"start":{"line":381,"column":20},"end":{"line":386,"column":21}},{"start":{"line":384,"column":27},"end":{"line":386,"column":21}}],"line":381},"22":{"loc":{"start":{"line":416,"column":20},"end":{"line":421,"column":21}},"type":"if","locations":[{"start":{"line":416,"column":20},"end":{"line":421,"column":21}},{"start":{"line":419,"column":27},"end":{"line":421,"column":21}}],"line":416},"23":{"loc":{"start":{"line":436,"column":20},"end":{"line":441,"column":21}},"type":"if","locations":[{"start":{"line":436,"column":20},"end":{"line":441,"column":21}},{"start":{"line":439,"column":27},"end":{"line":441,"column":21}}],"line":436},"24":{"loc":{"start":{"line":462,"column":23},"end":{"line":462,"column":70}},"type":"cond-expr","locations":[{"start":{"line":462,"column":39},"end":{"line":462,"column":55}},{"start":{"line":462,"column":58},"end":{"line":462,"column":70}}],"line":462},"25":{"loc":{"start":{"line":466,"column":19},"end":{"line":476,"column":19}},"type":"binary-expr","locations":[{"start":{"line":466,"column":19},"end":{"line":466,"column":32}},{"start":{"line":467,"column":20},"end":{"line":475,"column":27}}],"line":466},"26":{"loc":{"start":{"line":483,"column":19},"end":{"line":483,"column":57}},"type":"binary-expr","locations":[{"start":{"line":483,"column":19},"end":{"line":483,"column":32}},{"start":{"line":483,"column":36},"end":{"line":483,"column":57}}],"line":483}},"s":{"0":0,"1":0,"2":0,"3":0,"4":0,"5":0,"6":0,"7":0,"8":0,"9":0,"10":0,"11":0,"12":0,"13":0,"14":0,"15":0,"16":0,"17":0,"18":0,"19":0,"20":0,"21":0,"22":0,"23":0,"24":0,"25":0,"26":0,"27":0,"28":0,"29":0,"30":0,"31":0,"32":0,"33":0,"34":0,"35":0,"36":0,"37":0,"38":0,"39":0,"40":0,"41":0,"42":0,"43":0,"44":0,"45":0,"46":0,"47":0,"48":0,"49":0,"50":0,"51":0,"52":0,"53":0,"54":0,"55":0,"56":0,"57":0,"58":0,"59":0,"60":0,"61":0,"62":0,"63":0,"64":0,"65":0,"66":0,"67":0,"68":0,"69":0,"70":0,"71":0,"72":0,"73":0,"74":0,"75":0,"76":0,"77":0,"78":0,"79":0,"80":0,"81":0,"82":0,"83":0,"84":0,"85":0,"86":0,"87":0,"88":0,"89":0,"90":0,"91":0,"92":0,"93":0,"94":0,"95":0,"96":0,"97":0,"98":0,"99":0,"100":0,"101":0,"102":0,"103":0,"104":0,"105":0,"106":0,"107":0,"108":0,"109":0,"110":0,"111":0,"112":0,"113":0,"114":0,"115":0,"116":0,"117":0,"118":0,"119":0,"120":0,"121":0,"122":0},"f":{"0":0,"1":0,"2":0,"3":0,"4":0,"5":0,"6":0,"7":0,"8":0,"9":0,"10":0,"11":0,"12":0,"13":0,"14":0,"15":0,"16":0,"17":0,"18":0,"19":0,"20":0},"b":{"0":[0,0],"1":[0,0,0,0,0,0],"2":[0,0],"3":[0,0],"4":[0,0],"5":[0,0],"6":[0,0],"7":[0,0],"8":[0,0],"9":[0,0],"10":[0,0],"11":[0,0],"12":[0,0],"13":[0,0],"14":[0,0],"15":[0,0],"16":[0,0],"17":[0,0],"18":[0,0],"19":[0,0],"20":[0,0],"21":[0,0],"22":[0,0],"23":[0,0],"24":[0,0],"25":[0,0],"26":[0,0]}}
,"/Users/nicholasleong/Desktop/dev/OrbitalTeamGrape/app/(home)/InfrastructureForm.jsx": {"path":"/Users/nicholasleong/Desktop/dev/OrbitalTeamGrape/app/(home)/InfrastructureForm.jsx","statementMap":{"0":{"start":{"line":17,"column":32},"end":{"line":17,"column":47}},"1":{"start":{"line":18,"column":30},"end":{"line":18,"column":42}},"2":{"start":{"line":19,"column":58},"end":{"line":19,"column":73}},"3":{"start":{"line":22,"column":34},"end":{"line":22,"column":60}},"4":{"start":{"line":23,"column":26},"end":{"line":23,"column":41}},"5":{"start":{"line":24,"column":48},"end":{"line":31,"column":4}},"6":{"start":{"line":33,"column":30},"end":{"line":33,"column":42}},"7":{"start":{"line":35,"column":34},"end":{"line":35,"column":46}},"8":{"start":{"line":37,"column":32},"end":{"line":37,"column":44}},"9":{"start":{"line":39,"column":44},"end":{"line":39,"column":59}},"10":{"start":{"line":42,"column":29},"end":{"line":44,"column":3}},"11":{"start":{"line":43,"column":4},"end":{"line":43,"column":38}},"12":{"start":{"line":45,"column":21},"end":{"line":45,"column":36}},"13":{"start":{"line":47,"column":21},"end":{"line":74,"column":3}},"14":{"start":{"line":48,"column":4},"end":{"line":57,"column":5}},"15":{"start":{"line":55,"column":6},"end":{"line":55,"column":35}},"16":{"start":{"line":56,"column":6},"end":{"line":56,"column":13}},"17":{"start":{"line":58,"column":4},"end":{"line":72,"column":7}},"18":{"start":{"line":62,"column":10},"end":{"line":62,"column":39}},"19":{"start":{"line":63,"column":10},"end":{"line":63,"column":40}},"20":{"start":{"line":64,"column":10},"end":{"line":64,"column":24}},"21":{"start":{"line":65,"column":10},"end":{"line":65,"column":26}},"22":{"start":{"line":66,"column":10},"end":{"line":66,"column":25}},"23":{"start":{"line":67,"column":10},"end":{"line":67,"column":24}},"24":{"start":{"line":68,"column":10},"end":{"line":68,"column":25}},"25":{"start":{"line":73,"column":4},"end":{"line":73,"column":11}},"26":{"start":{"line":77,"column":20},"end":{"line":88,"column":3}},"27":{"start":{"line":78,"column":17},"end":{"line":83,"column":6}},"28":{"start":{"line":85,"column":4},"end":{"line":87,"column":5}},"29":{"start":{"line":86,"column":6},"end":{"line":86,"column":37}},"30":{"start":{"line":91,"column":40},"end":{"line":91,"column":54}},"31":{"start":{"line":92,"column":40},"end":{"line":92,"column":55}},"32":{"start":{"line":93,"column":28},"end":{"line":93,"column":42}},"33":{"start":{"line":94,"column":28},"end":{"line":94,"column":68}},"34":{"start":{"line":95,"column":20},"end":{"line":95,"column":32}},"35":{"start":{"line":97,"column":2},"end":{"line":102,"column":9}},"36":{"start":{"line":98,"column":4},"end":{"line":101,"column":9}},"37":{"start":{"line":99,"column":27},"end":{"line":99,"column":71}},"38":{"start":{"line":100,"column":6},"end":{"line":100,"column":56}},"39":{"start":{"line":104,"column":2},"end":{"line":113,"column":3}},"40":{"start":{"line":105,"column":4},"end":{"line":112,"column":6}},"41":{"start":{"line":115,"column":23},"end":{"line":118,"column":3}},"42":{"start":{"line":116,"column":4},"end":{"line":116,"column":25}},"43":{"start":{"line":117,"column":4},"end":{"line":117,"column":24}},"44":{"start":{"line":120,"column":22},"end":{"line":131,"column":3}},"45":{"start":{"line":121,"column":4},"end":{"line":130,"column":5}},"46":{"start":{"line":122,"column":6},"end":{"line":129,"column":7}},"47":{"start":{"line":123,"column":21},"end":{"line":123,"column":63}},"48":{"start":{"line":124,"column":8},"end":{"line":124,"column":28}},"49":{"start":{"line":125,"column":8},"end":{"line":125,"column":26}},"50":{"start":{"line":126,"column":8},"end":{"line":126,"column":27}},"51":{"start":{"line":128,"column":8},"end":{"line":128,"column":27}},"52":{"start":{"line":133,"column":23},"end":{"line":154,"column":3}},"53":{"start":{"line":134,"column":4},"end":{"line":153,"column":5}},"54":{"start":{"line":135,"column":21},"end":{"line":135,"column":35}},"55":{"start":{"line":136,"column":18},"end":{"line":136,"column":61}},"56":{"start":{"line":137,"column":23},"end":{"line":137,"column":52}},"57":{"start":{"line":138,"column":6},"end":{"line":142,"column":9}},"58":{"start":{"line":144,"column":24},"end":{"line":144,"column":76}},"59":{"start":{"line":145,"column":31},"end":{"line":145,"column":73}},"60":{"start":{"line":147,"column":6},"end":{"line":147,"column":48}},"61":{"start":{"line":147,"column":17},"end":{"line":147,"column":48}},"62":{"start":{"line":148,"column":6},"end":{"line":148,"column":49}},"63":{"start":{"line":148,"column":18},"end":{"line":148,"column":49}},"64":{"start":{"line":150,"column":6},"end":{"line":150,"column":28}},"65":{"start":{"line":152,"column":6},"end":{"line":152,"column":21}},"66":{"start":{"line":156,"column":23},"end":{"line":210,"column":3}},"67":{"start":{"line":157,"column":4},"end":{"line":160,"column":5}},"68":{"start":{"line":158,"column":6},"end":{"line":158,"column":42}},"69":{"start":{"line":159,"column":6},"end":{"line":159,"column":13}},"70":{"start":{"line":161,"column":4},"end":{"line":164,"column":5}},"71":{"start":{"line":162,"column":6},"end":{"line":162,"column":45}},"72":{"start":{"line":163,"column":6},"end":{"line":163,"column":13}},"73":{"start":{"line":165,"column":4},"end":{"line":168,"column":5}},"74":{"start":{"line":166,"column":6},"end":{"line":166,"column":37}},"75":{"start":{"line":167,"column":6},"end":{"line":167,"column":13}},"76":{"start":{"line":170,"column":4},"end":{"line":173,"column":5}},"77":{"start":{"line":171,"column":6},"end":{"line":171,"column":59}},"78":{"start":{"line":172,"column":6},"end":{"line":172,"column":13}},"79":{"start":{"line":175,"column":4},"end":{"line":175,"column":21}},"80":{"start":{"line":176,"column":4},"end":{"line":176,"column":27}},"81":{"start":{"line":178,"column":17},"end":{"line":178,"column":37}},"82":{"start":{"line":180,"column":21},"end":{"line":185,"column":5}},"83":{"start":{"line":188,"column":18},"end":{"line":188,"column":63}},"84":{"start":{"line":189,"column":4},"end":{"line":189,"column":23}},"85":{"start":{"line":190,"column":4},"end":{"line":201,"column":5}},"86":{"start":{"line":191,"column":6},"end":{"line":195,"column":8}},"87":{"start":{"line":194,"column":38},"end":{"line":194,"column":63}},"88":{"start":{"line":197,"column":6},"end":{"line":199,"column":9}},"89":{"start":{"line":198,"column":37},"end":{"line":198,"column":69}},"90":{"start":{"line":200,"column":6},"end":{"line":200,"column":13}},"91":{"start":{"line":202,"column":4},"end":{"line":202,"column":34}},"92":{"start":{"line":203,"column":4},"end":{"line":203,"column":18}},"93":{"start":{"line":204,"column":4},"end":{"line":204,"column":20}},"94":{"start":{"line":205,"column":4},"end":{"line":205,"column":19}},"95":{"start":{"line":206,"column":4},"end":{"line":206,"column":19}},"96":{"start":{"line":207,"column":4},"end":{"line":207,"column":18}},"97":{"start":{"line":208,"column":4},"end":{"line":208,"column":28}},"98":{"start":{"line":209,"column":4},"end":{"line":209,"column":22}},"99":{"start":{"line":212,"column":2},"end":{"line":467,"column":4}},"100":{"start":{"line":228,"column":29},"end":{"line":228,"column":50}},"101":{"start":{"line":262,"column":29},"end":{"line":262,"column":45}},"102":{"start":{"line":294,"column":31},"end":{"line":294,"column":45}},"103":{"start":{"line":310,"column":31},"end":{"line":310,"column":52}},"104":{"start":{"line":355,"column":20},"end":{"line":355,"column":62}},"105":{"start":{"line":382,"column":20},"end":{"line":387,"column":21}},"106":{"start":{"line":384,"column":22},"end":{"line":384,"column":38}},"107":{"start":{"line":386,"column":22},"end":{"line":386,"column":40}},"108":{"start":{"line":403,"column":20},"end":{"line":408,"column":21}},"109":{"start":{"line":405,"column":22},"end":{"line":405,"column":37}},"110":{"start":{"line":407,"column":22},"end":{"line":407,"column":39}},"111":{"start":{"line":470,"column":15},"end":{"line":575,"column":2}}},"fnMap":{"0":{"name":"InfrastructureForm","decl":{"start":{"line":16,"column":24},"end":{"line":16,"column":42}},"loc":{"start":{"line":16,"column":45},"end":{"line":468,"column":1}},"line":16},"1":{"name":"(anonymous_1)","decl":{"start":{"line":42,"column":29},"end":{"line":42,"column":30}},"loc":{"start":{"line":42,"column":35},"end":{"line":44,"column":3}},"line":42},"2":{"name":"(anonymous_2)","decl":{"start":{"line":47,"column":21},"end":{"line":47,"column":22}},"loc":{"start":{"line":47,"column":27},"end":{"line":74,"column":3}},"line":47},"3":{"name":"(anonymous_3)","decl":{"start":{"line":61,"column":17},"end":{"line":61,"column":18}},"loc":{"start":{"line":61,"column":23},"end":{"line":69,"column":9}},"line":61},"4":{"name":"(anonymous_4)","decl":{"start":{"line":77,"column":20},"end":{"line":77,"column":21}},"loc":{"start":{"line":77,"column":32},"end":{"line":88,"column":3}},"line":77},"5":{"name":"(anonymous_5)","decl":{"start":{"line":97,"column":12},"end":{"line":97,"column":13}},"loc":{"start":{"line":97,"column":18},"end":{"line":102,"column":3}},"line":97},"6":{"name":"(anonymous_6)","decl":{"start":{"line":98,"column":5},"end":{"line":98,"column":6}},"loc":{"start":{"line":98,"column":17},"end":{"line":101,"column":5}},"line":98},"7":{"name":"(anonymous_7)","decl":{"start":{"line":115,"column":23},"end":{"line":115,"column":24}},"loc":{"start":{"line":115,"column":29},"end":{"line":118,"column":3}},"line":115},"8":{"name":"(anonymous_8)","decl":{"start":{"line":120,"column":22},"end":{"line":120,"column":23}},"loc":{"start":{"line":120,"column":34},"end":{"line":131,"column":3}},"line":120},"9":{"name":"(anonymous_9)","decl":{"start":{"line":133,"column":23},"end":{"line":133,"column":24}},"loc":{"start":{"line":133,"column":35},"end":{"line":154,"column":3}},"line":133},"10":{"name":"(anonymous_10)","decl":{"start":{"line":156,"column":23},"end":{"line":156,"column":24}},"loc":{"start":{"line":156,"column":35},"end":{"line":210,"column":3}},"line":156},"11":{"name":"(anonymous_11)","decl":{"start":{"line":194,"column":32},"end":{"line":194,"column":33}},"loc":{"start":{"line":194,"column":38},"end":{"line":194,"column":63}},"line":194},"12":{"name":"(anonymous_12)","decl":{"start":{"line":198,"column":31},"end":{"line":198,"column":32}},"loc":{"start":{"line":198,"column":37},"end":{"line":198,"column":69}},"line":198},"13":{"name":"(anonymous_13)","decl":{"start":{"line":228,"column":23},"end":{"line":228,"column":24}},"loc":{"start":{"line":228,"column":29},"end":{"line":228,"column":50}},"line":228},"14":{"name":"(anonymous_14)","decl":{"start":{"line":262,"column":23},"end":{"line":262,"column":24}},"loc":{"start":{"line":262,"column":29},"end":{"line":262,"column":45}},"line":262},"15":{"name":"(anonymous_15)","decl":{"start":{"line":294,"column":25},"end":{"line":294,"column":26}},"loc":{"start":{"line":294,"column":31},"end":{"line":294,"column":45}},"line":294},"16":{"name":"(anonymous_16)","decl":{"start":{"line":310,"column":25},"end":{"line":310,"column":26}},"loc":{"start":{"line":310,"column":31},"end":{"line":310,"column":52}},"line":310},"17":{"name":"(anonymous_17)","decl":{"start":{"line":354,"column":33},"end":{"line":354,"column":34}},"loc":{"start":{"line":355,"column":20},"end":{"line":355,"column":62}},"line":355},"18":{"name":"(anonymous_18)","decl":{"start":{"line":381,"column":32},"end":{"line":381,"column":33}},"loc":{"start":{"line":381,"column":42},"end":{"line":388,"column":19}},"line":381},"19":{"name":"(anonymous_19)","decl":{"start":{"line":402,"column":32},"end":{"line":402,"column":33}},"loc":{"start":{"line":402,"column":42},"end":{"line":409,"column":19}},"line":402}},"branchMap":{"0":{"loc":{"start":{"line":43,"column":11},"end":{"line":43,"column":37}},"type":"cond-expr","locations":[{"start":{"line":43,"column":20},"end":{"line":43,"column":26}},{"start":{"line":43,"column":29},"end":{"line":43,"column":37}}],"line":43},"1":{"loc":{"start":{"line":48,"column":4},"end":{"line":57,"column":5}},"type":"if","locations":[{"start":{"line":48,"column":4},"end":{"line":57,"column":5}},{"start":{},"end":{}}],"line":48},"2":{"loc":{"start":{"line":49,"column":6},"end":{"line":53,"column":19}},"type":"binary-expr","locations":[{"start":{"line":49,"column":6},"end":{"line":49,"column":34}},{"start":{"line":50,"column":6},"end":{"line":50,"column":18}},{"start":{"line":51,"column":6},"end":{"line":51,"column":20}},{"start":{"line":52,"column":6},"end":{"line":52,"column":19}},{"start":{"line":53,"column":6},"end":{"line":53,"column":19}}],"line":49},"3":{"loc":{"start":{"line":85,"column":4},"end":{"line":87,"column":5}},"type":"if","locations":[{"start":{"line":85,"column":4},"end":{"line":87,"column":5}},{"start":{},"end":{}}],"line":85},"4":{"loc":{"start":{"line":104,"column":2},"end":{"line":113,"column":3}},"type":"if","locations":[{"start":{"line":104,"column":2},"end":{"line":113,"column":3}},{"start":{},"end":{}}],"line":104},"5":{"loc":{"start":{"line":121,"column":4},"end":{"line":130,"column":5}},"type":"if","locations":[{"start":{"line":121,"column":4},"end":{"line":130,"column":5}},{"start":{},"end":{}}],"line":121},"6":{"loc":{"start":{"line":147,"column":6},"end":{"line":147,"column":48}},"type":"if","locations":[{"start":{"line":147,"column":6},"end":{"line":147,"column":48}},{"start":{},"end":{}}],"line":147},"7":{"loc":{"start":{"line":148,"column":6},"end":{"line":148,"column":49}},"type":"if","locations":[{"start":{"line":148,"column":6},"end":{"line":148,"column":49}},{"start":{},"end":{}}],"line":148},"8":{"loc":{"start":{"line":157,"column":4},"end":{"line":160,"column":5}},"type":"if","locations":[{"start":{"line":157,"column":4},"end":{"line":160,"column":5}},{"start":{},"end":{}}],"line":157},"9":{"loc":{"start":{"line":161,"column":4},"end":{"line":164,"column":5}},"type":"if","locations":[{"start":{"line":161,"column":4},"end":{"line":164,"column":5}},{"start":{},"end":{}}],"line":161},"10":{"loc":{"start":{"line":161,"column":8},"end":{"line":161,"column":44}},"type":"binary-expr","locations":[{"start":{"line":161,"column":8},"end":{"line":161,"column":28}},{"start":{"line":161,"column":32},"end":{"line":161,"column":44}}],"line":161},"11":{"loc":{"start":{"line":165,"column":4},"end":{"line":168,"column":5}},"type":"if","locations":[{"start":{"line":165,"column":4},"end":{"line":168,"column":5}},{"start":{},"end":{}}],"line":165},"12":{"loc":{"start":{"line":170,"column":4},"end":{"line":173,"column":5}},"type":"if","locations":[{"start":{"line":170,"column":4},"end":{"line":173,"column":5}},{"start":{},"end":{}}],"line":170},"13":{"loc":{"start":{"line":190,"column":4},"end":{"line":201,"column":5}},"type":"if","locations":[{"start":{"line":190,"column":4},"end":{"line":201,"column":5}},{"start":{"line":196,"column":11},"end":{"line":201,"column":5}}],"line":190},"14":{"loc":{"start":{"line":214,"column":7},"end":{"line":465,"column":7}},"type":"cond-expr","locations":[{"start":{"line":215,"column":8},"end":{"line":271,"column":17}},{"start":{"line":272,"column":10},"end":{"line":465,"column":7}}],"line":214},"15":{"loc":{"start":{"line":214,"column":7},"end":{"line":214,"column":28}},"type":"binary-expr","locations":[{"start":{"line":214,"column":7},"end":{"line":214,"column":18}},{"start":{"line":214,"column":22},"end":{"line":214,"column":28}}],"line":214},"16":{"loc":{"start":{"line":257,"column":33},"end":{"line":257,"column":63}},"type":"cond-expr","locations":[{"start":{"line":257,"column":41},"end":{"line":257,"column":47}},{"start":{"line":257,"column":50},"end":{"line":257,"column":63}}],"line":257},"17":{"loc":{"start":{"line":266,"column":24},"end":{"line":266,"column":64}},"type":"cond-expr","locations":[{"start":{"line":266,"column":32},"end":{"line":266,"column":43}},{"start":{"line":266,"column":46},"end":{"line":266,"column":64}}],"line":266},"18":{"loc":{"start":{"line":272,"column":10},"end":{"line":465,"column":7}},"type":"cond-expr","locations":[{"start":{"line":273,"column":8},"end":{"line":317,"column":15}},{"start":{"line":319,"column":8},"end":{"line":464,"column":15}}],"line":272},"19":{"loc":{"start":{"line":272,"column":10},"end":{"line":272,"column":30}},"type":"binary-expr","locations":[{"start":{"line":272,"column":10},"end":{"line":272,"column":21}},{"start":{"line":272,"column":25},"end":{"line":272,"column":30}}],"line":272},"20":{"loc":{"start":{"line":382,"column":20},"end":{"line":387,"column":21}},"type":"if","locations":[{"start":{"line":382,"column":20},"end":{"line":387,"column":21}},{"start":{"line":385,"column":27},"end":{"line":387,"column":21}}],"line":382},"21":{"loc":{"start":{"line":403,"column":20},"end":{"line":408,"column":21}},"type":"if","locations":[{"start":{"line":403,"column":20},"end":{"line":408,"column":21}},{"start":{"line":406,"column":27},"end":{"line":408,"column":21}}],"line":403},"22":{"loc":{"start":{"line":427,"column":23},"end":{"line":427,"column":70}},"type":"cond-expr","locations":[{"start":{"line":427,"column":39},"end":{"line":427,"column":55}},{"start":{"line":427,"column":58},"end":{"line":427,"column":70}}],"line":427},"23":{"loc":{"start":{"line":431,"column":19},"end":{"line":441,"column":19}},"type":"binary-expr","locations":[{"start":{"line":431,"column":19},"end":{"line":431,"column":32}},{"start":{"line":432,"column":20},"end":{"line":440,"column":27}}],"line":431},"24":{"loc":{"start":{"line":448,"column":19},"end":{"line":448,"column":57}},"type":"binary-expr","locations":[{"start":{"line":448,"column":19},"end":{"line":448,"column":32}},{"start":{"line":448,"column":36},"end":{"line":448,"column":57}}],"line":448}},"s":{"0":0,"1":0,"2":0,"3":0,"4":0,"5":0,"6":0,"7":0,"8":0,"9":0,"10":0,"11":0,"12":0,"13":0,"14":0,"15":0,"16":0,"17":0,"18":0,"19":0,"20":0,"21":0,"22":0,"23":0,"24":0,"25":0,"26":0,"27":0,"28":0,"29":0,"30":0,"31":0,"32":0,"33":0,"34":0,"35":0,"36":0,"37":0,"38":0,"39":0,"40":0,"41":0,"42":0,"43":0,"44":0,"45":0,"46":0,"47":0,"48":0,"49":0,"50":0,"51":0,"52":0,"53":0,"54":0,"55":0,"56":0,"57":0,"58":0,"59":0,"60":0,"61":0,"62":0,"63":0,"64":0,"65":0,"66":0,"67":0,"68":0,"69":0,"70":0,"71":0,"72":0,"73":0,"74":0,"75":0,"76":0,"77":0,"78":0,"79":0,"80":0,"81":0,"82":0,"83":0,"84":0,"85":0,"86":0,"87":0,"88":0,"89":0,"90":0,"91":0,"92":0,"93":0,"94":0,"95":0,"96":0,"97":0,"98":0,"99":0,"100":0,"101":0,"102":0,"103":0,"104":0,"105":0,"106":0,"107":0,"108":0,"109":0,"110":0,"111":0},"f":{"0":0,"1":0,"2":0,"3":0,"4":0,"5":0,"6":0,"7":0,"8":0,"9":0,"10":0,"11":0,"12":0,"13":0,"14":0,"15":0,"16":0,"17":0,"18":0,"19":0},"b":{"0":[0,0],"1":[0,0],"2":[0,0,0,0,0],"3":[0,0],"4":[0,0],"5":[0,0],"6":[0,0],"7":[0,0],"8":[0,0],"9":[0,0],"10":[0,0],"11":[0,0],"12":[0,0],"13":[0,0],"14":[0,0],"15":[0,0],"16":[0,0],"17":[0,0],"18":[0,0],"19":[0,0],"20":[0,0],"21":[0,0],"22":[0,0],"23":[0,0],"24":[0,0]}}
,"/Users/nicholasleong/Desktop/dev/OrbitalTeamGrape/app/(home)/Map.jsx": {"path":"/Users/nicholasleong/Desktop/dev/OrbitalTeamGrape/app/(home)/Map.jsx","statementMap":{"0":{"start":{"line":14,"column":26},"end":{"line":14,"column":50}},"1":{"start":{"line":16,"column":20},"end":{"line":16,"column":41}},"2":{"start":{"line":17,"column":19},"end":{"line":17,"column":35}},"3":{"start":{"line":20,"column":48},"end":{"line":20,"column":60}},"4":{"start":{"line":21,"column":42},"end":{"line":21,"column":54}},"5":{"start":{"line":22,"column":20},"end":{"line":22,"column":35}},"6":{"start":{"line":23,"column":68},"end":{"line":23,"column":79}},"7":{"start":{"line":24,"column":62},"end":{"line":24,"column":73}},"8":{"start":{"line":25,"column":46},"end":{"line":25,"column":67}},"9":{"start":{"line":26,"column":44},"end":{"line":26,"column":59}},"10":{"start":{"line":27,"column":42},"end":{"line":27,"column":57}},"11":{"start":{"line":28,"column":56},"end":{"line":28,"column":70}},"12":{"start":{"line":30,"column":30},"end":{"line":35,"column":4}},"13":{"start":{"line":36,"column":23},"end":{"line":46,"column":3}},"14":{"start":{"line":37,"column":4},"end":{"line":45,"column":5}},"15":{"start":{"line":38,"column":27},"end":{"line":38,"column":65}},"16":{"start":{"line":39,"column":24},"end":{"line":39,"column":59}},"17":{"start":{"line":40,"column":6},"end":{"line":40,"column":33}},"18":{"start":{"line":41,"column":6},"end":{"line":41,"column":39}},"19":{"start":{"line":42,"column":6},"end":{"line":42,"column":34}},"20":{"start":{"line":44,"column":6},"end":{"line":44,"column":54}},"21":{"start":{"line":48,"column":2},"end":{"line":52,"column":16}},"22":{"start":{"line":49,"column":4},"end":{"line":51,"column":5}},"23":{"start":{"line":50,"column":6},"end":{"line":50,"column":21}},"24":{"start":{"line":54,"column":2},"end":{"line":56,"column":9}},"25":{"start":{"line":55,"column":4},"end":{"line":55,"column":19}},"26":{"start":{"line":58,"column":23},"end":{"line":75,"column":3}},"27":{"start":{"line":59,"column":20},"end":{"line":59,"column":53}},"28":{"start":{"line":60,"column":18},"end":{"line":60,"column":50}},"29":{"start":{"line":62,"column":4},"end":{"line":67,"column":5}},"30":{"start":{"line":63,"column":6},"end":{"line":65,"column":7}},"31":{"start":{"line":64,"column":8},"end":{"line":64,"column":15}},"32":{"start":{"line":66,"column":6},"end":{"line":66,"column":42}},"33":{"start":{"line":69,"column":4},"end":{"line":74,"column":5}},"34":{"start":{"line":70,"column":6},"end":{"line":72,"column":7}},"35":{"start":{"line":71,"column":8},"end":{"line":71,"column":15}},"36":{"start":{"line":73,"column":6},"end":{"line":73,"column":39}},"37":{"start":{"line":77,"column":24},"end":{"line":77,"column":36}},"38":{"start":{"line":79,"column":28},"end":{"line":98,"column":3}},"39":{"start":{"line":80,"column":4},"end":{"line":80,"column":27}},"40":{"start":{"line":81,"column":4},"end":{"line":84,"column":5}},"41":{"start":{"line":82,"column":6},"end":{"line":82,"column":42}},"42":{"start":{"line":83,"column":6},"end":{"line":83,"column":26}},"43":{"start":{"line":86,"column":4},"end":{"line":89,"column":5}},"44":{"start":{"line":87,"column":6},"end":{"line":87,"column":39}},"45":{"start":{"line":88,"column":6},"end":{"line":88,"column":26}},"46":{"start":{"line":91,"column":4},"end":{"line":94,"column":7}},"47":{"start":{"line":95,"column":4},"end":{"line":97,"column":12}},"48":{"start":{"line":96,"column":6},"end":{"line":96,"column":30}},"49":{"start":{"line":100,"column":28},"end":{"line":102,"column":3}},"50":{"start":{"line":101,"column":4},"end":{"line":101,"column":29}},"51":{"start":{"line":104,"column":27},"end":{"line":107,"column":3}},"52":{"start":{"line":105,"column":4},"end":{"line":105,"column":35}},"53":{"start":{"line":106,"column":4},"end":{"line":106,"column":33}},"54":{"start":{"line":109,"column":23},"end":{"line":112,"column":3}},"55":{"start":{"line":110,"column":4},"end":{"line":110,"column":34}},"56":{"start":{"line":111,"column":4},"end":{"line":111,"column":35}},"57":{"start":{"line":114,"column":2},"end":{"line":372,"column":4}},"58":{"start":{"line":140,"column":12},"end":{"line":174,"column":14}},"59":{"start":{"line":149,"column":18},"end":{"line":149,"column":68}},"60":{"start":{"line":178,"column":12},"end":{"line":206,"column":14}},"61":{"start":{"line":186,"column":31},"end":{"line":186,"column":78}},"62":{"start":{"line":221,"column":12},"end":{"line":293,"column":14}},"63":{"start":{"line":246,"column":33},"end":{"line":246,"column":78}},"64":{"start":{"line":297,"column":12},"end":{"line":368,"column":14}},"65":{"start":{"line":322,"column":33},"end":{"line":322,"column":75}},"66":{"start":{"line":375,"column":15},"end":{"line":509,"column":2}}},"fnMap":{"0":{"name":"Map","decl":{"start":{"line":19,"column":24},"end":{"line":19,"column":27}},"loc":{"start":{"line":19,"column":30},"end":{"line":373,"column":1}},"line":19},"1":{"name":"(anonymous_1)","decl":{"start":{"line":36,"column":23},"end":{"line":36,"column":24}},"loc":{"start":{"line":36,"column":35},"end":{"line":46,"column":3}},"line":36},"2":{"name":"(anonymous_2)","decl":{"start":{"line":48,"column":12},"end":{"line":48,"column":13}},"loc":{"start":{"line":48,"column":18},"end":{"line":52,"column":3}},"line":48},"3":{"name":"(anonymous_3)","decl":{"start":{"line":54,"column":12},"end":{"line":54,"column":13}},"loc":{"start":{"line":54,"column":18},"end":{"line":56,"column":3}},"line":54},"4":{"name":"(anonymous_4)","decl":{"start":{"line":58,"column":23},"end":{"line":58,"column":24}},"loc":{"start":{"line":58,"column":34},"end":{"line":75,"column":3}},"line":58},"5":{"name":"(anonymous_5)","decl":{"start":{"line":79,"column":28},"end":{"line":79,"column":29}},"loc":{"start":{"line":79,"column":39},"end":{"line":98,"column":3}},"line":79},"6":{"name":"(anonymous_6)","decl":{"start":{"line":95,"column":15},"end":{"line":95,"column":16}},"loc":{"start":{"line":95,"column":21},"end":{"line":97,"column":5}},"line":95},"7":{"name":"(anonymous_7)","decl":{"start":{"line":100,"column":28},"end":{"line":100,"column":29}},"loc":{"start":{"line":100,"column":39},"end":{"line":102,"column":3}},"line":100},"8":{"name":"(anonymous_8)","decl":{"start":{"line":104,"column":27},"end":{"line":104,"column":28}},"loc":{"start":{"line":104,"column":33},"end":{"line":107,"column":3}},"line":104},"9":{"name":"(anonymous_9)","decl":{"start":{"line":109,"column":23},"end":{"line":109,"column":24}},"loc":{"start":{"line":109,"column":34},"end":{"line":112,"column":3}},"line":109},"10":{"name":"(anonymous_10)","decl":{"start":{"line":139,"column":30},"end":{"line":139,"column":31}},"loc":{"start":{"line":139,"column":42},"end":{"line":175,"column":11}},"line":139},"11":{"name":"(anonymous_11)","decl":{"start":{"line":148,"column":25},"end":{"line":148,"column":26}},"loc":{"start":{"line":149,"column":18},"end":{"line":149,"column":68}},"line":149},"12":{"name":"(anonymous_12)","decl":{"start":{"line":177,"column":27},"end":{"line":177,"column":28}},"loc":{"start":{"line":177,"column":39},"end":{"line":207,"column":11}},"line":177},"13":{"name":"(anonymous_13)","decl":{"start":{"line":186,"column":25},"end":{"line":186,"column":26}},"loc":{"start":{"line":186,"column":31},"end":{"line":186,"column":78}},"line":186},"14":{"name":"(anonymous_14)","decl":{"start":{"line":220,"column":30},"end":{"line":220,"column":31}},"loc":{"start":{"line":220,"column":42},"end":{"line":294,"column":11}},"line":220},"15":{"name":"(anonymous_15)","decl":{"start":{"line":246,"column":27},"end":{"line":246,"column":28}},"loc":{"start":{"line":246,"column":33},"end":{"line":246,"column":78}},"line":246},"16":{"name":"(anonymous_16)","decl":{"start":{"line":296,"column":27},"end":{"line":296,"column":28}},"loc":{"start":{"line":296,"column":39},"end":{"line":369,"column":11}},"line":296},"17":{"name":"(anonymous_17)","decl":{"start":{"line":322,"column":27},"end":{"line":322,"column":28}},"loc":{"start":{"line":322,"column":33},"end":{"line":322,"column":75}},"line":322}},"branchMap":{"0":{"loc":{"start":{"line":49,"column":4},"end":{"line":51,"column":5}},"type":"if","locations":[{"start":{"line":49,"column":4},"end":{"line":51,"column":5}},{"start":{},"end":{}}],"line":49},"1":{"loc":{"start":{"line":62,"column":4},"end":{"line":67,"column":5}},"type":"if","locations":[{"start":{"line":62,"column":4},"end":{"line":67,"column":5}},{"start":{},"end":{}}],"line":62},"2":{"loc":{"start":{"line":62,"column":8},"end":{"line":62,"column":56}},"type":"binary-expr","locations":[{"start":{"line":62,"column":8},"end":{"line":62,"column":38}},{"start":{"line":62,"column":42},"end":{"line":62,"column":56}}],"line":62},"3":{"loc":{"start":{"line":63,"column":6},"end":{"line":65,"column":7}},"type":"if","locations":[{"start":{"line":63,"column":6},"end":{"line":65,"column":7}},{"start":{},"end":{}}],"line":63},"4":{"loc":{"start":{"line":63,"column":10},"end":{"line":63,"column":54}},"type":"binary-expr","locations":[{"start":{"line":63,"column":10},"end":{"line":63,"column":41}},{"start":{"line":63,"column":45},"end":{"line":63,"column":54}}],"line":63},"5":{"loc":{"start":{"line":69,"column":4},"end":{"line":74,"column":5}},"type":"if","locations":[{"start":{"line":69,"column":4},"end":{"line":74,"column":5}},{"start":{},"end":{}}],"line":69},"6":{"loc":{"start":{"line":69,"column":8},"end":{"line":69,"column":62}},"type":"binary-expr","locations":[{"start":{"line":69,"column":8},"end":{"line":69,"column":44}},{"start":{"line":69,"column":48},"end":{"line":69,"column":62}}],"line":69},"7":{"loc":{"start":{"line":70,"column":6},"end":{"line":72,"column":7}},"type":"if","locations":[{"start":{"line":70,"column":6},"end":{"line":72,"column":7}},{"start":{},"end":{}}],"line":70},"8":{"loc":{"start":{"line":70,"column":10},"end":{"line":70,"column":51}},"type":"binary-expr","locations":[{"start":{"line":70,"column":10},"end":{"line":70,"column":38}},{"start":{"line":70,"column":42},"end":{"line":70,"column":51}}],"line":70},"9":{"loc":{"start":{"line":81,"column":4},"end":{"line":84,"column":5}},"type":"if","locations":[{"start":{"line":81,"column":4},"end":{"line":84,"column":5}},{"start":{},"end":{}}],"line":81},"10":{"loc":{"start":{"line":86,"column":4},"end":{"line":89,"column":5}},"type":"if","locations":[{"start":{"line":86,"column":4},"end":{"line":89,"column":5}},{"start":{},"end":{}}],"line":86},"11":{"loc":{"start":{"line":138,"column":9},"end":{"line":175,"column":12}},"type":"binary-expr","locations":[{"start":{"line":138,"column":9},"end":{"line":138,"column":39}},{"start":{"line":139,"column":10},"end":{"line":175,"column":12}}],"line":138},"12":{"loc":{"start":{"line":154,"column":20},"end":{"line":158,"column":35}},"type":"cond-expr","locations":[{"start":{"line":155,"column":24},"end":{"line":155,"column":33}},{"start":{"line":156,"column":24},"end":{"line":158,"column":35}}],"line":154},"13":{"loc":{"start":{"line":156,"column":24},"end":{"line":158,"column":35}},"type":"cond-expr","locations":[{"start":{"line":157,"column":24},"end":{"line":157,"column":36}},{"start":{"line":158,"column":24},"end":{"line":158,"column":35}}],"line":156},"14":{"loc":{"start":{"line":161,"column":20},"end":{"line":165,"column":21}},"type":"binary-expr","locations":[{"start":{"line":161,"column":20},"end":{"line":162,"column":53}},{"start":{"line":162,"column":57},"end":{"line":165,"column":21}}],"line":161},"15":{"loc":{"start":{"line":166,"column":20},"end":{"line":170,"column":21}},"type":"binary-expr","locations":[{"start":{"line":166,"column":20},"end":{"line":167,"column":53}},{"start":{"line":167,"column":57},"end":{"line":170,"column":21}}],"line":166},"16":{"loc":{"start":{"line":176,"column":9},"end":{"line":207,"column":12}},"type":"binary-expr","locations":[{"start":{"line":176,"column":9},"end":{"line":176,"column":45}},{"start":{"line":177,"column":10},"end":{"line":207,"column":12}}],"line":176},"17":{"loc":{"start":{"line":190,"column":20},"end":{"line":192,"column":39}},"type":"cond-expr","locations":[{"start":{"line":191,"column":24},"end":{"line":191,"column":40}},{"start":{"line":192,"column":24},"end":{"line":192,"column":39}}],"line":190},"18":{"loc":{"start":{"line":195,"column":20},"end":{"line":198,"column":21}},"type":"binary-expr","locations":[{"start":{"line":195,"column":20},"end":{"line":195,"column":75}},{"start":{"line":195,"column":79},"end":{"line":198,"column":21}}],"line":195},"19":{"loc":{"start":{"line":199,"column":20},"end":{"line":202,"column":21}},"type":"binary-expr","locations":[{"start":{"line":199,"column":20},"end":{"line":199,"column":75}},{"start":{"line":199,"column":79},"end":{"line":202,"column":21}}],"line":199},"20":{"loc":{"start":{"line":219,"column":9},"end":{"line":294,"column":12}},"type":"binary-expr","locations":[{"start":{"line":219,"column":9},"end":{"line":219,"column":39}},{"start":{"line":220,"column":10},"end":{"line":294,"column":12}}],"line":219},"21":{"loc":{"start":{"line"
[...]
,"/Users/nicholasleong/Desktop/dev/OrbitalTeamGrape/app/(staff)/_layout.jsx": {"path":"/Users/nicholasleong/Desktop/dev/OrbitalTeamGrape/app/(staff)/_layout.jsx","statementMap":{"0":{"start":{"line":4,"column":2},"end":{"line":28,"column":4}}},"fnMap":{"0":{"name":"StaffLayout","decl":{"start":{"line":3,"column":24},"end":{"line":3,"column":35}},"loc":{"start":{"line":3,"column":38},"end":{"line":29,"column":1}},"line":3}},"branchMap":{},"s":{"0":0},"f":{"0":0},"b":{}}
,"/Users/nicholasleong/Desktop/dev/OrbitalTeamGrape/app/screens/stack.jsx": {"path":"/Users/nicholasleong/Desktop/dev/OrbitalTeamGrape/app/screens/stack.jsx","statementMap":{},"fnMap":{},"branchMap":{},"s":{},"f":{},"b":{}}
,"/Users/nicholasleong/Desktop/dev/OrbitalTeamGrape/contexts/auth.jsx": {"path":"/Users/nicholasleong/Desktop/dev/OrbitalTeamGrape/contexts/auth.jsx","statementMap":{"0":{"start":{"line":9,"column":20},"end":{"line":9,"column":37}},"1":{"start":{"line":12,"column":2},"end":{"line":12,"column":33}},"2":{"start":{"line":16,"column":19},"end":{"line":16,"column":32}},"3":{"start":{"line":17,"column":17},"end":{"line":17,"column":28}},"4":{"start":{"line":19,"column":2},"end":{"line":33,"column":31}},"5":{"start":{"line":20,"column":4},"end":{"line":20,"column":54}},"6":{"start":{"line":21,"column":28},"end":{"line":21,"column":89}},"7":{"start":{"line":22,"column":24},"end":{"line":22,"column":48}},"8":{"start":{"line":23,"column":4},"end":{"line":32,"column":5}},"9":{"start":{"line":24,"column":6},"end":{"line":24,"column":49}},"10":{"start":{"line":25,"column":6},"end":{"line":25,"column":31}},"11":{"start":{"line":26,"column":11},"end":{"line":32,"column":5}},"12":{"start":{"line":27,"column":6},"end":{"line":31,"column":7}},"13":{"start":{"line":28,"column":8},"end":{"line":28,"column":73}},"14":{"start":{"line":30,"column":8},"end":{"line":30,"column":74}},"15":{"start":{"line":37,"column":26},"end":{"line":37,"column":40}},"16":{"start":{"line":39,"column":2},"end":{"line":39,"column":26}},"17":{"start":{"line":41,"column":2},"end":{"line":54,"column":9}},"18":{"start":{"line":42,"column":4},"end":{"line":42,"column":49}},"19":{"start":{"line":43,"column":21},"end":{"line":52,"column":6}},"20":{"start":{"line":44,"column":6},"end":{"line":44,"column":55}},"21":{"start":{"line":45,"column":6},"end":{"line":51,"column":7}},"22":{"start":{"line":46,"column":8},"end":{"line":46,"column":30}},"23":{"start":{"line":47,"column":25},"end":{"line":47,"column":44}},"24":{"start":{"line":48,"column":8},"end":{"line":48,"column":30}},"25":{"start":{"line":49,"column":13},"end":{"line":51,"column":7}},"26":{"start":{"line":50,"column":8},"end":{"line":50,"column":22}},"27":{"start":{"line":53,"column":4},"end":{"line":53,"column":49}},"28":{"start":{"line":53,"column":17},"end":{"line":53,"column":48}},"29":{"start":{"line":55,"column":2},"end":{"line":57,"column":4}},"30":{"start":{"line":60,"column":36},"end":{"line":60,"column":80}}},"fnMap":{"0":{"name":"useAuth","decl":{"start":{"line":11,"column":16},"end":{"line":11,"column":23}},"loc":{"start":{"line":11,"column":26},"end":{"line":13,"column":1}},"line":11},"1":{"name":"useProtectedRoute","decl":{"start":{"line":15,"column":9},"end":{"line":15,"column":26}},"loc":{"start":{"line":15,"column":33},"end":{"line":34,"column":1}},"line":15},"2":{"name":"(anonymous_2)","decl":{"start":{"line":19,"column":12},"end":{"line":19,"column":13}},"loc":{"start":{"line":19,"column":18},"end":{"line":33,"column":3}},"line":19},"3":{"name":"AuthProvider","decl":{"start":{"line":36,"column":9},"end":{"line":36,"column":21}},"loc":{"start":{"line":36,"column":49},"end":{"line":58,"column":1}},"line":36},"4":{"name":"(anonymous_4)","decl":{"start":{"line":41,"column":12},"end":{"line":41,"column":13}},"loc":{"start":{"line":41,"column":18},"end":{"line":54,"column":3}},"line":41},"5":{"name":"(anonymous_5)","decl":{"start":{"line":43,"column":53},"end":{"line":43,"column":54}},"loc":{"start":{"line":43,"column":79},"end":{"line":52,"column":5}},"line":43},"6":{"name":"(anonymous_6)","decl":{"start":{"line":53,"column":11},"end":{"line":53,"column":12}},"loc":{"start":{"line":53,"column":17},"end":{"line":53,"column":48}},"line":53}},"branchMap":{"0":{"loc":{"start":{"line":21,"column":28},"end":{"line":21,"column":89}},"type":"binary-expr","locations":[{"start":{"line":21,"column":28},"end":{"line":21,"column":54}},{"start":{"line":21,"column":58},"end":{"line":21,"column":89}}],"line":21},"1":{"loc":{"start":{"line":23,"column":4},"end":{"line":32,"column":5}},"type":"if","locations":[{"start":{"line":23,"column":4},"end":{"line":32,"column":5}},{"start":{"line":26,"column":11},"end":{"line":32,"column":5}}],"line":23},"2":{"loc":{"start":{"line":23,"column":8},"end":{"line":23,"column":29}},"type":"binary-expr","locations":[{"start":{"line":23,"column":8},"end":{"line":23,"column":13}},{"start":{"line":23,"column":17},"end":{"line":23,"column":29}}],"line":23},"3":{"loc":{"start":{"line":26,"column":11},"end":{"line":32,"column":5}},"type":"if","locations":[{"start":{"line":26,"column":11},"end":{"line":32,"column":5}},{"start":{},"end":{}}],"line":26},"4":{"loc":{"start":{"line":26,"column":15},"end":{"line":26,"column":34}},"type":"binary-expr","locations":[{"start":{"line":26,"column":15},"end":{"line":26,"column":19}},{"start":{"line":26,"column":23},"end":{"line":26,"column":34}}],"line":26},"5":{"loc":{"start":{"line":27,"column":6},"end":{"line":31,"column":7}},"type":"if","locations":[{"start":{"line":27,"column":6},"end":{"line":31,"column":7}},{"start":{"line":29,"column":13},"end":{"line":31,"column":7}}],"line":27},"6":{"loc":{"start":{"line":45,"column":6},"end":{"line":51,"column":7}},"type":"if","locations":[{"start":{"line":45,"column":6},"end":{"line":51,"column":7}},{"start":{"line":49,"column":13},"end":{"line":51,"column":7}}],"line":45},"7":{"loc":{"start":{"line":49,"column":13},"end":{"line":51,"column":7}},"type":"if","locations":[{"start":{"line":49,"column":13},"end":{"line":51,"column":7}},{"start":{},"end":{}}],"line":49}},"s":{"0":1,"1":0,"2":0,"3":0,"4":0,"5":0,"6":0,"7":0,"8":0,"9":0,"10":0,"11":0,"12":0,"13":0,"14":0,"15":0,"16":0,"17":0,"18":0,"19":0,"20":0,"21":0,"22":0,"23":0,"24":0,"25":0,"26":0,"27":0,"28":0,"29":0,"30":1},"f":{"0":0,"1":0,"2":0,"3":0,"4":0,"5":0,"6":0},"b":{"0":[0,0],"1":[0,0],"2":[0,0],"3":[0,0],"4":[0,0],"5":[0,0],"6":[0,0],"7":[0,0]},"_coverageSchema":"1a1c01bbd47fc00a2c39e90264f33305004495a9","hash":"66a9775a6ae19a7d0eb48a25738e0af61da911be"}
,"/Users/nicholasleong/Desktop/dev/OrbitalTeamGrape/lib/supabase.js": {"path":"/Users/nicholasleong/Desktop/dev/OrbitalTeamGrape/lib/supabase.js","statementMap":{"0":{"start":{"line":5,"column":19},"end":{"line":5,"column":51}},"1":{"start":{"line":6,"column":19},"end":{"line":6,"column":51}},"2":{"start":{"line":12,"column":24},"end":{"line":16,"column":2}},"3":{"start":{"line":19,"column":19},"end":{"line":21,"column":19}},"4":{"start":{"line":22,"column":4},"end":{"line":22,"column":24}},"5":{"start":{"line":30,"column":6},"end":{"line":30,"column":35}},"6":{"start":{"line":32,"column":20},"end":{"line":35,"column":22}},"7":{"start":{"line":36,"column":4},"end":{"line":36,"column":17}},"8":{"start":{"line":44,"column":6},"end":{"line":44,"column":35}},"9":{"start":{"line":45,"column":20},"end":{"line":47,"column":48}},"10":{"start":{"line":48,"column":2},"end":{"line":48,"column":15}},"11":{"start":{"line":56,"column":6},"end":{"line":56,"column":35}},"12":{"start":{"line":57,"column":20},"end":{"line":59,"column":48}},"13":{"start":{"line":60,"column":2},"end":{"line":60,"column":15}},"14":{"start":{"line":64,"column":19},"end":{"line":69,"column":26}},"15":{"start":{"line":70,"column":2},"end":{"line":70,"column":14}},"16":{"start":{"line":74,"column":19},"end":{"line":74,"column":57}},"17":{"start":{"line":75,"column":2},"end":{"line":75,"column":14}},"18":{"start":{"line":79,"column":20},"end":{"line":82,"column":17}},"19":{"start":{"line":83,"column":2},"end":{"line":83,"column":15}},"20":{"start":{"line":87,"column":20},"end":{"line":90,"column":17}},"21":{"start":{"line":91,"column":2},"end":{"line":91,"column":15}},"22":{"start":{"line":95,"column":19},"end":{"line":95,"column":57}},"23":{"start":{"line":96,"column":2},"end":{"line":96,"column":14}},"24":{"start":{"line":100,"column":2},"end":{"line":106,"column":3}},"25":{"start":{"line":101,"column":22},"end":{"line":104,"column":17}},"26":{"start":{"line":105,"column":4},"end":{"line":105,"column":18}},"27":{"start":{"line":107,"column":20},"end":{"line":110,"column":17}},"28":{"start":{"line":111,"column":19},"end":{"line":114,"column":17}},"29":{"start":{"line":115,"column":2},"end":{"line":115,"column":25}},"30":{"start":{"line":124,"column":6},"end":{"line":124,"column":35}},"31":{"start":{"line":126,"column":2},"end":{"line":156,"column":3}},"32":{"start":{"line":127,"column":21},"end":{"line":131,"column":31}},"33":{"start":{"line":132,"column":6},"end":{"line":132,"column":18}},"34":{"start":{"line":133,"column":9},"end":{"line":156,"column":3}},"35":{"start":{"line":134,"column":21},"end":{"line":138,"column":31}},"36":{"start":{"line":139,"column":6},"end":{"line":139,"column":18}},"37":{"start":{"line":140,"column":9},"end":{"line":156,"column":3}},"38":{"start":{"line":141,"column":21},"end":{"line":146,"column":31}},"39":{"start":{"line":147,"column":6},"end":{"line":147,"column":18}},"40":{"start":{"line":149,"column":21},"end":{"line":154,"column":31}},"41":{"start":{"line":155,"column":6},"end":{"line":155,"column":18}},"42":{"start":{"line":160,"column":26},"end":{"line":165,"column":6}},"43":{"start":{"line":166,"column":2},"end":{"line":166,"column":25}},"44":{"start":{"line":170,"column":25},"end":{"line":172,"column":25}},"45":{"start":{"line":173,"column":2},"end":{"line":173,"column":25}}},"fnMap":{"0":{"name":"getUserRole","decl":{"start":{"line":18,"column":22},"end":{"line":18,"column":33}},"loc":{"start":{"line":18,"column":36},"end":{"line":23,"column":1}},"line":18},"1":{"name":"upgradeUserRole","decl":{"start":{"line":25,"column":22},"end":{"line":25,"column":37}},"loc":{"start":{"line":25,"column":40},"end":{"line":37,"column":1}},"line":25},"2":{"name":"insertReportData","decl":{"start":{"line":39,"column":22},"end":{"line":39,"column":38}},"loc":{"start":{"line":39,"column":56},"end":{"line":49,"column":1}},"line":39},"3":{"name":"insertVerifiedReport","decl":{"start":{"line":51,"column":22},"end":{"line":51,"column":42}},"loc":{"start":{"line":51,"column":60},"end":{"line":61,"column":1}},"line":51},"4":{"name":"viewNewReports","decl":{"start":{"line":63,"column":22},"end":{"line":63,"column":36}},"loc":{"start":{"line":63,"column":44},"end":{"line":71,"column":1}},"line":63},"5":{"name":"viewVerifiedReports","decl":{"start":{"line":73,"column":22},"end":{"line":73,"column":41}},"loc":{"start":{"line":73,"column":49},"end":{"line":76,"column":1}},"line":73},"6":{"name":"rejectReport","decl":{"start":{"line":78,"column":22},"end":{"line":78,"column":34}},"loc":{"start":{"line":78,"column":46},"end":{"line":84,"column":1}},"line":78},"7":{"name":"verifyReport","decl":{"start":{"line":86,"column":22},"end":{"line":86,"column":34}},"loc":{"start":{"line":86,"column":46},"end":{"line":92,"column":1}},"line":86},"8":{"name":"viewMarkers","decl":{"start":{"line":94,"column":22},"end":{"line":94,"column":33}},"loc":{"start":{"line":94,"column":41},"end":{"line":97,"column":1}},"line":94},"9":{"name":"resolveReport","decl":{"start":{"line":99,"column":22},"end":{"line":99,"column":35}},"loc":{"start":{"line":99,"column":46},"end":{"line":116,"column":1}},"line":99},"10":{"name":"viewFilteredReport","decl":{"start":{"line":119,"column":22},"end":{"line":119,"column":40}},"loc":{"start":{"line":119,"column":65},"end":{"line":157,"column":1}},"line":119},"11":{"name":"insertImage","decl":{"start":{"line":159,"column":22},"end":{"line":159,"column":33}},"loc":{"start":{"line":159,"column":66},"end":{"line":167,"column":1}},"line":159},"12":{"name":"getImageURL","decl":{"start":{"line":169,"column":22},"end":{"line":169,"column":33}},"loc":{"start":{"line":169,"column":56},"end":{"line":174,"column":1}},"line":169}},"branchMap":{"0":{"loc":{"start":{"line":100,"column":2},"end":{"line":106,"column":3}},"type":"if","locations":[{"start":{"line":100,"column":2},"end":{"line":106,"column":3}},{"start":{},"end":{}}],"line":100},"1":{"loc":{"start":{"line":108,"column":10},"end":{"line":108,"column":70}},"type":"cond-expr","locations":[{"start":{"line":108,"column":32},"end":{"line":108,"column":51}},{"start":{"line":108,"column":54},"end":{"line":108,"column":70}}],"line":108},"2":{"loc":{"start":{"line":112,"column":10},"end":{"line":112,"column":60}},"type":"cond-expr","locations":[{"start":{"line":112,"column":32},"end":{"line":112,"column":46}},{"start":{"line":112,"column":49},"end":{"line":112,"column":60}}],"line":112},"3":{"loc":{"start":{"line":126,"column":2},"end":{"line":156,"column":3}},"type":"if","locations":[{"start":{"line":126,"column":2},"end":{"line":156,"column":3}},{"start":{"line":133,"column":9},"end":{"line":156,"column":3}}],"line":126},"4":{"loc":{"start":{"line":128,"column":12},"end":{"line":128,"column":69}},"type":"cond-expr","locations":[{"start":{"line":128,"column":41},"end":{"line":128,"column":55}},{"start":{"line":128,"column":58},"end":{"line":128,"column":69}}],"line":128},"5":{"loc":{"start":{"line":133,"column":9},"end":{"line":156,"column":3}},"type":"if","locations":[{"start":{"line":133,"column":9},"end":{"line":156,"column":3}},{"start":{"line":140,"column":9},"end":{"line":156,"column":3}}],"line":133},"6":{"loc":{"start":{"line":135,"column":12},"end":{"line":135,"column":69}},"type":"cond-expr","locations":[{"start":{"line":135,"column":41},"end":{"line":135,"column":55}},{"start":{"line":135,"column":58},"end":{"line":135,"column":69}}],"line":135},"7":{"loc":{"start":{"line":140,"column":9},"end":{"line":156,"column":3}},"type":"if","locations":[{"start":{"line":140,"column":9},"end":{"line":156,"column":3}},{"start":{"line":148,"column":9},"end":{"line":156,"column":3}}],"line":140},"8":{"loc":{"start":{"line":142,"column":12},"end":{"line":142,"column":69}},"type":"cond-expr","locations":[{"start":{"line":142,"column":41},"end":{"line":142,"column":55}},{"start":{"line":142,"column":58},"end":{"line":142,"column":69}}],"line":142},"9":{"loc":{"start":{"line":150,"column":12},"end":{"line":150,"column":69}},"type":"cond-expr","locations":[{"start":{"line":150,"column":41},"end":{"line":150,"column":55}},{"start":{"line":150,"column":58},"end":{"line":150,"column":69}}],"line":150}},"s":{"0":1,"1":1,"2":1,"3":0,"4":0,"5":0,"6":0,"7":0,"8":0,"9":0,"10":0,"11":0,"12":0,"13":0,"14":0,"15":0,"16":0,"17":0,"18":0,"19":0,"20":0,"21":0,"22":0,"23":0,"24":0,"25":0,"26":0,"27":0,"28":0,"29":0,"30":0,"31":0,"32":0,"33":0,"34":0,"35":0,"36":0,"37":0,"38":0,"39":0,"40":0,"41":0,"42":0,"43":0,"44":0,"45":0},"f":{"0":0,"1":0,"2":0,"3":0,"4":0,"5":0,"6":0,"7":0,"8":0,"9":0,"10":0,"11":0,"12":0},"b":{"0":[0,0],"1":[0,0],"2":[0,0],"3":[0,0],"4":[0,0],"5":[0,0],"6":[0,0],"7":[0,0],"8":[0,0],"9":[0,0]},"_coverageSchema":"1a1c01bbd47fc00a2c39e90264f33305004495a9","hash":"d1f7995c936eb088928b0b7232a102613bec075d"}
,"/Users/nicholasleong/Desktop/dev/OrbitalTeamGrape/redux/store.js": {"path":"/Users/nicholasleong/Desktop/dev/OrbitalTeamGrape/redux/store.js","statementMap":{"0":{"start":{"line":6,"column":27},"end":{"line":9,"column":2}},"1":{"start":{"line":6,"column":42},"end":{"line":9,"column":1}},"2":{"start":{"line":11,"column":28},"end":{"line":14,"column":2}},"3":{"start":{"line":11,"column":44},"end":{"line":14,"column":1}},"4":{"start":{"line":16,"column":31},"end":{"line":19,"column":2}},"5":{"start":{"line":16,"column":50},"end":{"line":19,"column":1}},"6":{"start":{"line":22,"column":21},"end":{"line":26,"column":1}},"7":{"start":{"line":28,"column":16},"end":{"line":48,"column":1}},"8":{"start":{"line":29,"column":2},"end":{"line":47,"column":3}},"9":{"start":{"line":31,"column":6},"end":{"line":34,"column":8}},"10":{"start":{"line":36,"column":6},"end":{"line":39,"column":8}},"11":{"start":{"line":41,"column":6},"end":{"line":44,"column":8}},"12":{"start":{"line":46,"column":6},"end":{"line":46,"column":19}},"13":{"start":{"line":58,"column":21},"end":{"line":58,"column":41}}},"fnMap":{"0":{"name":"(anonymous_0)","decl":{"start":{"line":6,"column":27},"end":{"line":6,"column":28}},"loc":{"start":{"line":6,"column":42},"end":{"line":9,"column":1}},"line":6},"1":{"name":"(anonymous_1)","decl":{"start":{"line":11,"column":28},"end":{"line":11,"column":29}},"loc":{"start":{"line":11,"column":44},"end":{"line":14,"column":1}},"line":11},"2":{"name":"(anonymous_2)","decl":{"start":{"line":16,"column":31},"end":{"line":16,"column":32}},"loc":{"start":{"line":16,"column":50},"end":{"line":19,"column":1}},"line":16},"3":{"name":"(anonymous_3)","decl":{"start":{"line":28,"column":16},"end":{"line":28,"column":17}},"loc":{"start":{"line":28,"column":50},"end":{"line":48,"column":1}},"line":28}},"branchMap":{"0":{"loc":{"start":{"line":28,"column":17},"end":{"line":28,"column":37}},"type":"default-arg","locations":[{"start":{"line":28,"column":25},"end":{"line":28,"column":37}}],"line":28},"1":{"loc":{"start":{"line":29,"column":2},"end":{"line":47,"column":3}},"type":"switch","locations":[{"start":{"line":30,"column":4},"end":{"line":34,"column":8}},{"start":{"line":35,"column":4},"end":{"line":39,"column":8}},{"start":{"line":40,"column":4},"end":{"line":44,"column":8}},{"start":{"line":45,"column":4},"end":{"line":46,"column":19}}],"line":29}},"s":{"0":1,"1":0,"2":1,"3":0,"4":1,"5":0,"6":1,"7":1,"8":1,"9":0,"10":0,"11":0,"12":1,"13":1},"f":{"0":0,"1":0,"2":0,"3":1},"b":{"0":[1],"1":[0,0,0,1]},"_coverageSchema":"1a1c01bbd47fc00a2c39e90264f33305004495a9","hash":"57206ce845f2844226e67d368f3b03203e5f5ffc"}
,"/Users/nicholasleong/Desktop/dev/OrbitalTeamGrape/utils/test-utils.tsx": {"path":"/Users/nicholasleong/Desktop/dev/OrbitalTeamGrape/utils/test-utils.tsx","statementMap":{"0":{"start":{"line":16,"column":2},"end":{"line":22,"column":4}}},"fnMap":{"0":{"name":"renderWithProviders","decl":{"start":{"line":12,"column":16},"end":{"line":12,"column":35}},"loc":{"start":{"line":12,"column":60},"end":{"line":23,"column":1}},"line":12}},"branchMap":{},"s":{"0":1},"f":{"0":1},"b":{},"_coverageSchema":"1a1c01bbd47fc00a2c39e90264f33305004495a9","hash":"7e766ffb15d502fbd3597c2c30646b6e813c2198"}
}
