{"/Users/nicholasleong/Desktop/dev/OrbitalTeamGrape/index.js": {"path":"/Users/nicholasleong/Desktop/dev/OrbitalTeamGrape/index.js","statementMap":{},"fnMap":{},"branchMap":{},"s":{},"f":{},"b":{}}
,"/Users/nicholasleong/Desktop/dev/OrbitalTeamGrape/app/_layout.jsx": {"path":"/Users/nicholasleong/Desktop/dev/OrbitalTeamGrape/app/_layout.jsx","statementMap":{"0":{"start":{"line":9,"column":2},"end":{"line":9,"column":21}},"1":{"start":{"line":10,"column":2},"end":{"line":18,"column":4}}},"fnMap":{"0":{"name":"Root","decl":{"start":{"line":8,"column":24},"end":{"line":8,"column":28}},"loc":{"start":{"line":8,"column":31},"end":{"line":19,"column":1}},"line":8}},"branchMap":{},"s":{"0":0,"1":0},"f":{"0":0},"b":{}}
,"/Users/nicholasleong/Desktop/dev/OrbitalTeamGrape/app/(auth)/Login.jsx": {"path":"/Users/nicholasleong/Desktop/dev/OrbitalTeamGrape/app/(auth)/Login.jsx","statementMap":{"0":{"start":{"line":15,"column":28},"end":{"line":15,"column":40}},"1":{"start":{"line":16,"column":34},"end":{"line":16,"column":46}},"2":{"start":{"line":17,"column":32},"end":{"line":17,"column":47}},"3":{"start":{"line":18,"column":30},"end":{"line":18,"column":42}},"4":{"start":{"line":19,"column":42},"end":{"line":19,"column":57}},"5":{"start":{"line":20,"column":34},"end":{"line":20,"column":49}},"6":{"start":{"line":22,"column":16},"end":{"line":22,"column":26}},"7":{"start":{"line":24,"column":2},"end":{"line":29,"column":17}},"8":{"start":{"line":25,"column":4},"end":{"line":28,"column":5}},"9":{"start":{"line":26,"column":6},"end":{"line":26,"column":31}},"10":{"start":{"line":27,"column":6},"end":{"line":27,"column":25}},"11":{"start":{"line":31,"column":23},"end":{"line":64,"column":3}},"12":{"start":{"line":33,"column":4},"end":{"line":33,"column":21}},"13":{"start":{"line":36,"column":4},"end":{"line":41,"column":5}},"14":{"start":{"line":37,"column":6},"end":{"line":37,"column":42}},"15":{"start":{"line":38,"column":6},"end":{"line":38,"column":24}},"16":{"start":{"line":39,"column":6},"end":{"line":39,"column":26}},"17":{"start":{"line":40,"column":6},"end":{"line":40,"column":13}},"18":{"start":{"line":42,"column":4},"end":{"line":47,"column":5}},"19":{"start":{"line":43,"column":6},"end":{"line":43,"column":44}},"20":{"start":{"line":44,"column":6},"end":{"line":44,"column":24}},"21":{"start":{"line":45,"column":6},"end":{"line":45,"column":26}},"22":{"start":{"line":46,"column":6},"end":{"line":46,"column":13}},"23":{"start":{"line":49,"column":4},"end":{"line":49,"column":21}},"24":{"start":{"line":50,"column":22},"end":{"line":53,"column":6}},"25":{"start":{"line":55,"column":4},"end":{"line":55,"column":22}},"26":{"start":{"line":56,"column":4},"end":{"line":61,"column":5}},"27":{"start":{"line":57,"column":6},"end":{"line":59,"column":9}},"28":{"start":{"line":58,"column":37},"end":{"line":58,"column":69}},"29":{"start":{"line":60,"column":6},"end":{"line":60,"column":13}},"30":{"start":{"line":63,"column":4},"end":{"line":63,"column":22}},"31":{"start":{"line":66,"column":25},"end":{"line":68,"column":3}},"32":{"start":{"line":67,"column":4},"end":{"line":67,"column":35}},"33":{"start":{"line":70,"column":21},"end":{"line":70,"column":36}},"34":{"start":{"line":72,"column":2},"end":{"line":185,"column":4}},"35":{"start":{"line":160,"column":31},"end":{"line":160,"column":62}},"36":{"start":{"line":174,"column":31},"end":{"line":174,"column":67}},"37":{"start":{"line":188,"column":15},"end":{"line":268,"column":2}}},"fnMap":{"0":{"name":"Login","decl":{"start":{"line":14,"column":24},"end":{"line":14,"column":29}},"loc":{"start":{"line":14,"column":32},"end":{"line":186,"column":1}},"line":14},"1":{"name":"(anonymous_1)","decl":{"start":{"line":24,"column":12},"end":{"line":24,"column":13}},"loc":{"start":{"line":24,"column":18},"end":{"line":29,"column":3}},"line":24},"2":{"name":"(anonymous_2)","decl":{"start":{"line":31,"column":23},"end":{"line":31,"column":24}},"loc":{"start":{"line":31,"column":35},"end":{"line":64,"column":3}},"line":31},"3":{"name":"(anonymous_3)","decl":{"start":{"line":58,"column":31},"end":{"line":58,"column":32}},"loc":{"start":{"line":58,"column":37},"end":{"line":58,"column":69}},"line":58},"4":{"name":"(anonymous_4)","decl":{"start":{"line":66,"column":25},"end":{"line":66,"column":26}},"loc":{"start":{"line":66,"column":31},"end":{"line":68,"column":3}},"line":66},"5":{"name":"(anonymous_5)","decl":{"start":{"line":160,"column":25},"end":{"line":160,"column":26}},"loc":{"start":{"line":160,"column":31},"end":{"line":160,"column":62}},"line":160},"6":{"name":"(anonymous_6)","decl":{"start":{"line":174,"column":25},"end":{"line":174,"column":26}},"loc":{"start":{"line":174,"column":31},"end":{"line":174,"column":67}},"line":174}},"branchMap":{"0":{"loc":{"start":{"line":25,"column":4},"end":{"line":28,"column":5}},"type":"if","locations":[{"start":{"line":25,"column":4},"end":{"line":28,"column":5}},{"start":{},"end":{}}],"line":25},"1":{"loc":{"start":{"line":36,"column":4},"end":{"line":41,"column":5}},"type":"if","locations":[{"start":{"line":36,"column":4},"end":{"line":41,"column":5}},{"start":{},"end":{}}],"line":36},"2":{"loc":{"start":{"line":42,"column":4},"end":{"line":47,"column":5}},"type":"if","locations":[{"start":{"line":42,"column":4},"end":{"line":47,"column":5}},{"start":{},"end":{}}],"line":42},"3":{"loc":{"start":{"line":56,"column":4},"end":{"line":61,"column":5}},"type":"if","locations":[{"start":{"line":56,"column":4},"end":{"line":61,"column":5}},{"start":{},"end":{}}],"line":56},"4":{"loc":{"start":{"line":131,"column":22},"end":{"line":131,"column":60}},"type":"cond-expr","locations":[{"start":{"line":131,"column":37},"end":{"line":131,"column":46}},{"start":{"line":131,"column":49},"end":{"line":131,"column":60}}],"line":131},"5":{"loc":{"start":{"line":137,"column":13},"end":{"line":137,"column":66}},"type":"binary-expr","locations":[{"start":{"line":137,"column":13},"end":{"line":137,"column":25}},{"start":{"line":137,"column":29},"end":{"line":137,"column":66}}],"line":137}},"s":{"0":15,"1":15,"2":15,"3":15,"4":15,"5":15,"6":15,"7":15,"8":8,"9":1,"10":1,"11":15,"12":3,"13":3,"14":1,"15":1,"16":1,"17":1,"18":2,"19":1,"20":1,"21":1,"22":1,"23":1,"24":1,"25":1,"26":1,"27":0,"28":0,"29":0,"30":1,"31":15,"32":0,"33":15,"34":15,"35":1,"36":1,"37":1},"f":{"0":15,"1":8,"2":3,"3":0,"4":0,"5":1,"6":1},"b":{"0":[1,7],"1":[1,2],"2":[1,1],"3":[0,1],"4":[0,15],"5":[15,2]},"_coverageSchema":"1a1c01bbd47fc00a2c39e90264f33305004495a9","hash":"88cfdc9061aac051bea188ba4d056386860ab19f"}
,"/Users/nicholasleong/Desktop/dev/OrbitalTeamGrape/app/(auth)/Register.jsx": {"path":"/Users/nicholasleong/Desktop/dev/OrbitalTeamGrape/app/(auth)/Register.jsx","statementMap":{"0":{"start":{"line":9,"column":28},"end":{"line":9,"column":40}},"1":{"start":{"line":10,"column":34},"end":{"line":10,"column":46}},"2":{"start":{"line":11,"column":52},"end":{"line":11,"column":64}},"3":{"start":{"line":12,"column":32},"end":{"line":12,"column":47}},"4":{"start":{"line":13,"column":30},"end":{"line":13,"column":42}},"5":{"start":{"line":14,"column":42},"end":{"line":14,"column":57}},"6":{"start":{"line":16,"column":23},"end":{"line":37,"column":3}},"7":{"start":{"line":17,"column":4},"end":{"line":20,"column":5}},"8":{"start":{"line":18,"column":6},"end":{"line":18,"column":40}},"9":{"start":{"line":19,"column":6},"end":{"line":19,"column":13}},"10":{"start":{"line":21,"column":4},"end":{"line":24,"column":5}},"11":{"start":{"line":22,"column":6},"end":{"line":22,"column":43}},"12":{"start":{"line":23,"column":6},"end":{"line":23,"column":13}},"13":{"start":{"line":25,"column":4},"end":{"line":28,"column":5}},"14":{"start":{"line":26,"column":6},"end":{"line":26,"column":42}},"15":{"start":{"line":27,"column":6},"end":{"line":27,"column":13}},"16":{"start":{"line":30,"column":4},"end":{"line":30,"column":21}},"17":{"start":{"line":31,"column":22},"end":{"line":31,"column":69}},"18":{"start":{"line":32,"column":4},"end":{"line":32,"column":22}},"19":{"start":{"line":33,"column":4},"end":{"line":36,"column":5}},"20":{"start":{"line":34,"column":6},"end":{"line":34,"column":31}},"21":{"start":{"line":35,"column":6},"end":{"line":35,"column":13}},"22":{"start":{"line":39,"column":25},"end":{"line":41,"column":3}},"23":{"start":{"line":40,"column":4},"end":{"line":40,"column":35}},"24":{"start":{"line":43,"column":2},"end":{"line":138,"column":4}},"25":{"start":{"line":141,"column":15},"end":{"line":193,"column":2}}},"fnMap":{"0":{"name":"Register","decl":{"start":{"line":8,"column":24},"end":{"line":8,"column":32}},"loc":{"start":{"line":8,"column":35},"end":{"line":139,"column":1}},"line":8},"1":{"name":"(anonymous_1)","decl":{"start":{"line":16,"column":23},"end":{"line":16,"column":24}},"loc":{"start":{"line":16,"column":35},"end":{"line":37,"column":3}},"line":16},"2":{"name":"(anonymous_2)","decl":{"start":{"line":39,"column":25},"end":{"line":39,"column":26}},"loc":{"start":{"line":39,"column":31},"end":{"line":41,"column":3}},"line":39}},"branchMap":{"0":{"loc":{"start":{"line":17,"column":4},"end":{"line":20,"column":5}},"type":"if","locations":[{"start":{"line":17,"column":4},"end":{"line":20,"column":5}},{"start":{},"end":{}}],"line":17},"1":{"loc":{"start":{"line":21,"column":4},"end":{"line":24,"column":5}},"type":"if","locations":[{"start":{"line":21,"column":4},"end":{"line":24,"column":5}},{"start":{},"end":{}}],"line":21},"2":{"loc":{"start":{"line":25,"column":4},"end":{"line":28,"column":5}},"type":"if","locations":[{"start":{"line":25,"column":4},"end":{"line":28,"column":5}},{"start":{},"end":{}}],"line":25},"3":{"loc":{"start":{"line":33,"column":4},"end":{"line":36,"column":5}},"type":"if","locations":[{"start":{"line":33,"column":4},"end":{"line":36,"column":5}},{"start":{},"end":{}}],"line":33},"4":{"loc":{"start":{"line":63,"column":13},"end":{"line":63,"column":67}},"type":"binary-expr","locations":[{"start":{"line":63,"column":13},"end":{"line":63,"column":26}},{"start":{"line":63,"column":30},"end":{"line":63,"column":67}}],"line":63},"5":{"loc":{"start":{"line":116,"column":22},"end":{"line":116,"column":59}},"type":"cond-expr","locations":[{"start":{"line":116,"column":36},"end":{"line":116,"column":45}},{"start":{"line":116,"column":48},"end":{"line":116,"column":59}}],"line":116}},"s":{"0":16,"1":16,"2":16,"3":16,"4":16,"5":16,"6":16,"7":4,"8":1,"9":1,"10":3,"11":1,"12":1,"13":2,"14":1,"15":1,"16":1,"17":1,"18":0,"19":0,"20":0,"21":0,"22":16,"23":0,"24":16,"25":9},"f":{"0":16,"1":4,"2":0},"b":{"0":[1,3],"1":[1,2],"2":[1,1],"3":[0,0],"4":[16,3],"5":[0,16]},"_coverageSchema":"1a1c01bbd47fc00a2c39e90264f33305004495a9","hash":"07238794705802bdd2de11d6d7979060d54dc92b"}
,"/Users/nicholasleong/Desktop/dev/OrbitalTeamGrape/app/(auth)/StaffRegister.jsx": {"path":"/Users/nicholasleong/Desktop/dev/OrbitalTeamGrape/app/(auth)/StaffRegister.jsx","statementMap":{"0":{"start":{"line":9,"column":28},"end":{"line":9,"column":40}},"1":{"start":{"line":10,"column":34},"end":{"line":10,"column":46}},"2":{"start":{"line":11,"column":52},"end":{"line":11,"column":64}},"3":{"start":{"line":12,"column":32},"end":{"line":12,"column":47}},"4":{"start":{"line":13,"column":30},"end":{"line":13,"column":42}},"5":{"start":{"line":14,"column":26},"end":{"line":14,"column":38}},"6":{"start":{"line":15,"column":42},"end":{"line":15,"column":57}},"7":{"start":{"line":16,"column":34},"end":{"line":16,"column":49}},"8":{"start":{"line":18,"column":20},"end":{"line":18,"column":26}},"9":{"start":{"line":20,"column":23},"end":{"line":58,"column":3}},"10":{"start":{"line":22,"column":4},"end":{"line":25,"column":5}},"11":{"start":{"line":23,"column":6},"end":{"line":23,"column":42}},"12":{"start":{"line":24,"column":6},"end":{"line":24,"column":13}},"13":{"start":{"line":26,"column":4},"end":{"line":29,"column":5}},"14":{"start":{"line":27,"column":6},"end":{"line":27,"column":44}},"15":{"start":{"line":28,"column":6},"end":{"line":28,"column":13}},"16":{"start":{"line":30,"column":4},"end":{"line":33,"column":5}},"17":{"start":{"line":31,"column":6},"end":{"line":31,"column":42}},"18":{"start":{"line":32,"column":6},"end":{"line":32,"column":13}},"19":{"start":{"line":34,"column":4},"end":{"line":37,"column":5}},"20":{"start":{"line":35,"column":6},"end":{"line":35,"column":47}},"21":{"start":{"line":36,"column":6},"end":{"line":36,"column":13}},"22":{"start":{"line":38,"column":4},"end":{"line":41,"column":5}},"23":{"start":{"line":39,"column":6},"end":{"line":39,"column":39}},"24":{"start":{"line":40,"column":6},"end":{"line":40,"column":13}},"25":{"start":{"line":43,"column":4},"end":{"line":43,"column":21}},"26":{"start":{"line":44,"column":22},"end":{"line":44,"column":69}},"27":{"start":{"line":45,"column":4},"end":{"line":45,"column":22}},"28":{"start":{"line":47,"column":4},"end":{"line":50,"column":5}},"29":{"start":{"line":48,"column":6},"end":{"line":48,"column":31}},"30":{"start":{"line":49,"column":6},"end":{"line":49,"column":13}},"31":{"start":{"line":52,"column":28},"end":{"line":52,"column":51}},"32":{"start":{"line":54,"column":4},"end":{"line":56,"column":5}},"33":{"start":{"line":55,"column":6},"end":{"line":55,"column":41}},"34":{"start":{"line":57,"column":4},"end":{"line":57,"column":11}},"35":{"start":{"line":60,"column":25},"end":{"line":62,"column":3}},"36":{"start":{"line":61,"column":4},"end":{"line":61,"column":35}},"37":{"start":{"line":63,"column":21},"end":{"line":65,"column":3}},"38":{"start":{"line":64,"column":4},"end":{"line":64,"column":27}},"39":{"start":{"line":67,"column":2},"end":{"line":201,"column":4}},"40":{"start":{"line":204,"column":15},"end":{"line":253,"column":2}}},"fnMap":{"0":{"name":"StaffRegister","decl":{"start":{"line":8,"column":24},"end":{"line":8,"column":37}},"loc":{"start":{"line":8,"column":40},"end":{"line":202,"column":1}},"line":8},"1":{"name":"(anonymous_1)","decl":{"start":{"line":20,"column":23},"end":{"line":20,"column":24}},"loc":{"start":{"line":20,"column":35},"end":{"line":58,"column":3}},"line":20},"2":{"name":"(anonymous_2)","decl":{"start":{"line":60,"column":25},"end":{"line":60,"column":26}},"loc":{"start":{"line":60,"column":31},"end":{"line":62,"column":3}},"line":60},"3":{"name":"(anonymous_3)","decl":{"start":{"line":63,"column":21},"end":{"line":63,"column":22}},"loc":{"start":{"line":63,"column":27},"end":{"line":65,"column":3}},"line":63}},"branchMap":{"0":{"loc":{"start":{"line":22,"column":4},"end":{"line":25,"column":5}},"type":"if","locations":[{"start":{"line":22,"column":4},"end":{"line":25,"column":5}},{"start":{},"end":{}}],"line":22},"1":{"loc":{"start":{"line":26,"column":4},"end":{"line":29,"column":5}},"type":"if","locations":[{"start":{"line":26,"column":4},"end":{"line":29,"column":5}},{"start":{},"end":{}}],"line":26},"2":{"loc":{"start":{"line":30,"column":4},"end":{"line":33,"column":5}},"type":"if","locations":[{"start":{"line":30,"column":4},"end":{"line":33,"column":5}},{"start":{},"end":{}}],"line":30},"3":{"loc":{"start":{"line":34,"column":4},"end":{"line":37,"column":5}},"type":"if","locations":[{"start":{"line":34,"column":4},"end":{"line":37,"column":5}},{"start":{},"end":{}}],"line":34},"4":{"loc":{"start":{"line":38,"column":4},"end":{"line":41,"column":5}},"type":"if","locations":[{"start":{"line":38,"column":4},"end":{"line":41,"column":5}},{"start":{},"end":{}}],"line":38},"5":{"loc":{"start":{"line":47,"column":4},"end":{"line":50,"column":5}},"type":"if","locations":[{"start":{"line":47,"column":4},"end":{"line":50,"column":5}},{"start":{},"end":{}}],"line":47},"6":{"loc":{"start":{"line":54,"column":4},"end":{"line":56,"column":5}},"type":"if","locations":[{"start":{"line":54,"column":4},"end":{"line":56,"column":5}},{"start":{},"end":{}}],"line":54},"7":{"loc":{"start":{"line":85,"column":13},"end":{"line":85,"column":67}},"type":"binary-expr","locations":[{"start":{"line":85,"column":13},"end":{"line":85,"column":26}},{"start":{"line":85,"column":30},"end":{"line":85,"column":67}}],"line":85},"8":{"loc":{"start":{"line":161,"column":24},"end":{"line":161,"column":62}},"type":"cond-expr","locations":[{"start":{"line":161,"column":39},"end":{"line":161,"column":48}},{"start":{"line":161,"column":51},"end":{"line":161,"column":62}}],"line":161},"9":{"loc":{"start":{"line":179,"column":24},"end":{"line":179,"column":58}},"type":"cond-expr","locations":[{"start":{"line":179,"column":35},"end":{"line":179,"column":44}},{"start":{"line":179,"column":47},"end":{"line":179,"column":58}}],"line":179}},"s":{"0":22,"1":22,"2":22,"3":22,"4":22,"5":22,"6":22,"7":22,"8":22,"9":22,"10":5,"11":1,"12":1,"13":4,"14":1,"15":1,"16":3,"17":1,"18":1,"19":2,"20":1,"21":1,"22":1,"23":0,"24":0,"25":1,"26":1,"27":0,"28":0,"29":0,"30":0,"31":0,"32":0,"33":0,"34":0,"35":22,"36":0,"37":22,"38":0,"39":22,"40":9},"f":{"0":22,"1":5,"2":0,"3":0},"b":{"0":[1,4],"1":[1,3],"2":[1,2],"3":[1,1],"4":[0,1],"5":[0,0],"6":[0,0],"7":[22,4],"8":[0,22],"9":[0,22]},"_coverageSchema":"1a1c01bbd47fc00a2c39e90264f33305004495a9","hash":"87d0bf4ab0b5d3bff73b7cd58c655a21271c94f5"}
,"/Users/nicholasleong/Desktop/dev/OrbitalTeamGrape/app/(auth)/_layout.jsx": {"path":"/Users/nicholasleong/Desktop/dev/OrbitalTeamGrape/app/(auth)/_layout.jsx","statementMap":{"0":{"start":{"line":4,"column":2},"end":{"line":10,"column":4}}},"fnMap":{"0":{"name":"AuthLayout","decl":{"start":{"line":3,"column":24},"end":{"line":3,"column":34}},"loc":{"start":{"line":3,"column":37},"end":{"line":11,"column":1}},"line":3}},"branchMap":{},"s":{"0":0},"f":{"0":0},"b":{}}
,"/Users/nicholasleong/Desktop/dev/OrbitalTeamGrape/app/(home)/Contacts.jsx": {"path":"/Users/nicholasleong/Desktop/dev/OrbitalTeamGrape/app/(home)/Contacts.jsx","statementMap":{"0":{"start":{"line":12,"column":33},"end":{"line":15,"column":3}},"1":{"start":{"line":13,"column":16},"end":{"line":13,"column":36}},"2":{"start":{"line":14,"column":4},"end":{"line":14,"column":25}},"3":{"start":{"line":17,"column":2},"end":{"line":98,"column":4}},"4":{"start":{"line":33,"column":29},"end":{"line":33,"column":68}},"5":{"start":{"line":42,"column":29},"end":{"line":42,"column":68}},"6":{"start":{"line":51,"column":29},"end":{"line":51,"column":68}},"7":{"start":{"line":62,"column":29},"end":{"line":62,"column":68}},"8":{"start":{"line":74,"column":29},"end":{"line":74,"column":58}},"9":{"start":{"line":82,"column":29},"end":{"line":82,"column":58}},"10":{"start":{"line":90,"column":29},"end":{"line":90,"column":59}},"11":{"start":{"line":101,"column":15},"end":{"line":144,"column":2}}},"fnMap":{"0":{"name":"Contact","decl":{"start":{"line":11,"column":24},"end":{"line":11,"column":31}},"loc":{"start":{"line":11,"column":34},"end":{"line":99,"column":1}},"line":11},"1":{"name":"(anonymous_1)","decl":{"start":{"line":12,"column":33},"end":{"line":12,"column":34}},"loc":{"start":{"line":12,"column":50},"end":{"line":15,"column":3}},"line":12},"2":{"name":"(anonymous_2)","decl":{"start":{"line":33,"column":23},"end":{"line":33,"column":24}},"loc":{"start":{"line":33,"column":29},"end":{"line":33,"column":68}},"line":33},"3":{"name":"(anonymous_3)","decl":{"start":{"line":42,"column":23},"end":{"line":42,"column":24}},"loc":{"start":{"line":42,"column":29},"end":{"line":42,"column":68}},"line":42},"4":{"name":"(anonymous_4)","decl":{"start":{"line":51,"column":23},"end":{"line":51,"column":24}},"loc":{"start":{"line":51,"column":29},"end":{"line":51,"column":68}},"line":51},"5":{"name":"(anonymous_5)","decl":{"start":{"line":62,"column":23},"end":{"line":62,"column":24}},"loc":{"start":{"line":62,"column":29},"end":{"line":62,"column":68}},"line":62},"6":{"name":"(anonymous_6)","decl":{"start":{"line":74,"column":23},"end":{"line":74,"column":24}},"loc":{"start":{"line":74,"column":29},"end":{"line":74,"column":58}},"line":74},"7":{"name":"(anonymous_7)","decl":{"start":{"line":82,"column":23},"end":{"line":82,"column":24}},"loc":{"start":{"line":82,"column":29},"end":{"line":82,"column":58}},"line":82},"8":{"name":"(anonymous_8)","decl":{"start":{"line":90,"column":23},"end":{"line":90,"column":24}},"loc":{"start":{"line":90,"column":29},"end":{"line":90,"column":59}},"line":90}},"branchMap":{},"s":{"0":0,"1":0,"2":0,"3":0,"4":0,"5":0,"6":0,"7":0,"8":0,"9":0,"10":0,"11":0},"f":{"0":0,"1":0,"2":0,"3":0,"4":0,"5":0,"6":0,"7":0,"8":0},"b":{}}
,"/Users/nicholasleong/Desktop/dev/OrbitalTeamGrape/app/(home)/EventMap.jsx": {"path":"/Users/nicholasleong/Desktop/dev/OrbitalTeamGrape/app/(home)/EventMap.jsx","statementMap":{"0":{"start":{"line":18,"column":26},"end":{"line":18,"column":50}},"1":{"start":{"line":20,"column":20},"end":{"line":20,"column":30}},"2":{"start":{"line":21,"column":19},"end":{"line":21,"column":35}},"3":{"start":{"line":24,"column":42},"end":{"line":24,"column":54}},"4":{"start":{"line":25,"column":20},"end":{"line":25,"column":35}},"5":{"start":{"line":26,"column":52},"end":{"line":26,"column":63}},"6":{"start":{"line":27,"column":44},"end":{"line":27,"column":59}},"7":{"start":{"line":28,"column":42},"end":{"line":28,"column":57}},"8":{"start":{"line":29,"column":56},"end":{"line":29,"column":70}},"9":{"start":{"line":31,"column":30},"end":{"line":36,"column":4}},"10":{"start":{"line":37,"column":23},"end":{"line":44,"column":3}},"11":{"start":{"line":38,"column":4},"end":{"line":43,"column":5}},"12":{"start":{"line":39,"column":24},"end":{"line":39,"column":51}},"13":{"start":{"line":40,"column":6},"end":{"line":40,"column":33}},"14":{"start":{"line":42,"column":6},"end":{"line":42,"column":54}},"15":{"start":{"line":46,"column":2},"end":{"line":50,"column":16}},"16":{"start":{"line":47,"column":4},"end":{"line":49,"column":5}},"17":{"start":{"line":48,"column":6},"end":{"line":48,"column":21}},"18":{"start":{"line":52,"column":2},"end":{"line":54,"column":9}},"19":{"start":{"line":53,"column":4},"end":{"line":53,"column":19}},"20":{"start":{"line":56,"column":23},"end":{"line":66,"column":3}},"21":{"start":{"line":57,"column":20},"end":{"line":57,"column":53}},"22":{"start":{"line":58,"column":18},"end":{"line":58,"column":50}},"23":{"start":{"line":60,"column":4},"end":{"line":65,"column":5}},"24":{"start":{"line":61,"column":6},"end":{"line":63,"column":7}},"25":{"start":{"line":62,"column":8},"end":{"line":62,"column":15}},"26":{"start":{"line":64,"column":6},"end":{"line":64,"column":34}},"27":{"start":{"line":68,"column":24},"end":{"line":68,"column":36}},"28":{"start":{"line":70,"column":28},"end":{"line":82,"column":3}},"29":{"start":{"line":71,"column":4},"end":{"line":71,"column":27}},"30":{"start":{"line":72,"column":4},"end":{"line":72,"column":32}},"31":{"start":{"line":73,"column":4},"end":{"line":73,"column":24}},"32":{"start":{"line":75,"column":4},"end":{"line":78,"column":7}},"33":{"start":{"line":79,"column":4},"end":{"line":81,"column":12}},"34":{"start":{"line":80,"column":6},"end":{"line":80,"column":30}},"35":{"start":{"line":84,"column":27},"end":{"line":87,"column":3}},"36":{"start":{"line":85,"column":4},"end":{"line":85,"column":35}},"37":{"start":{"line":86,"column":4},"end":{"line":86,"column":33}},"38":{"start":{"line":89,"column":23},"end":{"line":92,"column":3}},"39":{"start":{"line":90,"column":4},"end":{"line":90,"column":34}},"40":{"start":{"line":91,"column":4},"end":{"line":91,"column":35}},"41":{"start":{"line":94,"column":2},"end":{"line":232,"column":4}},"42":{"start":{"line":103,"column":10},"end":{"line":128,"column":12}},"43":{"start":{"line":111,"column":29},"end":{"line":111,"column":76}},"44":{"start":{"line":143,"column":10},"end":{"line":228,"column":12}},"45":{"start":{"line":175,"column":31},"end":{"line":175,"column":73}},"46":{"start":{"line":235,"column":15},"end":{"line":372,"column":2}}},"fnMap":{"0":{"name":"EventMap","decl":{"start":{"line":23,"column":24},"end":{"line":23,"column":32}},"loc":{"start":{"line":23,"column":35},"end":{"line":233,"column":1}},"line":23},"1":{"name":"(anonymous_1)","decl":{"start":{"line":37,"column":23},"end":{"line":37,"column":24}},"loc":{"start":{"line":37,"column":35},"end":{"line":44,"column":3}},"line":37},"2":{"name":"(anonymous_2)","decl":{"start":{"line":46,"column":12},"end":{"line":46,"column":13}},"loc":{"start":{"line":46,"column":18},"end":{"line":50,"column":3}},"line":46},"3":{"name":"(anonymous_3)","decl":{"start":{"line":52,"column":12},"end":{"line":52,"column":13}},"loc":{"start":{"line":52,"column":18},"end":{"line":54,"column":3}},"line":52},"4":{"name":"(anonymous_4)","decl":{"start":{"line":56,"column":23},"end":{"line":56,"column":24}},"loc":{"start":{"line":56,"column":34},"end":{"line":66,"column":3}},"line":56},"5":{"name":"(anonymous_5)","decl":{"start":{"line":70,"column":28},"end":{"line":70,"column":29}},"loc":{"start":{"line":70,"column":39},"end":{"line":82,"column":3}},"line":70},"6":{"name":"(anonymous_6)","decl":{"start":{"line":79,"column":15},"end":{"line":79,"column":16}},"loc":{"start":{"line":79,"column":21},"end":{"line":81,"column":5}},"line":79},"7":{"name":"(anonymous_7)","decl":{"start":{"line":84,"column":27},"end":{"line":84,"column":28}},"loc":{"start":{"line":84,"column":33},"end":{"line":87,"column":3}},"line":84},"8":{"name":"(anonymous_8)","decl":{"start":{"line":89,"column":23},"end":{"line":89,"column":24}},"loc":{"start":{"line":89,"column":34},"end":{"line":92,"column":3}},"line":89},"9":{"name":"(anonymous_9)","decl":{"start":{"line":102,"column":26},"end":{"line":102,"column":27}},"loc":{"start":{"line":102,"column":38},"end":{"line":129,"column":9}},"line":102},"10":{"name":"(anonymous_10)","decl":{"start":{"line":111,"column":23},"end":{"line":111,"column":24}},"loc":{"start":{"line":111,"column":29},"end":{"line":111,"column":76}},"line":111},"11":{"name":"(anonymous_11)","decl":{"start":{"line":142,"column":26},"end":{"line":142,"column":27}},"loc":{"start":{"line":142,"column":38},"end":{"line":229,"column":9}},"line":142},"12":{"name":"(anonymous_12)","decl":{"start":{"line":175,"column":25},"end":{"line":175,"column":26}},"loc":{"start":{"line":175,"column":31},"end":{"line":175,"column":73}},"line":175}},"branchMap":{"0":{"loc":{"start":{"line":47,"column":4},"end":{"line":49,"column":5}},"type":"if","locations":[{"start":{"line":47,"column":4},"end":{"line":49,"column":5}},{"start":{},"end":{}}],"line":47},"1":{"loc":{"start":{"line":60,"column":4},"end":{"line":65,"column":5}},"type":"if","locations":[{"start":{"line":60,"column":4},"end":{"line":65,"column":5}},{"start":{},"end":{}}],"line":60},"2":{"loc":{"start":{"line":61,"column":6},"end":{"line":63,"column":7}},"type":"if","locations":[{"start":{"line":61,"column":6},"end":{"line":63,"column":7}},{"start":{},"end":{}}],"line":61},"3":{"loc":{"start":{"line":61,"column":10},"end":{"line":61,"column":51}},"type":"binary-expr","locations":[{"start":{"line":61,"column":10},"end":{"line":61,"column":38}},{"start":{"line":61,"column":42},"end":{"line":61,"column":51}}],"line":61},"4":{"loc":{"start":{"line":117,"column":18},"end":{"line":120,"column":19}},"type":"binary-expr","locations":[{"start":{"line":117,"column":18},"end":{"line":117,"column":68}},{"start":{"line":117,"column":72},"end":{"line":120,"column":19}}],"line":117},"5":{"loc":{"start":{"line":121,"column":18},"end":{"line":124,"column":19}},"type":"binary-expr","locations":[{"start":{"line":121,"column":18},"end":{"line":121,"column":68}},{"start":{"line":121,"column":72},"end":{"line":124,"column":19}}],"line":121},"6":{"loc":{"start":{"line":148,"column":16},"end":{"line":149,"column":37}},"type":"binary-expr","locations":[{"start":{"line":148,"column":16},"end":{"line":148,"column":66}},{"start":{"line":149,"column":18},"end":{"line":149,"column":37}}],"line":148},"7":{"loc":{"start":{"line":189,"column":19},"end":{"line":216,"column":19}},"type":"binary-expr","locations":[{"start":{"line":189,"column":19},"end":{"line":189,"column":46}},{"start":{"line":190,"column":20},"end":{"line":215,"column":27}}],"line":189}},"s":{"0":1,"1":1,"2":1,"3":7,"4":7,"5":7,"6":7,"7":7,"8":7,"9":7,"10":7,"11":3,"12":3,"13":3,"14":0,"15":7,"16":3,"17":0,"18":7,"19":3,"20":7,"21":0,"22":0,"23":0,"24":0,"25":0,"26":0,"27":7,"28":7,"29":0,"30":0,"31":0,"32":0,"33":0,"34":0,"35":7,"36":0,"37":0,"38":7,"39":1,"40":1,"41":7,"42":8,"43":0,"44":8,"45":1,"46":1},"f":{"0":7,"1":3,"2":3,"3":3,"4":0,"5":0,"6":0,"7":0,"8":1,"9":8,"10":0,"11":8,"12":1},"b":{"0":[0,3],"1":[0,0],"2":[0,0],"3":[0,0],"4":[8,4],"5":[8,4],"6":[8,4],"7":[8,2]},"_coverageSchema":"1a1c01bbd47fc00a2c39e90264f33305004495a9","hash":"d65ae706bc6910fb27eeb9700b6be9b6cec43dfd"}
,"/Users/nicholasleong/Desktop/dev/OrbitalTeamGrape/app/(home)/IncidentForm.jsx": {"path":"/Users/nicholasleong/Desktop/dev/OrbitalTeamGrape/app/(home)/IncidentForm.jsx","statementMap":{"0":{"start":{"line":24,"column":32},"end":{"line":24,"column":47}},"1":{"start":{"line":25,"column":30},"end":{"line":25,"column":42}},"2":{"start":{"line":26,"column":58},"end":{"line":26,"column":73}},"3":{"start":{"line":28,"column":34},"end":{"line":28,"column":60}},"4":{"start":{"line":29,"column":26},"end":{"line":29,"column":41}},"5":{"start":{"line":30,"column":44},"end":{"line":37,"column":4}},"6":{"start":{"line":39,"column":30},"end":{"line":39,"column":42}},"7":{"start":{"line":41,"column":32},"end":{"line":41,"column":58}},"8":{"start":{"line":42,"column":28},"end":{"line":42,"column":43}},"9":{"start":{"line":43,"column":42},"end":{"line":48,"column":4}},"10":{"start":{"line":50,"column":34},"end":{"line":50,"column":46}},"11":{"start":{"line":52,"column":32},"end":{"line":52,"column":44}},"12":{"start":{"line":54,"column":44},"end":{"line":54,"column":59}},"13":{"start":{"line":56,"column":21},"end":{"line":56,"column":36}},"14":{"start":{"line":58,"column":21},"end":{"line":87,"column":3}},"15":{"start":{"line":59,"column":4},"end":{"line":69,"column":5}},"16":{"start":{"line":67,"column":6},"end":{"line":67,"column":35}},"17":{"start":{"line":68,"column":6},"end":{"line":68,"column":13}},"18":{"start":{"line":70,"column":4},"end":{"line":85,"column":7}},"19":{"start":{"line":74,"column":10},"end":{"line":74,"column":39}},"20":{"start":{"line":75,"column":10},"end":{"line":75,"column":40}},"21":{"start":{"line":76,"column":10},"end":{"line":76,"column":24}},"22":{"start":{"line":77,"column":10},"end":{"line":77,"column":39}},"23":{"start":{"line":78,"column":10},"end":{"line":78,"column":26}},"24":{"start":{"line":79,"column":10},"end":{"line":79,"column":25}},"25":{"start":{"line":80,"column":10},"end":{"line":80,"column":24}},"26":{"start":{"line":81,"column":10},"end":{"line":81,"column":25}},"27":{"start":{"line":86,"column":4},"end":{"line":86,"column":11}},"28":{"start":{"line":90,"column":20},"end":{"line":101,"column":3}},"29":{"start":{"line":91,"column":17},"end":{"line":96,"column":6}},"30":{"start":{"line":98,"column":4},"end":{"line":100,"column":5}},"31":{"start":{"line":99,"column":6},"end":{"line":99,"column":37}},"32":{"start":{"line":104,"column":40},"end":{"line":104,"column":69}},"33":{"start":{"line":105,"column":40},"end":{"line":105,"column":55}},"34":{"start":{"line":106,"column":28},"end":{"line":106,"column":42}},"35":{"start":{"line":107,"column":28},"end":{"line":107,"column":68}},"36":{"start":{"line":108,"column":20},"end":{"line":108,"column":32}},"37":{"start":{"line":117,"column":2},"end":{"line":126,"column":3}},"38":{"start":{"line":118,"column":4},"end":{"line":125,"column":6}},"39":{"start":{"line":128,"column":23},"end":{"line":130,"column":3}},"40":{"start":{"line":129,"column":4},"end":{"line":129,"column":25}},"41":{"start":{"line":132,"column":22},"end":{"line":141,"column":3}},"42":{"start":{"line":133,"column":4},"end":{"line":140,"column":5}},"43":{"start":{"line":134,"column":6},"end":{"line":139,"column":7}},"44":{"start":{"line":135,"column":21},"end":{"line":135,"column":63}},"45":{"start":{"line":136,"column":8},"end":{"line":136,"column":56}},"46":{"start":{"line":143,"column":23},"end":{"line":164,"column":3}},"47":{"start":{"line":144,"column":4},"end":{"line":163,"column":5}},"48":{"start":{"line":145,"column":21},"end":{"line":145,"column":35}},"49":{"start":{"line":146,"column":18},"end":{"line":146,"column":61}},"50":{"start":{"line":147,"column":23},"end":{"line":147,"column":52}},"51":{"start":{"line":148,"column":6},"end":{"line":152,"column":9}},"52":{"start":{"line":154,"column":24},"end":{"line":154,"column":79}},"53":{"start":{"line":155,"column":31},"end":{"line":155,"column":76}},"54":{"start":{"line":157,"column":6},"end":{"line":157,"column":48}},"55":{"start":{"line":157,"column":17},"end":{"line":157,"column":48}},"56":{"start":{"line":158,"column":6},"end":{"line":158,"column":49}},"57":{"start":{"line":158,"column":18},"end":{"line":158,"column":49}},"58":{"start":{"line":160,"column":6},"end":{"line":160,"column":28}},"59":{"start":{"line":167,"column":29},"end":{"line":169,"column":3}},"60":{"start":{"line":168,"column":4},"end":{"line":168,"column":38}},"61":{"start":{"line":171,"column":23},"end":{"line":231,"column":3}},"62":{"start":{"line":172,"column":4},"end":{"line":175,"column":5}},"63":{"start":{"line":173,"column":6},"end":{"line":173,"column":42}},"64":{"start":{"line":174,"column":6},"end":{"line":174,"column":13}},"65":{"start":{"line":176,"column":4},"end":{"line":179,"column":5}},"66":{"start":{"line":177,"column":6},"end":{"line":177,"column":45}},"67":{"start":{"line":178,"column":6},"end":{"line":178,"column":13}},"68":{"start":{"line":180,"column":4},"end":{"line":183,"column":5}},"69":{"start":{"line":181,"column":6},"end":{"line":181,"column":47}},"70":{"start":{"line":182,"column":6},"end":{"line":182,"column":13}},"71":{"start":{"line":184,"column":4},"end":{"line":187,"column":5}},"72":{"start":{"line":185,"column":6},"end":{"line":185,"column":37}},"73":{"start":{"line":186,"column":6},"end":{"line":186,"column":13}},"74":{"start":{"line":189,"column":4},"end":{"line":192,"column":5}},"75":{"start":{"line":190,"column":6},"end":{"line":190,"column":59}},"76":{"start":{"line":191,"column":6},"end":{"line":191,"column":13}},"77":{"start":{"line":195,"column":4},"end":{"line":195,"column":21}},"78":{"start":{"line":196,"column":4},"end":{"line":196,"column":27}},"79":{"start":{"line":198,"column":17},"end":{"line":198,"column":37}},"80":{"start":{"line":200,"column":21},"end":{"line":206,"column":5}},"81":{"start":{"line":209,"column":18},"end":{"line":209,"column":66}},"82":{"start":{"line":210,"column":4},"end":{"line":221,"column":5}},"83":{"start":{"line":211,"column":6},"end":{"line":215,"column":8}},"84":{"start":{"line":214,"column":38},"end":{"line":214,"column":63}},"85":{"start":{"line":217,"column":6},"end":{"line":219,"column":9}},"86":{"start":{"line":218,"column":37},"end":{"line":218,"column":69}},"87":{"start":{"line":220,"column":6},"end":{"line":220,"column":13}},"88":{"start":{"line":222,"column":4},"end":{"line":222,"column":34}},"89":{"start":{"line":223,"column":4},"end":{"line":223,"column":18}},"90":{"start":{"line":224,"column":4},"end":{"line":224,"column":33}},"91":{"start":{"line":225,"column":4},"end":{"line":225,"column":20}},"92":{"start":{"line":226,"column":4},"end":{"line":226,"column":19}},"93":{"start":{"line":227,"column":4},"end":{"line":227,"column":19}},"94":{"start":{"line":228,"column":4},"end":{"line":228,"column":18}},"95":{"start":{"line":229,"column":4},"end":{"line":229,"column":28}},"96":{"start":{"line":230,"column":4},"end":{"line":230,"column":22}},"97":{"start":{"line":233,"column":2},"end":{"line":518,"column":4}},"98":{"start":{"line":249,"column":29},"end":{"line":249,"column":50}},"99":{"start":{"line":286,"column":29},"end":{"line":286,"column":45}},"100":{"start":{"line":318,"column":31},"end":{"line":318,"column":45}},"101":{"start":{"line":334,"column":31},"end":{"line":334,"column":52}},"102":{"start":{"line":377,"column":18},"end":{"line":377,"column":60}},"103":{"start":{"line":392,"column":18},"end":{"line":397,"column":19}},"104":{"start":{"line":394,"column":20},"end":{"line":394,"column":34}},"105":{"start":{"line":396,"column":20},"end":{"line":396,"column":36}},"106":{"start":{"line":430,"column":18},"end":{"line":435,"column":19}},"107":{"start":{"line":432,"column":20},"end":{"line":432,"column":36}},"108":{"start":{"line":434,"column":20},"end":{"line":434,"column":38}},"109":{"start":{"line":451,"column":18},"end":{"line":456,"column":19}},"110":{"start":{"line":453,"column":20},"end":{"line":453,"column":35}},"111":{"start":{"line":455,"column":20},"end":{"line":455,"column":37}},"112":{"start":{"line":521,"column":15},"end":{"line":624,"column":2}}},"fnMap":{"0":{"name":"IncidentForm","decl":{"start":{"line":23,"column":24},"end":{"line":23,"column":36}},"loc":{"start":{"line":23,"column":39},"end":{"line":519,"column":1}},"line":23},"1":{"name":"(anonymous_1)","decl":{"start":{"line":58,"column":21},"end":{"line":58,"column":22}},"loc":{"start":{"line":58,"column":27},"end":{"line":87,"column":3}},"line":58},"2":{"name":"(anonymous_2)","decl":{"start":{"line":73,"column":17},"end":{"line":73,"column":18}},"loc":{"start":{"line":73,"column":23},"end":{"line":82,"column":9}},"line":73},"3":{"name":"(anonymous_3)","decl":{"start":{"line":90,"column":20},"end":{"line":90,"column":21}},"loc":{"start":{"line":90,"column":32},"end":{"line":101,"column":3}},"line":90},"4":{"name":"(anonymous_4)","decl":{"start":{"line":128,"column":23},"end":{"line":128,"column":24}},"loc":{"start":{"line":128,"column":29},"end":{"line":130,"column":3}},"line":128},"5":{"name":"(anonymous_5)","decl":{"start":{"line":132,"column":22},"end":{"line":132,"column":23}},"loc":{"start":{"line":132,"column":34},"end":{"line":141,"column":3}},"line":132},"6":{"name":"(anonymous_6)","decl":{"start":{"line":143,"column":23},"end":{"line":143,"column":24}},"loc":{"start":{"line":143,"column":35},"end":{"line":164,"column":3}},"line":143},"7":{"name":"(anonymous_7)","decl":{"start":{"line":167,"column":29},"end":{"line":167,"column":30}},"loc":{"start":{"line":167,"column":35},"end":{"line":169,"column":3}},"line":167},"8":{"name":"(anonymous_8)","decl":{"start":{"line":171,"column":23},"end":{"line":171,"column":24}},"loc":{"start":{"line":171,"column":35},"end":{"line":231,"column":3}},"line":171},"9":{"name":"(anonymous_9)","decl":{"start":{"line":214,"column":32},"end":{"line":214,"column":33}},"loc":{"start":{"line":214,"column":38},"end":{"line":214,"column":63}},"line":214},"10":{"name":"(anonymous_10)","decl":{"start":{"line":218,"column":31},"end":{"line":218,"column":32}},"loc":{"start":{"line":218,"column":37},"end":{"line":218,"column":69}},"line":218},"11":{"name":"(anonymous_11)","decl":{"start":{"line":249,"column":23},"end":{"line":249,"column":24}},"loc":{"start":{"line":249,"column":29},"end":{"line":249,"column":50}},"line":249},"12":{"name":"(anonymous_12)","decl":{"start":{"line":286,"column":23},"end":{"line":286,"column":24}},"loc":{"start":{"line":286,"column":29},"end":{"line":286,"column":45}},"line":286},"13":{"name":"(anonymous_13)","decl":{"start":{"line":318,"column":25},"end":{"line":318,"column":26}},"loc":{"start":{"line":318,"column":31},"end":{"line":318,"column":45}},"line":318},"14":{"name":"(anonymous_14)","decl":{"start":{"line":334,"column":25},"end":{"line":334,"column":26}},"loc":{"start":{"line":334,"column":31},"end":{"line":334,"column":52}},"line":334},"15":{"name":"(anonymous_15)","decl":{"start":{"line":376,"column":31},"end":{"line":376,"column":32}},"loc":{"start":{"line":377,"column":18},"end":{"line":377,"column":60}},"line":377},"16":{"name":"(anonymous_16)","decl":{"start":{"line":391,"column":30},"end":{"line":391,"column":31}},"loc":{"start":{"line":391,"column":40},"end":{"line":398,"column":17}},"line":391},"17":{"name":"(anonymous_17)","decl":{"start":{"line":429,"column":30},"end":{"line":429,"column":31}},"loc":{"start":{"line":429,"column":40},"end":{"line":436,"column":17}},"line":429},"18":{"name":"(anonymous_18)","decl":{"start":{"line":450,"column":30},"end":{"line":450,"column":31}},"loc":{"start":{"line":450,"column":40},"end":{"line":457,"column":17}},"line":450}},"branchMap":{"0":{"loc":{"start":{"line":59,"column":4},"end":{"line":69,"column":5}},"type":"if","locations":[{"start":{"line":59,"column":4},"end":{"line":69,"column":5}},{"start":{},"end":{}}],"line":59},"1":{"loc":{"start":{"line":60,"column":6},"end":{"line":65,"column":19}},"type":"binary-expr","locations":[{"start":{"line":60,"column":6},"end":{"line":60,"column":34}},{"start":{"line":61,"column":6},"end":{"line":61,"column":18}},{"start":{"line":62,"column":6},"end":{"line":62,"column":33}},{"start":{"line":63,"column":6},"end":{"line":63,"column":20}},{"start":{"line":64,"column":6},"end":{"line":64,"column":19}},{"start":{"line":65,"column":6},"end":{"line":65,"column":19}}],"line":60},"2":{"loc":{"start":{"line":98,"column":4},"end":{"line":100,"column":5}},"type":"if","locations":[{"start":{"line":98,"column":4},"end":{"line":100,"column":5}},{"start":{},"end":{}}],"line":98},"3":{"loc":{"start":{"line":117,"column":2},"end":{"line":126,"column":3}},"type":"if","locations":[{"start":{"line":117,"column":2},"end":{"line":126,"column":3}},{"start":{},"end":{}}],"line":117},"4":{"loc":{"start":{"line":133,"column":4},"end":{"line":140,"column":5}},"type":"if","locations":[{"start":{"line":133,"column":4},"end":{"line":140,"column":5}},{"start":{},"end":{}}],"line":133},"5":{"loc":{"start":{"line":136,"column":17},"end":{"line":136,"column":54}},"type":"cond-expr","locations":[{"start":{"line":136,"column":37},"end":{"line":136,"column":43}},{"start":{"line":136,"column":46},"end":{"line":136,"column":54}}],"line":136},"6":{"loc":{"start":{"line":157,"column":6},"end":{"line":157,"column":48}},"type":"if","locations":[{"start":{"line":157,"column":6},"end":{"line":157,"column":48}},{"start":{},"end":{}}],"line":157},"7":{"loc":{"start":{"line":158,"column":6},"end":{"line":158,"column":49}},"type":"if","locations":[{"start":{"line":158,"column":6},"end":{"line":158,"column":49}},{"start":{},"end":{}}],"line":158},"8":{"loc":{"start":{"line":168,"column":11},"end":{"line":168,"column":37}},"type":"cond-expr","locations":[{"start":{"line":168,"column":20},"end":{"line":168,"column":26}},{"start":{"line":168,"column":29},"end":{"line":168,"column":37}}],"line":168},"9":{"loc":{"start":{"line":172,"column":4},"end":{"line":175,"column":5}},"type":"if","locations":[{"start":{"line":172,"column":4},"end":{"line":175,"column":5}},{"start":{},"end":{}}],"line":172},"10":{"loc":{"start":{"line":176,"column":4},"end":{"line":179,"column":5}},"type":"if","locations":[{"start":{"line":176,"column":4},"end":{"line":179,"column":5}},{"start":{},"end":{}}],"line":176},"11":{"loc":{"start":{"line":176,"column":8},"end":{"line":176,"column":44}},"type":"binary-expr","locations":[{"start":{"line":176,"column":8},"end":{"line":176,"column":28}},{"start":{"line":176,"column":32},"end":{"line":176,"column":44}}],"line":176},"12":{"loc":{"start":{"line":180,"column":4},"end":{"line":183,"column":5}},"type":"if","locations":[{"start":{"line":180,"column":4},"end":{"line":183,"column":5}},{"start":{},"end":{}}],"line":180},"13":{"loc":{"start":{"line":184,"column":4},"end":{"line":187,"column":5}},"type":"if","locations":[{"start":{"line":184,"column":4},"end":{"line":187,"column":5}},{"start":{},"end":{}}],"line":184},"14":{"loc":{"start":{"line":189,"column":4},"end":{"line":192,"column":5}},"type":"if","locations":[{"start":{"line":189,"column":4},"end":{"line":192,"column":5}},{"start":{},"end":{}}],"line":189},"15":{"loc":{"start":{"line":210,"column":4},"end":{"line":221,"column":5}},"type":"if","locations":[{"start":{"line":210,"column":4},"end":{"line":221,"column":5}},{"start":{"line":216,"column":11},"end":{"line":221,"column":5}}],"line":210},"16":{"loc":{"start":{"line":235,"column":7},"end":{"line":516,"column":8}},"type":"cond-expr","locations":[{"start":{"line":236,"column":8},"end":{"line":295,"column":17}},{"start":{"line":296,"column":10},"end":{"line":516,"column":8}}],"line":235},"17":{"loc":{"start":{"line":235,"column":7},"end":{"line":235,"column":28}},"type":"binary-expr","locations":[{"start":{"line":235,"column":7},"end":{"line":235,"column":18}},{"start":{"line":235,"column":22},"end":{"line":235,"column":28}}],"line":235},"18":{"loc":{"start":{"line":281,"column":33},"end":{"line":281,"column":63}},"type":"cond-expr","locations":[{"start":{"line":281,"column":41},"end":{"line":281,"column":47}},{"start":{"line":281,"column":50},"end":{"line":281,"column":63}}],"line":281},"19":{"loc":{"start":{"line":290,"column":24},"end":{"line":290,"column":64}},"type":"cond-expr","locations":[{"start":{"line":290,"column":32},"end":{"line":290,"column":43}},{"start":{"line":290,"column":46},"end":{"line":290,"column":64}}],"line":290},"20":{"loc":{"start":{"line":296,"column":10},"end":{"line":516,"column":8}},"type":"cond-expr","locations":[{"start":{"line":297,"column":8},"end":{"line":342,"column":15}},{"start":{"line":344,"column":6},"end":{"line":515,"column":13}}],"line":296},"21":{"loc":{"start":{"line":296,"column":10},"end":{"line":296,"column":30}},"type":"binary-expr","locations":[{"start":{"line":296,"column":10},"end":{"line":296,"column":21}},{"start":{"line":296,"column":25},"end":{"line":296,"column":30}}],"line":296},"22":{"loc":{"start":{"line":392,"column":18},"end":{"line":397,"column":19}},"type":"if","locations":[{"start":{"line":392,"column":18},"end":{"line":397,"column":19}},{"start":{"line":395,"column":25},"end":{"line":397,"column":19}}],"line":392},"23":{"loc":{"start":{"line":430,"column":18},"end":{"line":435,"column":19}},"type":"if","locations":[{"start":{"line":430,"column":18},"end":{"line":435,"column":19}},{"start":{"line":433,"column":25},"end":{"line":435,"column":19}}],"line":430},"24":{"loc":{"start":{"line":451,"column":18},"end":{"line":456,"column":19}},"type":"if","locations":[{"start":{"line":451,"column":18},"end":{"line":456,"column":19}},{"start":{"line":454,"column":25},"end":{"line":456,"column":19}}],"line":451},"25":{"loc":{"start":{"line":479,"column":21},"end":{"line":479,"column":68}},"type":"cond-expr","locations":[{"start":{"line":479,"column":37},"end":{"line":479,"column":53}},{"start":{"line":479,"column":56},"end":{"line":479,"column":68}}],"line":479},"26":{"loc":{"start":{"line":483,"column":17},"end":{"line":491,"column":17}},"type":"binary-expr","locations":[{"start":{"line":483,"column":17},"end":{"line":483,"column":30}},{"start":{"line":484,"column":18},"end":{"line":490,"column":25}}],"line":483},"27":{"loc":{"start":{"line":498,"column":17},"end":{"line":498,"column":71}},"type":"binary-expr","locations":[{"start":{"line":498,"column":17},"end":{"line":498,"column":30}},{"start":{"line":498,"column":34},"end":{"line":498,"column":71}}],"line":498}},"s":{"0":42,"1":42,"2":42,"3":42,"4":42,"5":42,"6":42,"7":42,"8":42,"9":42,"10":42,"11":42,"12":42,"13":42,"14":42,"15":1,"16":1,"17":1,"18":0,"19":0,"20":0,"21":0,"22":0,"23":0,"24":0,"25":0,"26":0,"27":0,"28":42,"29":0,"30":0,"31":0,"32":42,"33":42,"34":42,"35":42,"36":42,"37":42,"38":1,"39":41,"40":1,"41":41,"42":1,"43":1,"44":1,"45":1,"46":41,"47":1,"48":1,"49":1,"50":1,"51":1,"52":1,"53":0,"54":0,"55":0,"56":0,"57":0,"58":0,"59":41,"60":1,"61":41,"62":5,"63":1,"64":1,"65":4,"66":1,"67":1,"68":3,"69":1,"70":1,"71":2,"72":1,"73":1,"74":1,"75":0,"76":0,"77":1,"78":1,"79":1,"80":1,"81":1,"82":1,"83":1,"84":0,"85":0,"86":0,"87":0,"88":1,"89":1,"90":1,"91":1,"92":1,"93":1,"94":1,"95":1,"96":1,"97":41,"98":0,"99":0,"100":0,"101":1,"102":5,"103":0,"104":0,"105":0,"106":1,"107":0,"108":1,"109":0,"110":0,"111":0,"112":1},"f":{"0":42,"1":1,"2":0,"3":0,"4":1,"5":1,"6":1,"7":1,"8":5,"9":0,"10":0,"11":0,"12":0,"13":0,"14":1,"15":5,"16":0,"17":1,"18":0},"b":{"0":[1,0],"1":[1,1,1,1,1,1],"2":[0,0],"3":[1,41],"4":[1,0],"5":[1,0],"6":[0,0],"7":[0,0],"8":[0,1],"9":[1,4],"10":[1,3],"11":[4,1],"12":[1,2],"13":[1,1],"14":[0,1],"15":[1,0],"16":[1,40],"17":[41,2],"18":[0,1],"19":[0,1],"20":[1,39],"21":[40,1],"22":[0,0],"23":[0,1],"24":[0,0],"25":[32,7],"26":[39,7],"27":[39,4]},"_coverageSchema":"1a1c01bbd47fc00a2c39e90264f33305004495a9","hash":"f44745b3f0efd99153f0b0bea66feae2c451e7a4"}
,"/Users/nicholasleong/Desktop/dev/OrbitalTeamGrape/app/(home)/InfrastructureForm.jsx": {"path":"/Users/nicholasleong/Desktop/dev/OrbitalTeamGrape/app/(home)/InfrastructureForm.jsx","statementMap":{"0":{"start":{"line":17,"column":32},"end":{"line":17,"column":47}},"1":{"start":{"line":18,"column":30},"end":{"line":18,"column":42}},"2":{"start":{"line":19,"column":58},"end":{"line":19,"column":73}},"3":{"start":{"line":22,"column":34},"end":{"line":22,"column":60}},"4":{"start":{"line":23,"column":26},"end":{"line":23,"column":41}},"5":{"start":{"line":24,"column":48},"end":{"line":31,"column":4}},"6":{"start":{"line":33,"column":30},"end":{"line":33,"column":42}},"7":{"start":{"line":35,"column":34},"end":{"line":35,"column":46}},"8":{"start":{"line":37,"column":32},"end":{"line":37,"column":44}},"9":{"start":{"line":39,"column":44},"end":{"line":39,"column":59}},"10":{"start":{"line":42,"column":29},"end":{"line":44,"column":3}},"11":{"start":{"line":43,"column":4},"end":{"line":43,"column":38}},"12":{"start":{"line":45,"column":21},"end":{"line":45,"column":36}},"13":{"start":{"line":47,"column":21},"end":{"line":74,"column":3}},"14":{"start":{"line":48,"column":4},"end":{"line":57,"column":5}},"15":{"start":{"line":55,"column":6},"end":{"line":55,"column":35}},"16":{"start":{"line":56,"column":6},"end":{"line":56,"column":13}},"17":{"start":{"line":58,"column":4},"end":{"line":72,"column":7}},"18":{"start":{"line":62,"column":10},"end":{"line":62,"column":39}},"19":{"start":{"line":63,"column":10},"end":{"line":63,"column":40}},"20":{"start":{"line":64,"column":10},"end":{"line":64,"column":24}},"21":{"start":{"line":65,"column":10},"end":{"line":65,"column":26}},"22":{"start":{"line":66,"column":10},"end":{"line":66,"column":25}},"23":{"start":{"line":67,"column":10},"end":{"line":67,"column":24}},"24":{"start":{"line":68,"column":10},"end":{"line":68,"column":25}},"25":{"start":{"line":73,"column":4},"end":{"line":73,"column":11}},"26":{"start":{"line":77,"column":20},"end":{"line":88,"column":3}},"27":{"start":{"line":78,"column":17},"end":{"line":83,"column":6}},"28":{"start":{"line":85,"column":4},"end":{"line":87,"column":5}},"29":{"start":{"line":86,"column":6},"end":{"line":86,"column":37}},"30":{"start":{"line":91,"column":40},"end":{"line":91,"column":69}},"31":{"start":{"line":92,"column":40},"end":{"line":92,"column":55}},"32":{"start":{"line":93,"column":28},"end":{"line":93,"column":42}},"33":{"start":{"line":94,"column":28},"end":{"line":94,"column":68}},"34":{"start":{"line":95,"column":20},"end":{"line":95,"column":32}},"35":{"start":{"line":104,"column":2},"end":{"line":113,"column":3}},"36":{"start":{"line":105,"column":4},"end":{"line":112,"column":6}},"37":{"start":{"line":115,"column":23},"end":{"line":117,"column":3}},"38":{"start":{"line":116,"column":4},"end":{"line":116,"column":25}},"39":{"start":{"line":119,"column":22},"end":{"line":128,"column":3}},"40":{"start":{"line":120,"column":4},"end":{"line":127,"column":5}},"41":{"start":{"line":121,"column":6},"end":{"line":126,"column":7}},"42":{"start":{"line":122,"column":21},"end":{"line":122,"column":63}},"43":{"start":{"line":123,"column":8},"end":{"line":123,"column":56}},"44":{"start":{"line":130,"column":23},"end":{"line":151,"column":3}},"45":{"start":{"line":131,"column":4},"end":{"line":150,"column":5}},"46":{"start":{"line":132,"column":21},"end":{"line":132,"column":35}},"47":{"start":{"line":133,"column":18},"end":{"line":133,"column":61}},"48":{"start":{"line":134,"column":23},"end":{"line":134,"column":52}},"49":{"start":{"line":135,"column":6},"end":{"line":139,"column":9}},"50":{"start":{"line":141,"column":24},"end":{"line":141,"column":76}},"51":{"start":{"line":142,"column":31},"end":{"line":142,"column":73}},"52":{"start":{"line":144,"column":6},"end":{"line":144,"column":48}},"53":{"start":{"line":144,"column":17},"end":{"line":144,"column":48}},"54":{"start":{"line":145,"column":6},"end":{"line":145,"column":49}},"55":{"start":{"line":145,"column":18},"end":{"line":145,"column":49}},"56":{"start":{"line":147,"column":6},"end":{"line":147,"column":28}},"57":{"start":{"line":154,"column":23},"end":{"line":207,"column":3}},"58":{"start":{"line":155,"column":4},"end":{"line":158,"column":5}},"59":{"start":{"line":156,"column":6},"end":{"line":156,"column":42}},"60":{"start":{"line":157,"column":6},"end":{"line":157,"column":13}},"61":{"start":{"line":159,"column":4},"end":{"line":162,"column":5}},"62":{"start":{"line":160,"column":6},"end":{"line":160,"column":45}},"63":{"start":{"line":161,"column":6},"end":{"line":161,"column":13}},"64":{"start":{"line":163,"column":4},"end":{"line":166,"column":5}},"65":{"start":{"line":164,"column":6},"end":{"line":164,"column":37}},"66":{"start":{"line":165,"column":6},"end":{"line":165,"column":13}},"67":{"start":{"line":168,"column":4},"end":{"line":171,"column":5}},"68":{"start":{"line":169,"column":6},"end":{"line":169,"column":59}},"69":{"start":{"line":170,"column":6},"end":{"line":170,"column":13}},"70":{"start":{"line":173,"column":4},"end":{"line":173,"column":21}},"71":{"start":{"line":174,"column":4},"end":{"line":174,"column":27}},"72":{"start":{"line":176,"column":17},"end":{"line":176,"column":37}},"73":{"start":{"line":178,"column":21},"end":{"line":183,"column":5}},"74":{"start":{"line":186,"column":18},"end":{"line":186,"column":63}},"75":{"start":{"line":187,"column":4},"end":{"line":198,"column":5}},"76":{"start":{"line":188,"column":6},"end":{"line":192,"column":8}},"77":{"start":{"line":191,"column":38},"end":{"line":191,"column":63}},"78":{"start":{"line":194,"column":6},"end":{"line":196,"column":9}},"79":{"start":{"line":195,"column":37},"end":{"line":195,"column":69}},"80":{"start":{"line":197,"column":6},"end":{"line":197,"column":13}},"81":{"start":{"line":199,"column":4},"end":{"line":199,"column":34}},"82":{"start":{"line":200,"column":4},"end":{"line":200,"column":18}},"83":{"start":{"line":201,"column":4},"end":{"line":201,"column":20}},"84":{"start":{"line":202,"column":4},"end":{"line":202,"column":19}},"85":{"start":{"line":203,"column":4},"end":{"line":203,"column":19}},"86":{"start":{"line":204,"column":4},"end":{"line":204,"column":18}},"87":{"start":{"line":205,"column":4},"end":{"line":205,"column":28}},"88":{"start":{"line":206,"column":4},"end":{"line":206,"column":22}},"89":{"start":{"line":209,"column":2},"end":{"line":471,"column":4}},"90":{"start":{"line":225,"column":29},"end":{"line":225,"column":50}},"91":{"start":{"line":260,"column":29},"end":{"line":260,"column":45}},"92":{"start":{"line":292,"column":31},"end":{"line":292,"column":45}},"93":{"start":{"line":308,"column":31},"end":{"line":308,"column":52}},"94":{"start":{"line":353,"column":20},"end":{"line":353,"column":62}},"95":{"start":{"line":382,"column":20},"end":{"line":387,"column":21}},"96":{"start":{"line":384,"column":22},"end":{"line":384,"column":38}},"97":{"start":{"line":386,"column":22},"end":{"line":386,"column":40}},"98":{"start":{"line":404,"column":20},"end":{"line":409,"column":21}},"99":{"start":{"line":406,"column":22},"end":{"line":406,"column":37}},"100":{"start":{"line":408,"column":22},"end":{"line":408,"column":39}},"101":{"start":{"line":474,"column":15},"end":{"line":579,"column":2}}},"fnMap":{"0":{"name":"InfrastructureForm","decl":{"start":{"line":16,"column":24},"end":{"line":16,"column":42}},"loc":{"start":{"line":16,"column":45},"end":{"line":472,"column":1}},"line":16},"1":{"name":"(anonymous_1)","decl":{"start":{"line":42,"column":29},"end":{"line":42,"column":30}},"loc":{"start":{"line":42,"column":35},"end":{"line":44,"column":3}},"line":42},"2":{"name":"(anonymous_2)","decl":{"start":{"line":47,"column":21},"end":{"line":47,"column":22}},"loc":{"start":{"line":47,"column":27},"end":{"line":74,"column":3}},"line":47},"3":{"name":"(anonymous_3)","decl":{"start":{"line":61,"column":17},"end":{"line":61,"column":18}},"loc":{"start":{"line":61,"column":23},"end":{"line":69,"column":9}},"line":61},"4":{"name":"(anonymous_4)","decl":{"start":{"line":77,"column":20},"end":{"line":77,"column":21}},"loc":{"start":{"line":77,"column":32},"end":{"line":88,"column":3}},"line":77},"5":{"name":"(anonymous_5)","decl":{"start":{"line":115,"column":23},"end":{"line":115,"column":24}},"loc":{"start":{"line":115,"column":29},"end":{"line":117,"column":3}},"line":115},"6":{"name":"(anonymous_6)","decl":{"start":{"line":119,"column":22},"end":{"line":119,"column":23}},"loc":{"start":{"line":119,"column":34},"end":{"line":128,"column":3}},"line":119},"7":{"name":"(anonymous_7)","decl":{"start":{"line":130,"column":23},"end":{"line":130,"column":24}},"loc":{"start":{"line":130,"column":35},"end":{"line":151,"column":3}},"line":130},"8":{"name":"(anonymous_8)","decl":{"start":{"line":154,"column":23},"end":{"line":154,"column":24}},"loc":{"start":{"line":154,"column":35},"end":{"line":207,"column":3}},"line":154},"9":{"name":"(anonymous_9)","decl":{"start":{"line":191,"column":32},"end":{"line":191,"column":33}},"loc":{"start":{"line":191,"column":38},"end":{"line":191,"column":63}},"line":191},"10":{"name":"(anonymous_10)","decl":{"start":{"line":195,"column":31},"end":{"line":195,"column":32}},"loc":{"start":{"line":195,"column":37},"end":{"line":195,"column":69}},"line":195},"11":{"name":"(anonymous_11)","decl":{"start":{"line":225,"column":23},"end":{"line":225,"column":24}},"loc":{"start":{"line":225,"column":29},"end":{"line":225,"column":50}},"line":225},"12":{"name":"(anonymous_12)","decl":{"start":{"line":260,"column":23},"end":{"line":260,"column":24}},"loc":{"start":{"line":260,"column":29},"end":{"line":260,"column":45}},"line":260},"13":{"name":"(anonymous_13)","decl":{"start":{"line":292,"column":25},"end":{"line":292,"column":26}},"loc":{"start":{"line":292,"column":31},"end":{"line":292,"column":45}},"line":292},"14":{"name":"(anonymous_14)","decl":{"start":{"line":308,"column":25},"end":{"line":308,"column":26}},"loc":{"start":{"line":308,"column":31},"end":{"line":308,"column":52}},"line":308},"15":{"name":"(anonymous_15)","decl":{"start":{"line":352,"column":33},"end":{"line":352,"column":34}},"loc":{"start":{"line":353,"column":20},"end":{"line":353,"column":62}},"line":353},"16":{"name":"(anonymous_16)","decl":{"start":{"line":381,"column":32},"end":{"line":381,"column":33}},"loc":{"start":{"line":381,"column":42},"end":{"line":388,"column":19}},"line":381},"17":{"name":"(anonymous_17)","decl":{"start":{"line":403,"column":32},"end":{"line":403,"column":33}},"loc":{"start":{"line":403,"column":42},"end":{"line":410,"column":19}},"line":403}},"branchMap":{"0":{"loc":{"start":{"line":43,"column":11},"end":{"line":43,"column":37}},"type":"cond-expr","locations":[{"start":{"line":43,"column":20},"end":{"line":43,"column":26}},{"start":{"line":43,"column":29},"end":{"line":43,"column":37}}],"line":43},"1":{"loc":{"start":{"line":48,"column":4},"end":{"line":57,"column":5}},"type":"if","locations":[{"start":{"line":48,"column":4},"end":{"line":57,"column":5}},{"start":{},"end":{}}],"line":48},"2":{"loc":{"start":{"line":49,"column":6},"end":{"line":53,"column":19}},"type":"binary-expr","locations":[{"start":{"line":49,"column":6},"end":{"line":49,"column":34}},{"start":{"line":50,"column":6},"end":{"line":50,"column":18}},{"start":{"line":51,"column":6},"end":{"line":51,"column":20}},{"start":{"line":52,"column":6},"end":{"line":52,"column":19}},{"start":{"line":53,"column":6},"end":{"line":53,"column":19}}],"line":49},"3":{"loc":{"start":{"line":85,"column":4},"end":{"line":87,"column":5}},"type":"if","locations":[{"start":{"line":85,"column":4},"end":{"line":87,"column":5}},{"start":{},"end":{}}],"line":85},"4":{"loc":{"start":{"line":104,"column":2},"end":{"line":113,"column":3}},"type":"if","locations":[{"start":{"line":104,"column":2},"end":{"line":113,"column":3}},{"start":{},"end":{}}],"line":104},"5":{"loc":{"start":{"line":120,"column":4},"end":{"line":127,"column":5}},"type":"if","locations":[{"start":{"line":120,"column":4},"end":{"line":127,"column":5}},{"start":{},"end":{}}],"line":120},"6":{"loc":{"start":{"line":123,"column":17},"end":{"line":123,"column":54}},"type":"cond-expr","locations":[{"start":{"line":123,"column":37},"end":{"line":123,"column":43}},{"start":{"line":123,"column":46},"end":{"line":123,"column":54}}],"line":123},"7":{"loc":{"start":{"line":144,"column":6},"end":{"line":144,"column":48}},"type":"if","locations":[{"start":{"line":144,"column":6},"end":{"line":144,"column":48}},{"start":{},"end":{}}],"line":144},"8":{"loc":{"start":{"line":145,"column":6},"end":{"line":145,"column":49}},"type":"if","locations":[{"start":{"line":145,"column":6},"end":{"line":145,"column":49}},{"start":{},"end":{}}],"line":145},"9":{"loc":{"start":{"line":155,"column":4},"end":{"line":158,"column":5}},"type":"if","locations":[{"start":{"line":155,"column":4},"end":{"line":158,"column":5}},{"start":{},"end":{}}],"line":155},"10":{"loc":{"start":{"line":159,"column":4},"end":{"line":162,"column":5}},"type":"if","locations":[{"start":{"line":159,"column":4},"end":{"line":162,"column":5}},{"start":{},"end":{}}],"line":159},"11":{"loc":{"start":{"line":159,"column":8},"end":{"line":159,"column":44}},"type":"binary-expr","locations":[{"start":{"line":159,"column":8},"end":{"line":159,"column":28}},{"start":{"line":159,"column":32},"end":{"line":159,"column":44}}],"line":159},"12":{"loc":{"start":{"line":163,"column":4},"end":{"line":166,"column":5}},"type":"if","locations":[{"start":{"line":163,"column":4},"end":{"line":166,"column":5}},{"start":{},"end":{}}],"line":163},"13":{"loc":{"start":{"line":168,"column":4},"end":{"line":171,"column":5}},"type":"if","locations":[{"start":{"line":168,"column":4},"end":{"line":171,"column":5}},{"start":{},"end":{}}],"line":168},"14":{"loc":{"start":{"line":187,"column":4},"end":{"line":198,"column":5}},"type":"if","locations":[{"start":{"line":187,"column":4},"end":{"line":198,"column":5}},{"start":{"line":193,"column":11},"end":{"line":198,"column":5}}],"line":187},"15":{"loc":{"start":{"line":211,"column":7},"end":{"line":469,"column":7}},"type":"cond-expr","locations":[{"start":{"line":212,"column":8},"end":{"line":269,"column":17}},{"start":{"line":270,"column":10},"end":{"line":469,"column":7}}],"line":211},"16":{"loc":{"start":{"line":211,"column":7},"end":{"line":211,"column":28}},"type":"binary-expr","locations":[{"start":{"line":211,"column":7},"end":{"line":211,"column":18}},{"start":{"line":211,"column":22},"end":{"line":211,"column":28}}],"line":211},"17":{"loc":{"start":{"line":255,"column":33},"end":{"line":255,"column":63}},"type":"cond-expr","locations":[{"start":{"line":255,"column":41},"end":{"line":255,"column":47}},{"start":{"line":255,"column":50},"end":{"line":255,"column":63}}],"line":255},"18":{"loc":{"start":{"line":264,"column":24},"end":{"line":264,"column":64}},"type":"cond-expr","locations":[{"start":{"line":264,"column":32},"end":{"line":264,"column":43}},{"start":{"line":264,"column":46},"end":{"line":264,"column":64}}],"line":264},"19":{"loc":{"start":{"line":270,"column":10},"end":{"line":469,"column":7}},"type":"cond-expr","locations":[{"start":{"line":271,"column":8},"end":{"line":316,"column":15}},{"start":{"line":318,"column":8},"end":{"line":468,"column":15}}],"line":270},"20":{"loc":{"start":{"line":270,"column":10},"end":{"line":270,"column":30}},"type":"binary-expr","locations":[{"start":{"line":270,"column":10},"end":{"line":270,"column":21}},{"start":{"line":270,"column":25},"end":{"line":270,"column":30}}],"line":270},"21":{"loc":{"start":{"line":382,"column":20},"end":{"line":387,"column":21}},"type":"if","locations":[{"start":{"line":382,"column":20},"end":{"line":387,"column":21}},{"start":{"line":385,"column":27},"end":{"line":387,"column":21}}],"line":382},"22":{"loc":{"start":{"line":404,"column":20},"end":{"line":409,"column":21}},"type":"if","locations":[{"start":{"line":404,"column":20},"end":{"line":409,"column":21}},{"start":{"line":407,"column":27},"end":{"line":409,"column":21}}],"line":404},"23":{"loc":{"start":{"line":430,"column":23},"end":{"line":430,"column":70}},"type":"cond-expr","locations":[{"start":{"line":430,"column":39},"end":{"line":430,"column":55}},{"start":{"line":430,"column":58},"end":{"line":430,"column":70}}],"line":430},"24":{"loc":{"start":{"line":434,"column":19},"end":{"line":444,"column":19}},"type":"binary-expr","locations":[{"start":{"line":434,"column":19},"end":{"line":434,"column":32}},{"start":{"line":435,"column":20},"end":{"line":443,"column":27}}],"line":434},"25":{"loc":{"start":{"line":451,"column":19},"end":{"line":451,"column":73}},"type":"binary-expr","locations":[{"start":{"line":451,"column":19},"end":{"line":451,"column":32}},{"start":{"line":451,"column":36},"end":{"line":451,"column":73}}],"line":451}},"s":{"0":32,"1":32,"2":32,"3":32,"4":32,"5":32,"6":32,"7":32,"8":32,"9":32,"10":32,"11":1,"12":32,"13":32,"14":1,"15":1,"16":1,"17":0,"18":0,"19":0,"20":0,"21":0,"22":0,"23":0,"24":0,"25":0,"26":32,"27":0,"28":0,"29":0,"30":32,"31":32,"32":32,"33":32,"34":32,"35":32,"36":1,"37":31,"38":1,"39":31,"40":1,"41":1,"42":1,"43":1,"44":31,"45":1,"46":1,"47":1,"48":1,"49":1,"50":1,"51":0,"52":0,"53":0,"54":0,"55":0,"56":0,"57":31,"58":4,"59":1,"60":1,"61":3,"62":1,"63":1,"64":2,"65":1,"66":1,"67":1,"68":0,"69":0,"70":1,"71":1,"72":1,"73":1,"74":1,"75":1,"76":1,"77":0,"78":0,"79":0,"80":0,"81":1,"82":1,"83":1,"84":1,"85":1,"86":1,"87":1,"88":1,"89":31,"90":0,"91":0,"92":0,"93":1,"94":4,"95":1,"96":0,"97":1,"98":0,"99":0,"100":0,"101":1},"f":{"0":32,"1":1,"2":1,"3":0,"4":0,"5":1,"6":1,"7":1,"8":4,"9":0,"10":0,"11":0,"12":0,"13":0,"14":1,"15":4,"16":1,"17":0},"b":{"0":[0,1],"1":[1,0],"2":[1,1,1,1,1],"3":[0,0],"4":[1,31],"5":[1,0],"6":[1,0],"7":[0,0],"8":[0,0],"9":[1,3],"10":[1,2],"11":[3,1],"12":[1,1],"13":[0,1],"14":[1,0],"15":[1,30],"16":[31,2],"17":[0,1],"18":[0,1],"19":[1,29],"20":[30,1],"21":[0,1],"22":[0,0],"23":[23,6],"24":[29,6],"25":[29,3]},"_coverageSchema":"1a1c01bbd47fc00a2c39e90264f33305004495a9","hash":"875dbc9e17eb7f79dfb23479d3ee490c43112d10"}
,"/Users/nicholasleong/Desktop/dev/OrbitalTeamGrape/app/(home)/Map.jsx": {"path":"/Users/nicholasleong/Desktop/dev/OrbitalTeamGrape/app/(home)/Map.jsx","statementMap":{"0":{"start":{"line":24,"column":26},"end":{"line":24,"column":50}},"1":{"start":{"line":26,"column":20},"end":{"line":26,"column":30}},"2":{"start":{"line":27,"column":19},"end":{"line":27,"column":35}},"3":{"start":{"line":30,"column":48},"end":{"line":30,"column":60}},"4":{"start":{"line":31,"column":42},"end":{"line":31,"column":54}},"5":{"start":{"line":32,"column":20},"end":{"line":32,"column":35}},"6":{"start":{"line":33,"column":68},"end":{"line":33,"column":79}},"7":{"start":{"line":34,"column":62},"end":{"line":34,"column":73}},"8":{"start":{"line":35,"column":46},"end":{"line":35,"column":67}},"9":{"start":{"line":36,"column":44},"end":{"line":36,"column":59}},"10":{"start":{"line":37,"column":42},"end":{"line":37,"column":57}},"11":{"start":{"line":38,"column":56},"end":{"line":38,"column":70}},"12":{"start":{"line":40,"column":30},"end":{"line":45,"column":4}},"13":{"start":{"line":46,"column":23},"end":{"line":55,"column":3}},"14":{"start":{"line":47,"column":4},"end":{"line":54,"column":5}},"15":{"start":{"line":48,"column":27},"end":{"line":48,"column":65}},"16":{"start":{"line":49,"column":24},"end":{"line":49,"column":59}},"17":{"start":{"line":50,"column":6},"end":{"line":50,"column":33}},"18":{"start":{"line":51,"column":6},"end":{"line":51,"column":39}},"19":{"start":{"line":53,"column":6},"end":{"line":53,"column":54}},"20":{"start":{"line":57,"column":2},"end":{"line":61,"column":16}},"21":{"start":{"line":58,"column":4},"end":{"line":60,"column":5}},"22":{"start":{"line":59,"column":6},"end":{"line":59,"column":21}},"23":{"start":{"line":63,"column":2},"end":{"line":65,"column":9}},"24":{"start":{"line":64,"column":4},"end":{"line":64,"column":19}},"25":{"start":{"line":67,"column":23},"end":{"line":84,"column":3}},"26":{"start":{"line":68,"column":20},"end":{"line":68,"column":53}},"27":{"start":{"line":69,"column":18},"end":{"line":69,"column":50}},"28":{"start":{"line":71,"column":4},"end":{"line":76,"column":5}},"29":{"start":{"line":72,"column":6},"end":{"line":74,"column":7}},"30":{"start":{"line":73,"column":8},"end":{"line":73,"column":15}},"31":{"start":{"line":75,"column":6},"end":{"line":75,"column":42}},"32":{"start":{"line":78,"column":4},"end":{"line":83,"column":5}},"33":{"start":{"line":79,"column":6},"end":{"line":81,"column":7}},"34":{"start":{"line":80,"column":8},"end":{"line":80,"column":15}},"35":{"start":{"line":82,"column":6},"end":{"line":82,"column":39}},"36":{"start":{"line":86,"column":24},"end":{"line":86,"column":36}},"37":{"start":{"line":88,"column":28},"end":{"line":107,"column":3}},"38":{"start":{"line":89,"column":4},"end":{"line":89,"column":27}},"39":{"start":{"line":90,"column":4},"end":{"line":93,"column":5}},"40":{"start":{"line":91,"column":6},"end":{"line":91,"column":42}},"41":{"start":{"line":92,"column":6},"end":{"line":92,"column":26}},"42":{"start":{"line":95,"column":4},"end":{"line":98,"column":5}},"43":{"start":{"line":96,"column":6},"end":{"line":96,"column":39}},"44":{"start":{"line":97,"column":6},"end":{"line":97,"column":26}},"45":{"start":{"line":100,"column":4},"end":{"line":103,"column":7}},"46":{"start":{"line":104,"column":4},"end":{"line":106,"column":12}},"47":{"start":{"line":105,"column":6},"end":{"line":105,"column":30}},"48":{"start":{"line":109,"column":28},"end":{"line":111,"column":3}},"49":{"start":{"line":110,"column":4},"end":{"line":110,"column":29}},"50":{"start":{"line":113,"column":27},"end":{"line":116,"column":3}},"51":{"start":{"line":114,"column":4},"end":{"line":114,"column":35}},"52":{"start":{"line":115,"column":4},"end":{"line":115,"column":33}},"53":{"start":{"line":118,"column":23},"end":{"line":121,"column":3}},"54":{"start":{"line":119,"column":4},"end":{"line":119,"column":34}},"55":{"start":{"line":120,"column":4},"end":{"line":120,"column":35}},"56":{"start":{"line":123,"column":2},"end":{"line":418,"column":4}},"57":{"start":{"line":152,"column":12},"end":{"line":187,"column":14}},"58":{"start":{"line":161,"column":18},"end":{"line":161,"column":68}},"59":{"start":{"line":191,"column":12},"end":{"line":220,"column":14}},"60":{"start":{"line":199,"column":31},"end":{"line":199,"column":78}},"61":{"start":{"line":236,"column":12},"end":{"line":323,"column":14}},"62":{"start":{"line":269,"column":33},"end":{"line":269,"column":78}},"63":{"start":{"line":327,"column":12},"end":{"line":414,"column":14}},"64":{"start":{"line":361,"column":33},"end":{"line":361,"column":75}},"65":{"start":{"line":421,"column":15},"end":{"line":558,"column":2}}},"fnMap":{"0":{"name":"Map","decl":{"start":{"line":29,"column":24},"end":{"line":29,"column":27}},"loc":{"start":{"line":29,"column":30},"end":{"line":419,"column":1}},"line":29},"1":{"name":"(anonymous_1)","decl":{"start":{"line":46,"column":23},"end":{"line":46,"column":24}},"loc":{"start":{"line":46,"column":35},"end":{"line":55,"column":3}},"line":46},"2":{"name":"(anonymous_2)","decl":{"start":{"line":57,"column":12},"end":{"line":57,"column":13}},"loc":{"start":{"line":57,"column":18},"end":{"line":61,"column":3}},"line":57},"3":{"name":"(anonymous_3)","decl":{"start":{"line":63,"column":12},"end":{"line":63,"column":13}},"loc":{"start":{"line":63,"column":18},"end":{"line":65,"column":3}},"line":63},"4":{"name":"(anonymous_4)","decl":{"start":{"line":67,"column":23},"end":{"line":67,"column":24}},"loc":{"start":{"line":67,"column":34},"end":{"line":84,"column":3}},"line":67},"5":{"name":"(anonymous_5)","decl":{"start":{"line":88,"column":28},"end":{"line":88,"column":29}},"loc":{"start":{"line":88,"column":39},"end":{"line":107,"column":3}},"line":88},"6":{"name":"(anonymous_6)","decl":{"start":{"line":104,"column":15},"end":{"line":104,"column":16}},"loc":{"start":{"line":104,"column":21},"end":{"line":106,"column":5}},"line":104},"7":{"name":"(anonymous_7)","decl":{"start":{"line":109,"column":28},"end":{"line":109,"column":29}},"loc":{"start":{"line":109,"column":39},"end":{"line":111,"column":3}},"line":109},"8":{"name":"(anonymous_8)","decl":{"start":{"line":113,"column":27},"end":{"line":113,"column":28}},"loc":{"start":{"line":113,"column":33},"end":{"line":116,"column":3}},"line":113},"9":{"name":"(anonymous_9)","decl":{"start":{"line":118,"column":23},"end":{"line":118,"column":24}},"loc":{"start":{"line":118,"column":34},"end":{"line":121,"column":3}},"line":118},"10":{"name":"(anonymous_10)","decl":{"start":{"line":151,"column":30},"end":{"line":151,"column":31}},"loc":{"start":{"line":151,"column":42},"end":{"line":188,"column":11}},"line":151},"11":{"name":"(anonymous_11)","decl":{"start":{"line":160,"column":25},"end":{"line":160,"column":26}},"loc":{"start":{"line":161,"column":18},"end":{"line":161,"column":68}},"line":161},"12":{"name":"(anonymous_12)","decl":{"start":{"line":190,"column":27},"end":{"line":190,"column":28}},"loc":{"start":{"line":190,"column":39},"end":{"line":221,"column":11}},"line":190},"13":{"name":"(anonymous_13)","decl":{"start":{"line":199,"column":25},"end":{"line":199,"column":26}},"loc":{"start":{"line":199,"column":31},"end":{"line":199,"column":78}},"line":199},"14":{"name":"(anonymous_14)","decl":{"start":{"line":235,"column":30},"end":{"line":235,"column":31}},"loc":{"start":{"line":235,"column":42},"end":{"line":324,"column":11}},"line":235},"15":{"name":"(anonymous_15)","decl":{"start":{"line":269,"column":27},"end":{"line":269,"column":28}},"loc":{"start":{"line":269,"column":33},"end":{"line":269,"column":78}},"line":269},"16":{"name":"(anonymous_16)","decl":{"start":{"line":326,"column":27},"end":{"line":326,"column":28}},"loc":{"start":{"line":326,"column":39},"end":{"line":415,"column":11}},"line":326},"17":{"name":"(anonymous_17)","decl":{"start":{"line":361,"column":27},"end":{"line":361,"column":28}},"loc":{"start":{"line":361,"column":33},"end":{"line":361,"column":75}},"line":361}},"branchMap":{"0":{"loc":{"start":{"line":58,"column":4},"end":{"line":60,"column":5}},"type":"if","locations":[{"start":{"line":58,"column":4},"end":{"line":60,"column":5}},{"start":{},"end":{}}],"line":58},"1":{"loc":{"start":{"line":71,"column":4},"end":{"line":76,"column":5}},"type":"if","locations":[{"start":{"line":71,"column":4},"end":{"line":76,"column":5}},{"start":{},"end":{}}],"line":71},"2":{"loc":{"start":{"line":71,"column":8},"end":{"line":71,"column":56}},"type":"binary-expr","locations":[{"start":{"line":71,"column":8},"end":{"line":71,"column":38}},{"start":{"line":71,"column":42},"end":{"line":71,"column":56}}],"line":71},"3":{"loc":{"start":{"line":72,"column":6},"end":{"line":74,"column":7}},"type":"if","locations":[{"start":{"line":72,"column":6},"end":{"line":74,"column":7}},{"start":{},"end":{}}],"line":72},"4":{"loc":{"start":{"line":72,"column":10},"end":{"line":72,"column":54}},"type":"binary-expr","locations":[{"start":{"line":72,"column":10},"end":{"line":72,"column":41}},{"start":{"line":72,"column":45},"end":{"line":72,"column":54}}],"line":72},"5":{"loc":{"start":{"line":78,"column":4},"end":{"line":83,"column":5}},"type":"if","locations":[{"start":{"line":78,"column":4},"end":{"line":83,"column":5}},{"start":{},"end":{}}],"line":78},"6":{"loc":{"start":{"line":78,"column":8},"end":{"line":78,"column":62}},"type":"binary-expr","locations":[{"start":{"line":78,"column":8},"end":{"line":78,"column":44}},{"start":{"line":78,"column":48},"end":{"line":78,"column":62}}],"line":78},"7":{"loc":{"start":{"line":79,"column":6},"end":{"line":81,"column":7}},"type":"if","locations":[{"start":{"line":79,"column":6},"end":{"line":81,"column":7}},{"start":{},"end":{}}],"line":79},"8":{"loc":{"start":{"line":79,"column":10},"end":{"line":79,"column":51}},"type":"binary-expr","locations":[{"start":{"line":79,"column":10},"end":{"line":79,"column":38}},{"start":{"line":79,"column":42},"end":{"line":79,"column":51}}],"line":79},"9":{"loc":{"start":{"line":90,"column":4},"end":{"line":93,"column":5}},"type":"if","locations":[{"start":{"line":90,"column":4},"end":{"line":93,"column":5}},{"start":{},"end":{}}],"line":90},"10":{"loc":{"start":{"line":95,"column":4},"end":{"line":98,"column":5}},"type":"if","locations":[{"start":{"line":95,"column":4},"end":{"line":98,"column":5}},{"start":{},"end":{}}],"line":95},"11":{"loc":{"start":{"line":150,"column":9},"end":{"line":188,"column":12}},"type":"binary-expr","locations":[{"start":{"line":150,"column":9},"end":{"line":150,"column":39}},{"start":{"line":151,"column":10},"end":{"line":188,"column":12}}],"line":150},"12":{"loc":{"start":{"line":167,"column":20},"end":{"line":171,"column":35}},"type":"cond-expr","locations":[{"start":{"line":168,"column":24},"end":{"line":168,"column":33}},{"start":{"line":169,"column":24},"end":{"line":171,"column":35}}],"line":167},"13":{"loc":{"start":{"line":169,"column":24},"end":{"line":171,"column":35}},"type":"cond-expr","locations":[{"start":{"line":170,"column":24},"end":{"line":170,"column":36}},{"start":{"line":171,"column":24},"end":{"line":171,"column":35}}],"line":169},"14":{"loc":{"start":{"line":174,"column":20},"end":{"line":178,"column":21}},"type":"binary-expr","locations":[{"start":{"line":174,"column":20},"end":{"line":175,"column":53}},{"start":{"line":175,"column":57},"end":{"line":178,"column":21}}],"line":174},"15":{"loc":{"start":{"line":179,"column":20},"end":{"line":183,"column":21}},"type":"binary-expr","locations":[{"start":{"line":179,"column":20},"end":{"line":180,"column":53}},{"start":{"line":180,"column":57},"end":{"line":183,"column":21}}],"line":179},"16":{"loc":{"start":{"line":189,"column":9},"end":{"line":221,"column":12}},"type":"binary-expr","locations":[{"start":{"line":189,"column":9},"end":{"line":189,"column":45}},{"start":{"line":190,"column":10},"end":{"line":221,"column":12}}],"line":189},"17":{"loc":{"start":{"line":204,"column":20},"end":{"line":206,"column":39}},"type":"cond-expr","locations":[{"start":{"line":205,"column":24},"end":{"line":205,"column":40}},{"start":{"line":206,"column":24},"end":{"line":206,"column":39}}],"line":204},"18":{"loc":{"start":{"line":209,"column":20},"end":{"line":212,"column":21}},"type":"binary-expr","locations":[{"start":{"line":209,"column":20},"end":{"line":209,"column":75}},{"start":{"line":209,"column":79},"end":{"line":212,"column":21}}],"line":209},"19":{"loc":{"start":{"line":213,"column":20},"end":{"line":216,"column":21}},"type":"binary-expr","locations":[{"start":{"line":213,"column":20},"end":{"line":213,"column":75}},{"start":{"line":213,"column":79},"end":{"line":216,"column":21}}],"line":213},"20":{"loc":{"start":{"line":234,"column":9},"end":{"line":324,"column":12}},"type":"binary-expr","locations":[{"start":{"line":234,"column":9},"end":{"line":234,"column":39}},{"start":{"line":235,"column":10},"end":{"line":324,"column":12}}],"line":234},"21":{"loc":{"start":{"line":241,"column":18},"end":{"line":242,"column":74}},"type":"binary-expr","locations":[{"start":{"line":241,"column":18},"end":{"line":242,"column":51}},{"start":{"line":242,"column":55},"end":{"line":242,"column":74}}],"line":241},"22":{"loc":{"start":{"line":283,"column":21},"end":{"line":311,"column":21}},"type":"binary-expr","locations":[{"start":{"line":283,"column":21},"end":{"line":283,"column":48}},{"start":{"line":284,"column":22},"end":{"line":310,"column":29}}],"line":283},"23":{"loc":{"start":{"line":325,"column":9},"end":{"line":415,"column":12}},"type":"binary-expr","locations":[{"start":{"line":325,"column":9},"end":{"line":
[...]
olumn":5}},"line":44},"6":{"name":"(anonymous_6)","decl":{"start":{"line":54,"column":11},"end":{"line":54,"column":12}},"loc":{"start":{"line":54,"column":17},"end":{"line":54,"column":48}},"line":54}},"branchMap":{"0":{"loc":{"start":{"line":22,"column":6},"end":{"line":22,"column":67}},"type":"binary-expr","locations":[{"start":{"line":22,"column":6},"end":{"line":22,"column":32}},{"start":{"line":22,"column":36},"end":{"line":22,"column":67}}],"line":22},"1":{"loc":{"start":{"line":24,"column":4},"end":{"line":33,"column":5}},"type":"if","locations":[{"start":{"line":24,"column":4},"end":{"line":33,"column":5}},{"start":{"line":27,"column":11},"end":{"line":33,"column":5}}],"line":24},"2":{"loc":{"start":{"line":24,"column":8},"end":{"line":24,"column":29}},"type":"binary-expr","locations":[{"start":{"line":24,"column":8},"end":{"line":24,"column":13}},{"start":{"line":24,"column":17},"end":{"line":24,"column":29}}],"line":24},"3":{"loc":{"start":{"line":27,"column":11},"end":{"line":33,"column":5}},"type":"if","locations":[{"start":{"line":27,"column":11},"end":{"line":33,"column":5}},{"start":{},"end":{}}],"line":27},"4":{"loc":{"start":{"line":27,"column":15},"end":{"line":27,"column":34}},"type":"binary-expr","locations":[{"start":{"line":27,"column":15},"end":{"line":27,"column":19}},{"start":{"line":27,"column":23},"end":{"line":27,"column":34}}],"line":27},"5":{"loc":{"start":{"line":28,"column":6},"end":{"line":32,"column":7}},"type":"if","locations":[{"start":{"line":28,"column":6},"end":{"line":32,"column":7}},{"start":{"line":30,"column":13},"end":{"line":32,"column":7}}],"line":28},"6":{"loc":{"start":{"line":46,"column":6},"end":{"line":52,"column":7}},"type":"if","locations":[{"start":{"line":46,"column":6},"end":{"line":52,"column":7}},{"start":{"line":50,"column":13},"end":{"line":52,"column":7}}],"line":46},"7":{"loc":{"start":{"line":50,"column":13},"end":{"line":52,"column":7}},"type":"if","locations":[{"start":{"line":50,"column":13},"end":{"line":52,"column":7}},{"start":{},"end":{}}],"line":50}},"s":{"0":0,"1":0,"2":0,"3":0,"4":0,"5":0,"6":0,"7":0,"8":0,"9":0,"10":0,"11":0,"12":0,"13":0,"14":0,"15":0,"16":0,"17":0,"18":0,"19":0,"20":0,"21":0,"22":0,"23":0,"24":0,"25":0,"26":0,"27":0,"28":0,"29":0,"30":0},"f":{"0":0,"1":0,"2":0,"3":0,"4":0,"5":0,"6":0},"b":{"0":[0,0],"1":[0,0],"2":[0,0],"3":[0,0],"4":[0,0],"5":[0,0],"6":[0,0],"7":[0,0]}}
,"/Users/nicholasleong/Desktop/dev/OrbitalTeamGrape/lib/PushNotifications.js": {"path":"/Users/nicholasleong/Desktop/dev/OrbitalTeamGrape/lib/PushNotifications.js","statementMap":{"0":{"start":{"line":6,"column":32},"end":{"line":67,"column":1}},"1":{"start":{"line":7,"column":44},"end":{"line":7,"column":56}},"2":{"start":{"line":8,"column":42},"end":{"line":8,"column":57}},"3":{"start":{"line":9,"column":31},"end":{"line":9,"column":39}},"4":{"start":{"line":10,"column":27},"end":{"line":10,"column":35}},"5":{"start":{"line":12,"column":2},"end":{"line":18,"column":5}},"6":{"start":{"line":13,"column":37},"end":{"line":17,"column":5}},"7":{"start":{"line":20,"column":44},"end":{"line":49,"column":3}},"8":{"start":{"line":22,"column":4},"end":{"line":37,"column":5}},"9":{"start":{"line":23,"column":41},"end":{"line":23,"column":82}},"10":{"start":{"line":24,"column":24},"end":{"line":24,"column":38}},"11":{"start":{"line":25,"column":6},"end":{"line":28,"column":7}},"12":{"start":{"line":26,"column":27},"end":{"line":26,"column":72}},"13":{"start":{"line":27,"column":8},"end":{"line":27,"column":29}},"14":{"start":{"line":29,"column":6},"end":{"line":32,"column":7}},"15":{"start":{"line":30,"column":8},"end":{"line":30,"column":65}},"16":{"start":{"line":31,"column":8},"end":{"line":31,"column":15}},"17":{"start":{"line":33,"column":6},"end":{"line":33,"column":65}},"18":{"start":{"line":34,"column":6},"end":{"line":34,"column":25}},"19":{"start":{"line":36,"column":6},"end":{"line":36,"column":63}},"20":{"start":{"line":39,"column":4},"end":{"line":46,"column":5}},"21":{"start":{"line":40,"column":6},"end":{"line":45,"column":9}},"22":{"start":{"line":48,"column":4},"end":{"line":48,"column":17}},"23":{"start":{"line":51,"column":2},"end":{"line":66,"column":9}},"24":{"start":{"line":52,"column":4},"end":{"line":52,"column":79}},"25":{"start":{"line":52,"column":54},"end":{"line":52,"column":77}},"26":{"start":{"line":54,"column":4},"end":{"line":56,"column":7}},"27":{"start":{"line":55,"column":6},"end":{"line":55,"column":36}},"28":{"start":{"line":58,"column":4},"end":{"line":60,"column":7}},"29":{"start":{"line":59,"column":6},"end":{"line":59,"column":28}},"30":{"start":{"line":62,"column":4},"end":{"line":65,"column":6}},"31":{"start":{"line":63,"column":6},"end":{"line":63,"column":81}},"32":{"start":{"line":64,"column":6},"end":{"line":64,"column":77}}},"fnMap":{"0":{"name":"(anonymous_0)","decl":{"start":{"line":6,"column":32},"end":{"line":6,"column":33}},"loc":{"start":{"line":6,"column":38},"end":{"line":67,"column":1}},"line":6},"1":{"name":"(anonymous_1)","decl":{"start":{"line":13,"column":24},"end":{"line":13,"column":25}},"loc":{"start":{"line":13,"column":37},"end":{"line":17,"column":5}},"line":13},"2":{"name":"(anonymous_2)","decl":{"start":{"line":20,"column":44},"end":{"line":20,"column":45}},"loc":{"start":{"line":20,"column":56},"end":{"line":49,"column":3}},"line":20},"3":{"name":"(anonymous_3)","decl":{"start":{"line":51,"column":12},"end":{"line":51,"column":13}},"loc":{"start":{"line":51,"column":18},"end":{"line":66,"column":3}},"line":51},"4":{"name":"(anonymous_4)","decl":{"start":{"line":52,"column":45},"end":{"line":52,"column":46}},"loc":{"start":{"line":52,"column":54},"end":{"line":52,"column":77}},"line":52},"5":{"name":"(anonymous_5)","decl":{"start":{"line":54,"column":81},"end":{"line":54,"column":82}},"loc":{"start":{"line":54,"column":97},"end":{"line":56,"column":5}},"line":54},"6":{"name":"(anonymous_6)","decl":{"start":{"line":58,"column":85},"end":{"line":58,"column":86}},"loc":{"start":{"line":58,"column":97},"end":{"line":60,"column":5}},"line":58},"7":{"name":"(anonymous_7)","decl":{"start":{"line":62,"column":11},"end":{"line":62,"column":12}},"loc":{"start":{"line":62,"column":17},"end":{"line":65,"column":5}},"line":62}},"branchMap":{"0":{"loc":{"start":{"line":22,"column":4},"end":{"line":37,"column":5}},"type":"if","locations":[{"start":{"line":22,"column":4},"end":{"line":37,"column":5}},{"start":{"line":35,"column":11},"end":{"line":37,"column":5}}],"line":22},"1":{"loc":{"start":{"line":25,"column":6},"end":{"line":28,"column":7}},"type":"if","locations":[{"start":{"line":25,"column":6},"end":{"line":28,"column":7}},{"start":{},"end":{}}],"line":25},"2":{"loc":{"start":{"line":29,"column":6},"end":{"line":32,"column":7}},"type":"if","locations":[{"start":{"line":29,"column":6},"end":{"line":32,"column":7}},{"start":{},"end":{}}],"line":29},"3":{"loc":{"start":{"line":39,"column":4},"end":{"line":46,"column":5}},"type":"if","locations":[{"start":{"line":39,"column":4},"end":{"line":46,"column":5}},{"start":{},"end":{}}],"line":39}},"s":{"0":0,"1":0,"2":0,"3":0,"4":0,"5":0,"6":0,"7":0,"8":0,"9":0,"10":0,"11":0,"12":0,"13":0,"14":0,"15":0,"16":0,"17":0,"18":0,"19":0,"20":0,"21":0,"22":0,"23":0,"24":0,"25":0,"26":0,"27":0,"28":0,"29":0,"30":0,"31":0,"32":0},"f":{"0":0,"1":0,"2":0,"3":0,"4":0,"5":0,"6":0,"7":0},"b":{"0":[0,0],"1":[0,0],"2":[0,0],"3":[0,0]}}
,"/Users/nicholasleong/Desktop/dev/OrbitalTeamGrape/lib/supabase.js": {"path":"/Users/nicholasleong/Desktop/dev/OrbitalTeamGrape/lib/supabase.js","statementMap":{"0":{"start":{"line":5,"column":19},"end":{"line":5,"column":51}},"1":{"start":{"line":6,"column":19},"end":{"line":6,"column":51}},"2":{"start":{"line":12,"column":24},"end":{"line":16,"column":2}},"3":{"start":{"line":19,"column":19},"end":{"line":21,"column":19}},"4":{"start":{"line":22,"column":4},"end":{"line":22,"column":24}},"5":{"start":{"line":30,"column":6},"end":{"line":30,"column":35}},"6":{"start":{"line":32,"column":20},"end":{"line":35,"column":22}},"7":{"start":{"line":36,"column":4},"end":{"line":36,"column":17}},"8":{"start":{"line":44,"column":6},"end":{"line":44,"column":35}},"9":{"start":{"line":45,"column":20},"end":{"line":47,"column":48}},"10":{"start":{"line":48,"column":2},"end":{"line":48,"column":15}},"11":{"start":{"line":56,"column":6},"end":{"line":56,"column":35}},"12":{"start":{"line":57,"column":20},"end":{"line":59,"column":48}},"13":{"start":{"line":60,"column":2},"end":{"line":60,"column":15}},"14":{"start":{"line":64,"column":19},"end":{"line":69,"column":26}},"15":{"start":{"line":70,"column":2},"end":{"line":70,"column":14}},"16":{"start":{"line":74,"column":19},"end":{"line":74,"column":57}},"17":{"start":{"line":75,"column":2},"end":{"line":75,"column":14}},"18":{"start":{"line":79,"column":20},"end":{"line":82,"column":17}},"19":{"start":{"line":83,"column":2},"end":{"line":83,"column":15}},"20":{"start":{"line":87,"column":20},"end":{"line":90,"column":17}},"21":{"start":{"line":91,"column":2},"end":{"line":91,"column":15}},"22":{"start":{"line":95,"column":19},"end":{"line":95,"column":57}},"23":{"start":{"line":96,"column":2},"end":{"line":96,"column":20}},"24":{"start":{"line":97,"column":2},"end":{"line":97,"column":14}},"25":{"start":{"line":101,"column":2},"end":{"line":107,"column":3}},"26":{"start":{"line":102,"column":22},"end":{"line":105,"column":17}},"27":{"start":{"line":106,"column":4},"end":{"line":106,"column":18}},"28":{"start":{"line":108,"column":20},"end":{"line":111,"column":17}},"29":{"start":{"line":112,"column":19},"end":{"line":115,"column":17}},"30":{"start":{"line":116,"column":2},"end":{"line":116,"column":25}},"31":{"start":{"line":125,"column":6},"end":{"line":125,"column":35}},"32":{"start":{"line":127,"column":2},"end":{"line":158,"column":3}},"33":{"start":{"line":128,"column":21},"end":{"line":132,"column":31}},"34":{"start":{"line":133,"column":4},"end":{"line":133,"column":16}},"35":{"start":{"line":134,"column":9},"end":{"line":158,"column":3}},"36":{"start":{"line":135,"column":21},"end":{"line":139,"column":31}},"37":{"start":{"line":140,"column":4},"end":{"line":140,"column":16}},"38":{"start":{"line":141,"column":9},"end":{"line":158,"column":3}},"39":{"start":{"line":142,"column":21},"end":{"line":147,"column":31}},"40":{"start":{"line":148,"column":4},"end":{"line":148,"column":16}},"41":{"start":{"line":151,"column":21},"end":{"line":156,"column":31}},"42":{"start":{"line":157,"column":4},"end":{"line":157,"column":16}},"43":{"start":{"line":162,"column":26},"end":{"line":167,"column":6}},"44":{"start":{"line":168,"column":2},"end":{"line":168,"column":25}},"45":{"start":{"line":172,"column":25},"end":{"line":174,"column":25}},"46":{"start":{"line":175,"column":2},"end":{"line":175,"column":25}}},"fnMap":{"0":{"name":"getUserRole","decl":{"start":{"line":18,"column":22},"end":{"line":18,"column":33}},"loc":{"start":{"line":18,"column":36},"end":{"line":23,"column":1}},"line":18},"1":{"name":"upgradeUserRole","decl":{"start":{"line":25,"column":22},"end":{"line":25,"column":37}},"loc":{"start":{"line":25,"column":40},"end":{"line":37,"column":1}},"line":25},"2":{"name":"insertReportData","decl":{"start":{"line":39,"column":22},"end":{"line":39,"column":38}},"loc":{"start":{"line":39,"column":56},"end":{"line":49,"column":1}},"line":39},"3":{"name":"insertVerifiedReport","decl":{"start":{"line":51,"column":22},"end":{"line":51,"column":42}},"loc":{"start":{"line":51,"column":60},"end":{"line":61,"column":1}},"line":51},"4":{"name":"viewNewReports","decl":{"start":{"line":63,"column":22},"end":{"line":63,"column":36}},"loc":{"start":{"line":63,"column":44},"end":{"line":71,"column":1}},"line":63},"5":{"name":"viewVerifiedReports","decl":{"start":{"line":73,"column":22},"end":{"line":73,"column":41}},"loc":{"start":{"line":73,"column":49},"end":{"line":76,"column":1}},"line":73},"6":{"name":"rejectReport","decl":{"start":{"line":78,"column":22},"end":{"line":78,"column":34}},"loc":{"start":{"line":78,"column":46},"end":{"line":84,"column":1}},"line":78},"7":{"name":"verifyReport","decl":{"start":{"line":86,"column":22},"end":{"line":86,"column":34}},"loc":{"start":{"line":86,"column":46},"end":{"line":92,"column":1}},"line":86},"8":{"name":"viewMarkers","decl":{"start":{"line":94,"column":22},"end":{"line":94,"column":33}},"loc":{"start":{"line":94,"column":41},"end":{"line":98,"column":1}},"line":94},"9":{"name":"resolveReport","decl":{"start":{"line":100,"column":22},"end":{"line":100,"column":35}},"loc":{"start":{"line":100,"column":46},"end":{"line":117,"column":1}},"line":100},"10":{"name":"viewFilteredReport","decl":{"start":{"line":120,"column":22},"end":{"line":120,"column":40}},"loc":{"start":{"line":120,"column":65},"end":{"line":159,"column":1}},"line":120},"11":{"name":"insertImage","decl":{"start":{"line":161,"column":22},"end":{"line":161,"column":33}},"loc":{"start":{"line":161,"column":66},"end":{"line":169,"column":1}},"line":161},"12":{"name":"getImageURL","decl":{"start":{"line":171,"column":22},"end":{"line":171,"column":33}},"loc":{"start":{"line":171,"column":56},"end":{"line":176,"column":1}},"line":171}},"branchMap":{"0":{"loc":{"start":{"line":101,"column":2},"end":{"line":107,"column":3}},"type":"if","locations":[{"start":{"line":101,"column":2},"end":{"line":107,"column":3}},{"start":{},"end":{}}],"line":101},"1":{"loc":{"start":{"line":109,"column":10},"end":{"line":109,"column":70}},"type":"cond-expr","locations":[{"start":{"line":109,"column":32},"end":{"line":109,"column":51}},{"start":{"line":109,"column":54},"end":{"line":109,"column":70}}],"line":109},"2":{"loc":{"start":{"line":113,"column":10},"end":{"line":113,"column":60}},"type":"cond-expr","locations":[{"start":{"line":113,"column":32},"end":{"line":113,"column":46}},{"start":{"line":113,"column":49},"end":{"line":113,"column":60}}],"line":113},"3":{"loc":{"start":{"line":127,"column":2},"end":{"line":158,"column":3}},"type":"if","locations":[{"start":{"line":127,"column":2},"end":{"line":158,"column":3}},{"start":{"line":134,"column":9},"end":{"line":158,"column":3}}],"line":127},"4":{"loc":{"start":{"line":129,"column":12},"end":{"line":129,"column":69}},"type":"cond-expr","locations":[{"start":{"line":129,"column":41},"end":{"line":129,"column":55}},{"start":{"line":129,"column":58},"end":{"line":129,"column":69}}],"line":129},"5":{"loc":{"start":{"line":134,"column":9},"end":{"line":158,"column":3}},"type":"if","locations":[{"start":{"line":134,"column":9},"end":{"line":158,"column":3}},{"start":{"line":141,"column":9},"end":{"line":158,"column":3}}],"line":134},"6":{"loc":{"start":{"line":136,"column":12},"end":{"line":136,"column":69}},"type":"cond-expr","locations":[{"start":{"line":136,"column":41},"end":{"line":136,"column":55}},{"start":{"line":136,"column":58},"end":{"line":136,"column":69}}],"line":136},"7":{"loc":{"start":{"line":141,"column":9},"end":{"line":158,"column":3}},"type":"if","locations":[{"start":{"line":141,"column":9},"end":{"line":158,"column":3}},{"start":{"line":149,"column":9},"end":{"line":158,"column":3}}],"line":141},"8":{"loc":{"start":{"line":143,"column":12},"end":{"line":143,"column":69}},"type":"cond-expr","locations":[{"start":{"line":143,"column":41},"end":{"line":143,"column":55}},{"start":{"line":143,"column":58},"end":{"line":143,"column":69}}],"line":143},"9":{"loc":{"start":{"line":152,"column":12},"end":{"line":152,"column":69}},"type":"cond-expr","locations":[{"start":{"line":152,"column":41},"end":{"line":152,"column":55}},{"start":{"line":152,"column":58},"end":{"line":152,"column":69}}],"line":152}},"s":{"0":2,"1":2,"2":2,"3":0,"4":0,"5":0,"6":0,"7":0,"8":0,"9":0,"10":0,"11":0,"12":0,"13":0,"14":0,"15":0,"16":0,"17":0,"18":0,"19":0,"20":0,"21":0,"22":0,"23":0,"24":0,"25":0,"26":0,"27":0,"28":0,"29":0,"30":0,"31":0,"32":0,"33":0,"34":0,"35":0,"36":0,"37":0,"38":0,"39":0,"40":0,"41":0,"42":0,"43":0,"44":0,"45":0,"46":0},"f":{"0":0,"1":0,"2":0,"3":0,"4":0,"5":0,"6":0,"7":0,"8":0,"9":0,"10":0,"11":0,"12":0},"b":{"0":[0,0],"1":[0,0],"2":[0,0],"3":[0,0],"4":[0,0],"5":[0,0],"6":[0,0],"7":[0,0],"8":[0,0],"9":[0,0]},"_coverageSchema":"1a1c01bbd47fc00a2c39e90264f33305004495a9","hash":"aa2fc737c1341bb8ffe4e2363e13d06298f19dfa"}
,"/Users/nicholasleong/Desktop/dev/OrbitalTeamGrape/redux/store.js": {"path":"/Users/nicholasleong/Desktop/dev/OrbitalTeamGrape/redux/store.js","statementMap":{"0":{"start":{"line":6,"column":27},"end":{"line":9,"column":2}},"1":{"start":{"line":6,"column":42},"end":{"line":9,"column":1}},"2":{"start":{"line":11,"column":28},"end":{"line":14,"column":2}},"3":{"start":{"line":11,"column":44},"end":{"line":14,"column":1}},"4":{"start":{"line":16,"column":31},"end":{"line":19,"column":2}},"5":{"start":{"line":16,"column":50},"end":{"line":19,"column":1}},"6":{"start":{"line":22,"column":21},"end":{"line":26,"column":1}},"7":{"start":{"line":28,"column":16},"end":{"line":48,"column":1}},"8":{"start":{"line":29,"column":2},"end":{"line":47,"column":3}},"9":{"start":{"line":31,"column":6},"end":{"line":34,"column":8}},"10":{"start":{"line":36,"column":6},"end":{"line":39,"column":8}},"11":{"start":{"line":41,"column":6},"end":{"line":44,"column":8}},"12":{"start":{"line":46,"column":6},"end":{"line":46,"column":19}},"13":{"start":{"line":58,"column":21},"end":{"line":58,"column":41}}},"fnMap":{"0":{"name":"(anonymous_0)","decl":{"start":{"line":6,"column":27},"end":{"line":6,"column":28}},"loc":{"start":{"line":6,"column":42},"end":{"line":9,"column":1}},"line":6},"1":{"name":"(anonymous_1)","decl":{"start":{"line":11,"column":28},"end":{"line":11,"column":29}},"loc":{"start":{"line":11,"column":44},"end":{"line":14,"column":1}},"line":11},"2":{"name":"(anonymous_2)","decl":{"start":{"line":16,"column":31},"end":{"line":16,"column":32}},"loc":{"start":{"line":16,"column":50},"end":{"line":19,"column":1}},"line":16},"3":{"name":"(anonymous_3)","decl":{"start":{"line":28,"column":16},"end":{"line":28,"column":17}},"loc":{"start":{"line":28,"column":50},"end":{"line":48,"column":1}},"line":28}},"branchMap":{"0":{"loc":{"start":{"line":28,"column":17},"end":{"line":28,"column":37}},"type":"default-arg","locations":[{"start":{"line":28,"column":25},"end":{"line":28,"column":37}}],"line":28},"1":{"loc":{"start":{"line":29,"column":2},"end":{"line":47,"column":3}},"type":"switch","locations":[{"start":{"line":30,"column":4},"end":{"line":34,"column":8}},{"start":{"line":35,"column":4},"end":{"line":39,"column":8}},{"start":{"line":40,"column":4},"end":{"line":44,"column":8}},{"start":{"line":45,"column":4},"end":{"line":46,"column":19}}],"line":29}},"s":{"0":4,"1":0,"2":4,"3":0,"4":4,"5":0,"6":4,"7":4,"8":4,"9":0,"10":0,"11":0,"12":4,"13":4},"f":{"0":0,"1":0,"2":0,"3":4},"b":{"0":[4],"1":[0,0,0,4]},"_coverageSchema":"1a1c01bbd47fc00a2c39e90264f33305004495a9","hash":"57206ce845f2844226e67d368f3b03203e5f5ffc"}
,"/Users/nicholasleong/Desktop/dev/OrbitalTeamGrape/utils/test-utils.tsx": {"path":"/Users/nicholasleong/Desktop/dev/OrbitalTeamGrape/utils/test-utils.tsx","statementMap":{"0":{"start":{"line":19,"column":14},"end":{"line":19,"column":36}},"1":{"start":{"line":25,"column":20},"end":{"line":25,"column":27}},"2":{"start":{"line":26,"column":24},"end":{"line":26,"column":55}},"3":{"start":{"line":29,"column":2},"end":{"line":43,"column":4}},"4":{"start":{"line":35,"column":47},"end":{"line":35,"column":49}}},"fnMap":{"0":{"name":"renderWithProviders","decl":{"start":{"line":28,"column":16},"end":{"line":28,"column":35}},"loc":{"start":{"line":28,"column":73},"end":{"line":44,"column":1}},"line":28},"1":{"name":"(anonymous_1)","decl":{"start":{"line":35,"column":41},"end":{"line":35,"column":42}},"loc":{"start":{"line":35,"column":47},"end":{"line":35,"column":49}},"line":35}},"branchMap":{},"s":{"0":9,"1":9,"2":9,"3":53,"4":53},"f":{"0":53,"1":53},"b":{},"_coverageSchema":"1a1c01bbd47fc00a2c39e90264f33305004495a9","hash":"a977fad0dba2db241575987cc40005e655baa133"}
}
