TN:
SF:index.js
FNF:0
FNH:0
LF:0
LH:0
BRF:0
BRH:0
end_of_record
TN:
SF:app/_layout.jsx
FN:8,Root
FNF:1
FNH:0
FNDA:0,Root
DA:10,0
LF:1
LH:0
BRF:0
BRH:0
end_of_record
TN:
SF:app/(auth)/Login.jsx
FN:16,Login
FN:26,(anonymous_1)
FN:33,(anonymous_2)
FN:65,(anonymous_3)
FNF:4
FNH:0
FNDA:0,Login
FNDA:0,(anonymous_1)
FNDA:0,(anonymous_2)
FNDA:0,(anonymous_3)
DA:17,0
DA:18,0
DA:19,0
DA:20,0
DA:21,0
DA:22,0
DA:24,0
DA:26,0
DA:27,0
DA:28,0
DA:29,0
DA:33,0
DA:35,0
DA:38,0
DA:39,0
DA:40,0
DA:41,0
DA:43,0
DA:44,0
DA:45,0
DA:46,0
DA:49,0
DA:51,0
DA:56,0
DA:57,0
DA:58,0
DA:61,0
DA:65,0
DA:66,0
DA:69,0
DA:206,1
LF:31
LH:1
BRDA:27,0,0,0
BRDA:27,0,1,0
BRDA:38,1,0,0
BRDA:38,1,1,0
BRDA:43,2,0,0
BRDA:43,2,1,0
BRDA:57,3,0,0
BRDA:57,3,1,0
BRDA:131,4,0,0
BRDA:131,4,1,0
BRDA:137,5,0,0
BRDA:137,5,1,0
BRF:12
BRH:0
end_of_record
TN:
SF:app/(auth)/Register.jsx
FN:8,Register
FN:16,(anonymous_1)
FN:39,(anonymous_2)
FNF:3
FNH:0
FNDA:0,Register
FNDA:0,(anonymous_1)
FNDA:0,(anonymous_2)
DA:9,0
DA:10,0
DA:11,0
DA:12,0
DA:13,0
DA:14,0
DA:16,0
DA:17,0
DA:18,0
DA:19,0
DA:21,0
DA:22,0
DA:23,0
DA:25,0
DA:26,0
DA:27,0
DA:30,0
DA:31,0
DA:32,0
DA:33,0
DA:34,0
DA:35,0
DA:39,0
DA:40,0
DA:43,0
DA:137,0
LF:26
LH:0
BRDA:17,0,0,0
BRDA:17,0,1,0
BRDA:21,1,0,0
BRDA:21,1,1,0
BRDA:25,2,0,0
BRDA:25,2,1,0
BRDA:33,3,0,0
BRDA:33,3,1,0
BRDA:63,4,0,0
BRDA:63,4,1,0
BRDA:113,5,0,0
BRDA:113,5,1,0
BRF:12
BRH:0
end_of_record
TN:
SF:app/(auth)/StaffRegister.jsx
FN:8,StaffRegister
FN:20,(anonymous_1)
FN:60,(anonymous_2)
FN:63,(anonymous_3)
FNF:4
FNH:0
FNDA:0,StaffRegister
FNDA:0,(anonymous_1)
FNDA:0,(anonymous_2)
FNDA:0,(anonymous_3)
DA:9,0
DA:10,0
DA:11,0
DA:12,0
DA:13,0
DA:14,0
DA:15,0
DA:16,0
DA:18,0
DA:20,0
DA:22,0
DA:23,0
DA:24,0
DA:26,0
DA:27,0
DA:28,0
DA:30,0
DA:31,0
DA:32,0
DA:34,0
DA:35,0
DA:36,0
DA:38,0
DA:39,0
DA:40,0
DA:43,0
DA:44,0
DA:45,0
DA:47,0
DA:48,0
DA:49,0
DA:52,0
DA:54,0
DA:55,0
DA:57,0
DA:60,0
DA:61,0
DA:63,0
DA:64,0
DA:67,0
DA:199,0
LF:41
LH:0
BRDA:22,0,0,0
BRDA:22,0,1,0
BRDA:26,1,0,0
BRDA:26,1,1,0
BRDA:30,2,0,0
BRDA:30,2,1,0
BRDA:34,3,0,0
BRDA:34,3,1,0
BRDA:38,4,0,0
BRDA:38,4,1,0
BRDA:47,5,0,0
BRDA:47,5,1,0
BRDA:54,6,0,0
BRDA:54,6,1,0
BRDA:85,7,0,0
BRDA:85,7,1,0
BRDA:157,8,0,0
BRDA:157,8,1,0
BRDA:175,9,0,0
BRDA:175,9,1,0
BRF:20
BRH:0
end_of_record
TN:
SF:app/(auth)/_layout.jsx
FN:3,AuthLayout
FNF:1
FNH:0
FNDA:0,AuthLayout
DA:4,0
LF:1
LH:0
BRF:0
BRH:0
end_of_record
TN:
SF:app/(auth)/temp.jsx
FN:4,Temp
FNF:1
FNH:0
FNDA:0,Temp
DA:5,0
LF:1
LH:0
BRF:0
BRH:0
end_of_record
TN:
SF:app/(home)/Contacts.jsx
FN:11,Contact
FN:12,(anonymous_1)
FN:33,(anonymous_2)
FN:42,(anonymous_3)
FN:51,(anonymous_4)
FN:62,(anonymous_5)
FN:74,(anonymous_6)
FN:82,(anonymous_7)
FN:90,(anonymous_8)
FNF:9
FNH:0
FNDA:0,Contact
FNDA:0,(anonymous_1)
FNDA:0,(anonymous_2)
FNDA:0,(anonymous_3)
FNDA:0,(anonymous_4)
FNDA:0,(anonymous_5)
FNDA:0,(anonymous_6)
FNDA:0,(anonymous_7)
FNDA:0,(anonymous_8)
DA:12,0
DA:13,0
DA:14,0
DA:17,0
DA:33,0
DA:42,0
DA:51,0
DA:62,0
DA:74,0
DA:82,0
DA:90,0
DA:101,0
LF:12
LH:0
BRF:0
BRH:0
end_of_record
TN:
SF:app/(home)/EventMap.jsx
FN:14,EventMap
FN:28,(anonymous_1)
FN:38,(anonymous_2)
FN:44,(anonymous_3)
FN:48,(anonymous_4)
FN:62,(anonymous_5)
FN:71,(anonymous_6)
FN:76,(anonymous_7)
FN:81,(anonymous_8)
FN:94,(anonymous_9)
FN:103,(anonymous_10)
FN:136,(anonymous_11)
FN:162,(anonymous_12)
FNF:13
FNH:0
FNDA:0,EventMap
FNDA:0,(anonymous_1)
FNDA:0,(anonymous_2)
FNDA:0,(anonymous_3)
FNDA:0,(anonymous_4)
FNDA:0,(anonymous_5)
FNDA:0,(anonymous_6)
FNDA:0,(anonymous_7)
FNDA:0,(anonymous_8)
FNDA:0,(anonymous_9)
FNDA:0,(anonymous_10)
FNDA:0,(anonymous_11)
FNDA:0,(anonymous_12)
DA:9,0
DA:11,0
DA:12,0
DA:15,0
DA:16,0
DA:17,0
DA:18,0
DA:19,0
DA:20,0
DA:22,0
DA:28,0
DA:29,0
DA:30,0
DA:31,0
DA:32,0
DA:34,0
DA:38,0
DA:39,0
DA:40,0
DA:44,0
DA:45,0
DA:48,0
DA:49,0
DA:50,0
DA:52,0
DA:53,0
DA:54,0
DA:56,0
DA:60,0
DA:62,0
DA:63,0
DA:64,0
DA:65,0
DA:67,0
DA:71,0
DA:72,0
DA:76,0
DA:77,0
DA:78,0
DA:81,0
DA:82,0
DA:83,0
DA:86,0
DA:95,0
DA:104,0
DA:137,0
DA:162,0
DA:215,0
LF:48
LH:0
BRDA:39,0,0,0
BRDA:39,0,1,0
BRDA:52,1,0,0
BRDA:52,1,1,0
BRDA:53,2,0,0
BRDA:53,2,1,0
BRDA:53,3,0,0
BRDA:53,3,1,0
BRDA:110,4,0,0
BRDA:110,4,1,0
BRDA:115,5,0,0
BRDA:115,5,1,0
BRDA:142,6,0,0
BRDA:142,6,1,0
BRDA:169,7,0,0
BRDA:169,7,1,0
BRF:16
BRH:0
end_of_record
TN:
SF:app/(home)/IncidentForm.jsx
FN:16,IncidentForm
FN:51,(anonymous_1)
FN:66,(anonymous_2)
FN:83,(anonymous_3)
FN:103,(anonymous_4)
FN:104,(anonymous_5)
FN:119,(anonymous_6)
FN:124,(anonymous_7)
FN:137,(anonymous_8)
FN:161,(anonymous_9)
FN:165,(anonymous_10)
FN:208,(anonymous_11)
FN:212,(anonymous_12)
FN:243,(anonymous_13)
FN:277,(anonymous_14)
FN:309,(anonymous_15)
FN:325,(anonymous_16)
FN:367,(anonymous_17)
FN:380,(anonymous_18)
FN:415,(anonymous_19)
FN:435,(anonymous_20)
FNF:21
FNH:0
FNDA:0,IncidentForm
FNDA:0,(anonymous_1)
FNDA:0,(anonymous_2)
FNDA:0,(anonymous_3)
FNDA:0,(anonymous_4)
FNDA:0,(anonymous_5)
FNDA:0,(anonymous_6)
FNDA:0,(anonymous_7)
FNDA:0,(anonymous_8)
FNDA:0,(anonymous_9)
FNDA:0,(anonymous_10)
FNDA:0,(anonymous_11)
FNDA:0,(anonymous_12)
FNDA:0,(anonymous_13)
FNDA:0,(anonymous_14)
FNDA:0,(anonymous_15)
FNDA:0,(anonymous_16)
FNDA:0,(anonymous_17)
FNDA:0,(anonymous_18)
FNDA:0,(anonymous_19)
FNDA:0,(anonymous_20)
DA:17,0
DA:18,0
DA:19,0
DA:21,0
DA:22,0
DA:23,0
DA:32,0
DA:34,0
DA:35,0
DA:36,0
DA:43,0
DA:45,0
DA:47,0
DA:49,0
DA:51,0
DA:52,0
DA:60,0
DA:61,0
DA:63,0
DA:67,0
DA:68,0
DA:69,0
DA:70,0
DA:71,0
DA:72,0
DA:73,0
DA:74,0
DA:79,0
DA:83,0
DA:84,0
DA:91,0
DA:92,0
DA:97,0
DA:98,0
DA:99,0
DA:100,0
DA:101,0
DA:103,0
DA:104,0
DA:105,0
DA:106,0
DA:110,0
DA:111,0
DA:119,0
DA:120,0
DA:121,0
DA:124,0
DA:125,0
DA:126,0
DA:127,0
DA:128,0
DA:129,0
DA:130,0
DA:132,0
DA:137,0
DA:138,0
DA:139,0
DA:140,0
DA:141,0
DA:142,0
DA:148,0
DA:149,0
DA:151,0
DA:152,0
DA:154,0
DA:156,0
DA:161,0
DA:162,0
DA:165,0
DA:166,0
DA:167,0
DA:168,0
DA:170,0
DA:171,0
DA:172,0
DA:174,0
DA:175,0
DA:176,0
DA:178,0
DA:179,0
DA:180,0
DA:183,0
DA:184,0
DA:185,0
DA:188,0
DA:189,0
DA:191,0
DA:193,0
DA:202,0
DA:203,0
DA:204,0
DA:205,0
DA:208,0
DA:211,0
DA:212,0
DA:214,0
DA:216,0
DA:217,0
DA:218,0
DA:219,0
DA:220,0
DA:221,0
DA:222,0
DA:223,0
DA:224,0
DA:227,0
DA:243,0
DA:277,0
DA:309,0
DA:325,0
DA:368,0
DA:381,0
DA:383,0
DA:385,0
DA:416,0
DA:418,0
DA:420,0
DA:436,0
DA:438,0
DA:440,0
DA:505,0
LF:121
LH:0
BRDA:52,0,0,0
BRDA:52,0,1,0
BRDA:53,1,0,0
BRDA:53,1,1,0
BRDA:53,1,2,0
BRDA:53,1,3,0
BRDA:53,1,4,0
BRDA:53,1,5,0
BRDA:91,2,0,0
BRDA:91,2,1,0
BRDA:110,3,0,0
BRDA:110,3,1,0
BRDA:125,4,0,0
BRDA:125,4,1,0
BRDA:151,5,0,0
BRDA:151,5,1,0
BRDA:152,6,0,0
BRDA:152,6,1,0
BRDA:162,7,0,0
BRDA:162,7,1,0
BRDA:166,8,0,0
BRDA:166,8,1,0
BRDA:170,9,0,0
BRDA:170,9,1,0
BRDA:170,10,0,0
BRDA:170,10,1,0
BRDA:174,11,0,0
BRDA:174,11,1,0
BRDA:178,12,0,0
BRDA:178,12,1,0
BRDA:183,13,0,0
BRDA:183,13,1,0
BRDA:204,14,0,0
BRDA:204,14,1,0
BRDA:229,15,0,0
BRDA:229,15,1,0
BRDA:229,16,0,0
BRDA:229,16,1,0
BRDA:272,17,0,0
BRDA:272,17,1,0
BRDA:281,18,0,0
BRDA:281,18,1,0
BRDA:287,19,0,0
BRDA:287,19,1,0
BRDA:287,20,0,0
BRDA:287,20,1,0
BRDA:381,21,0,0
BRDA:381,21,1,0
BRDA:416,22,0,0
BRDA:416,22,1,0
BRDA:436,23,0,0
BRDA:436,23,1,0
BRDA:462,24,0,0
BRDA:462,24,1,0
BRDA:466,25,0,0
BRDA:466,25,1,0
BRDA:483,26,0,0
BRDA:483,26,1,0
BRF:58
BRH:0
end_of_record
TN:
SF:app/(home)/InfrastructureForm.jsx
FN:16,InfrastructureForm
FN:42,(anonymous_1)
FN:47,(anonymous_2)
FN:61,(anonymous_3)
FN:77,(anonymous_4)
FN:97,(anonymous_5)
FN:98,(anonymous_6)
FN:115,(anonymous_7)
FN:120,(anonymous_8)
FN:133,(anonymous_9)
FN:156,(anonymous_10)
FN:194,(anonymous_11)
FN:198,(anonymous_12)
FN:228,(anonymous_13)
FN:262,(anonymous_14)
FN:294,(anonymous_15)
FN:310,(anonymous_16)
FN:354,(anonymous_17)
FN:381,(anonymous_18)
FN:402,(anonymous_19)
FNF:20
FNH:0
FNDA:0,InfrastructureForm
FNDA:0,(anonymous_1)
FNDA:0,(anonymous_2)
FNDA:0,(anonymous_3)
FNDA:0,(anonymous_4)
FNDA:0,(anonymous_5)
FNDA:0,(anonymous_6)
FNDA:0,(anonymous_7)
FNDA:0,(anonymous_8)
FNDA:0,(anonymous_9)
FNDA:0,(anonymous_10)
FNDA:0,(anonymous_11)
FNDA:0,(anonymous_12)
FNDA:0,(anonymous_13)
FNDA:0,(anonymous_14)
FNDA:0,(anonymous_15)
FNDA:0,(anonymous_16)
FNDA:0,(anonymous_17)
FNDA:0,(anonymous_18)
FNDA:0,(anonymous_19)
DA:17,0
DA:18,0
DA:19,0
DA:22,0
DA:23,0
DA:24,0
DA:33,0
DA:35,0
DA:37,0
DA:39,0
DA:42,0
DA:43,0
DA:45,0
DA:47,0
DA:48,0
DA:55,0
DA:56,0
DA:58,0
DA:62,0
DA:63,0
DA:64,0
DA:65,0
DA:66,0
DA:67,0
DA:68,0
DA:73,0
DA:77,0
DA:78,0
DA:85,0
DA:86,0
DA:91,0
DA:92,0
DA:93,0
DA:94,0
DA:95,0
DA:97,0
DA:98,0
DA:99,0
DA:100,0
DA:104,0
DA:105,0
DA:115,0
DA:116,0
DA:117,0
DA:120,0
DA:121,0
DA:122,0
DA:123,0
DA:124,0
DA:125,0
DA:126,0
DA:128,0
DA:133,0
DA:134,0
DA:135,0
DA:136,0
DA:137,0
DA:138,0
DA:144,0
DA:145,0
DA:147,0
DA:148,0
DA:150,0
DA:152,0
DA:156,0
DA:157,0
DA:158,0
DA:159,0
DA:161,0
DA:162,0
DA:163,0
DA:165,0
DA:166,0
DA:167,0
DA:170,0
DA:171,0
DA:172,0
DA:175,0
DA:176,0
DA:178,0
DA:180,0
DA:188,0
DA:189,0
DA:190,0
DA:191,0
DA:194,0
DA:197,0
DA:198,0
DA:200,0
DA:202,0
DA:203,0
DA:204,0
DA:205,0
DA:206,0
DA:207,0
DA:208,0
DA:209,0
DA:212,0
DA:228,0
DA:262,0
DA:294,0
DA:310,0
DA:355,0
DA:382,0
DA:384,0
DA:386,0
DA:403,0
DA:405,0
DA:407,0
DA:470,0
LF:110
LH:0
BRDA:43,0,0,0
BRDA:43,0,1,0
BRDA:48,1,0,0
BRDA:48,1,1,0
BRDA:49,2,0,0
BRDA:49,2,1,0
BRDA:49,2,2,0
BRDA:49,2,3,0
BRDA:49,2,4,0
BRDA:85,3,0,0
BRDA:85,3,1,0
BRDA:104,4,0,0
BRDA:104,4,1,0
BRDA:121,5,0,0
BRDA:121,5,1,0
BRDA:147,6,0,0
BRDA:147,6,1,0
BRDA:148,7,0,0
BRDA:148,7,1,0
BRDA:157,8,0,0
BRDA:157,8,1,0
BRDA:161,9,0,0
BRDA:161,9,1,0
BRDA:161,10,0,0
BRDA:161,10,1,0
BRDA:165,11,0,0
BRDA:165,11,1,0
BRDA:170,12,0,0
BRDA:170,12,1,0
BRDA:190,13,0,0
BRDA:190,13,1,0
BRDA:214,14,0,0
BRDA:214,14,1,0
BRDA:214,15,0,0
BRDA:214,15,1,0
BRDA:257,16,0,0
BRDA:257,16,1,0
BRDA:266,17,0,0
BRDA:266,17,1,0
BRDA:272,18,0,0
BRDA:272,18,1,0
BRDA:272,19,0,0
BRDA:272,19,1,0
BRDA:382,20,0,0
BRDA:382,20,1,0
BRDA:403,21,0,0
BRDA:403,21,1,0
BRDA:427,22,0,0
BRDA:427,22,1,0
BRDA:431,23,0,0
BRDA:431,23,1,0
BRDA:448,24,0,0
BRDA:448,24,1,0
BRF:53
BRH:0
end_of_record
TN:
SF:app/(home)/Map.jsx
FN:19,Map
FN:36,(anonymous_1)
FN:48,(anonymous_2)
FN:54,(anonymous_3)
FN:58,(anonymous_4)
FN:79,(anonymous_5)
FN:95,(anonymous_6)
FN:100,(anonymous_7)
FN:104,(anonymous_8)
FN:109,(anonymous_9)
FN:139,(anonymous_10)
FN:148,(anonymous_11)
FN:177,(anonymous_12)
FN:186,(anonymous_13)
FN:220,(anonymous_14)
FN:246,(anonymous_15)
FN:296,(anonymous_16)
FN:322,(anonymous_17)
FNF:18
FNH:0
FNDA:0,Map
FNDA:0,(anonymous_1)
FNDA:0,(anonymous_2)
FNDA:0,(anonymous_3)
FNDA:0,(anonymous_4)
FNDA:0,(anonymous_5)
FNDA:0,(anonymous_6)
FNDA:0,(anonymous_7)
FNDA:0,(anonymous_8)
FNDA:0,(anonymous_9)
FNDA:0,(anonymous_10)
FNDA:0,(anonymous_11)
FNDA:0,(anonymous_12)
FNDA:0,(anonymous_13)
FNDA:0,(anonymous_14)
FNDA:0,(anonymous_15)
FNDA:0,(anonymous_16)
FNDA:0,(anonymous_17)
DA:14,0
DA:16,0
DA:17,0
DA:20,0
DA:21,0
DA:22,0
DA:23,0
DA:24,0
DA:25,0
DA:26,0
DA:27,0
DA:28,0
DA:30,0
DA:36,0
DA:37,0
DA:38,0
DA:39,0
DA:40,0
DA:41,0
DA:42,0
DA:44,0
DA:48,0
DA:49,0
DA:50,0
DA:54,0
DA:55,0
DA:58,0
DA:59,0
DA:60,0
DA:62,0
DA:63,0
DA:64,0
DA:66,0
DA:69,0
DA:70,0
DA:71,0
DA:73,0
DA:77,0
DA:79,0
DA:80,0
DA:81,0
DA:82,0
DA:83,0
DA:86,0
DA:87,0
DA:88,0
DA:91,0
DA:95,0
DA:96,0
DA:100,0
DA:101,0
DA:104,0
DA:105,0
DA:106,0
DA:109,0
DA:110,0
DA:111,0
DA:114,0
DA:140,0
DA:149,0
DA:178,0
DA:186,0
DA:221,0
DA:246,0
DA:297,0
DA:322,0
DA:375,0
LF:67
LH:0
BRDA:49,0,0,0
BRDA:49,0,1,0
BRDA:62,1,0,0
BRDA:62,1,1,0
BRDA:62,2,0,0
BRDA:62,2,1,0
BRDA:63,3,0,0
BRDA:63,3,1,0
BRDA:63,4,0,0
BRDA:63,4,1,0
BRDA:69,5,0,0
BRDA:69,5,1,0
BRDA:69,6,0,0
BRDA:69,6,1,0
BRDA:70,7,0,0
BRDA:70,7,1,0
BRDA:70,8,0,0
BRDA:70,8,1,0
BRDA:81,9,0,0
BRDA:81,9,1,0
BRDA:86,10,0,0
BRDA:86,10,1,0
BRDA:138,11,0,0
BRDA:138,11,1,0
BRDA:154,12,0,0
BRDA:154,12,1,0
BRDA:156,13,0,0
BRDA:156,13,1,0
BRDA:161,14,0,0
BRDA:161,14,1,0
BRDA:166,15,0,0
BRDA:166,15,1,0
BRDA:176,16,0,0
BRDA:176,16,1,0
BRDA:190,17,0,0
BRDA:190,17,1,0
BRDA:195,18,0,0
BRDA:195,18,1,0
BRDA:199,19,0,0
BRDA:199,19,1,0
BRDA:219,20,0,0
BRDA:219,20,1,0
BRDA:226,21,0,0
BRDA:226,21,1,0
BRDA:253,22,0,0
BRDA:253,22,1,0
BRDA:295,23,0,0
BRDA:295,23,1,0
BRDA:302,24,0,0
BRDA:302,24,1,0
BRDA:329,25,0,0
BRDA:329,25,1,0
BRF:52
BRH:0
end_of_record
TN:
SF:app/(home)/Profile.jsx
FN:11,Profile
FN:12,(anonymous_1)
FN:126,(anonymous_2)
FNF:3
FNH:0
FNDA:0,Profile
FNDA:0,(anonymous_1)
FNDA:0,(anonymous_2)
DA:12,0
DA:13,0
DA:14,0
DA:15,0
DA:18,0
DA:76,0
DA:126,0
LF:7
LH:0
BRF:0
BRH:0
end_of_record
TN:
SF:app/(home)/Staffhome.jsx
FN:12,Homepage
FN:78,(anonymous_1)
FNF:2
FNH:0
FNDA:0,Homepage
FNDA:0,(anonymous_1)
DA:13,0
DA:78,0
DA:82,0
LF:3
LH:0
BRF:0
BRH:0
end_of_record
TN:
SF:app/(home)/TrackReports.jsx
FN:24,(anonymous_0)
FN:51,TrackReports
FN:57,fetchReports
FN:64,(anonymous_3)
FN:68,(anonymous_4)
FN:74,renderReport
FN:113,(anonymous_6)
FN:124,(anonymous_7)
FN:152,(anonymous_8)
FN:154,(anonymous_9)
FN:160,(anonymous_10)
FN:162,(anonymous_11)
FNF:12
FNH:0
FNDA:0,(anonymous_0)
FNDA:0,TrackReports
FNDA:0,fetchReports
FNDA:0,(anonymous_3)
FNDA:0,(anonymous_4)
FNDA:0,renderReport
FNDA:0,(anonymous_6)
FNDA:0,(anonymous_7)
FNDA:0,(anonymous_8)
FNDA:0,(anonymous_9)
FNDA:0,(anonymous_10)
FNDA:0,(anonymous_11)
DA:12,0
DA:17,0
DA:24,0
DA:32,0
DA:52,0
DA:53,0
DA:54,0
DA:55,0
DA:58,0
DA:59,0
DA:60,0
DA:61,0
DA:64,0
DA:65,0
DA:68,0
DA:69,0
DA:70,0
DA:75,0
DA:77,0
DA:89,0
DA:113,0
DA:124,0
DA:152,0
DA:154,0
DA:160,0
DA:162,0
DA:171,0
LF:27
LH:0
BRDA:38,0,0,0
BRDA:38,0,1,0
BRDA:69,1,0,0
BRDA:69,1,1,0
BRDA:133,2,0,0
BRDA:133,2,1,0
BRDA:133,2,2,0
BRDA:133,2,3,0
BRDA:133,2,4,0
BRDA:149,3,0,0
BRDA:149,3,1,0
BRDA:157,4,0,0
BRDA:157,4,1,0
BRF:13
BRH:0
end_of_record
TN:
SF:app/(home)/_layout.jsx
FN:6,HomeLayout
FN:13,(anonymous_1)
FN:34,(anonymous_2)
FN:46,(anonymous_3)
FN:67,(anonymous_4)
FN:149,(anonymous_5)
FNF:6
FNH:0
FNDA:0,HomeLayout
FNDA:0,(anonymous_1)
FNDA:0,(anonymous_2)
FNDA:0,(anonymous_3)
FNDA:0,(anonymous_4)
FNDA:0,(anonymous_5)
DA:7,0
DA:13,0
DA:34,0
DA:46,0
DA:67,0
DA:149,0
LF:6
LH:0
BRDA:68,0,0,0
BRDA:68,0,1,0
BRF:2
BRH:0
end_of_record
TN:
SF:app/(home)/index.js
FN:17,Homepage
FN:21,(anonymous_1)
FN:128,(anonymous_2)
FNF:3
FNH:0
FNDA:0,Homepage
FNDA:0,(anonymous_1)
FNDA:0,(anonymous_2)
DA:18,0
DA:19,0
DA:20,0
DA:21,0
DA:22,0
DA:23,0
DA:26,0
DA:128,0
DA:132,0
LF:9
LH:0
BRDA:22,0,0,0
BRDA:22,0,1,0
BRF:2
BRH:0
end_of_record
TN:
SF:app/(staff)/SelectMap.jsx
FN:8,SelectMap
FN:20,(anonymous_1)
FN:34,(anonymous_2)
FNF:3
FNH:0
FNDA:0,SelectMap
FNDA:0,(anonymous_1)
FNDA:0,(anonymous_2)
DA:9,0
DA:10,0
DA:11,0
DA:17,0
DA:18,0
DA:20,0
DA:21,0
DA:22,0
DA:23,0
DA:24,0
DA:27,0
DA:34,0
DA:56,0
LF:13
LH:0
BRF:0
BRH:0
end_of_record
TN:
SF:app/(staff)/VerifyForm.jsx
FN:29,VerifyForm
FN:80,(anonymous_1)
FN:100,(anonymous_2)
FN:101,(anonymous_3)
FN:118,(anonymous_4)
FN:123,(anonymous_5)
FN:136,(anonymous_6)
FN:170,(anonymous_7)
FN:217,(anonymous_8)
FN:229,(anonymous_9)
FN:247,(anonymous_10)
FN:258,(anonymous_11)
FN:283,(anonymous_12)
FN:317,(anonymous_13)
FN:349,(anonymous_14)
FN:365,(anonymous_15)
FN:414,(anonymous_16)
FN:426,(anonymous_17)
FN:530,(anonymous_18)
FNF:19
FNH:0
FNDA:0,VerifyForm
FNDA:0,(anonymous_1)
FNDA:0,(anonymous_2)
FNDA:0,(anonymous_3)
FNDA:0,(anonymous_4)
FNDA:0,(anonymous_5)
FNDA:0,(anonymous_6)
FNDA:0,(anonymous_7)
FNDA:0,(anonymous_8)
FNDA:0,(anonymous_9)
FNDA:0,(anonymous_10)
FNDA:0,(anonymous_11)
FNDA:0,(anonymous_12)
FNDA:0,(anonymous_13)
FNDA:0,(anonymous_14)
FNDA:0,(anonymous_15)
FNDA:0,(anonymous_16)
FNDA:0,(anonymous_17)
FNDA:0,(anonymous_18)
DA:30,0
DA:31,0
DA:32,0
DA:33,0
DA:34,0
DA:35,0
DA:36,0
DA:39,0
DA:42,0
DA:50,0
DA:53,0
DA:64,0
DA:66,0
DA:67,0
DA:69,0
DA:71,0
DA:77,0
DA:80,0
DA:81,0
DA:88,0
DA:89,0
DA:94,0
DA:95,0
DA:96,0
DA:97,0
DA:98,0
DA:100,0
DA:101,0
DA:102,0
DA:103,0
DA:107,0
DA:108,0
DA:118,0
DA:119,0
DA:120,0
DA:123,0
DA:124,0
DA:125,0
DA:126,0
DA:127,0
DA:128,0
DA:129,0
DA:131,0
DA:136,0
DA:137,0
DA:138,0
DA:139,0
DA:140,0
DA:141,0
DA:147,0
DA:154,0
DA:161,0
DA:162,0
DA:164,0
DA:166,0
DA:170,0
DA:171,0
DA:172,0
DA:173,0
DA:175,0
DA:176,0
DA:177,0
DA:179,0
DA:180,0
DA:181,0
DA:183,0
DA:184,0
DA:185,0
DA:188,0
DA:189,0
DA:191,0
DA:193,0
DA:201,0
DA:202,0
DA:205,0
DA:206,0
DA:207,0
DA:208,0
DA:209,0
DA:210,0
DA:211,0
DA:218,0
DA:226,0
DA:228,0
DA:229,0
DA:231,0
DA:232,0
DA:234,0
DA:236,0
DA:238,0
DA:239,0
DA:240,0
DA:241,0
DA:248,0
DA:257,0
DA:258,0
DA:260,0
DA:262,0
DA:263,0
DA:267,0
DA:283,0
DA:317,0
DA:349,0
DA:365,0
DA:415,0
DA:427,0
DA:428,0
DA:430,0
DA:531,0
DA:532,0
DA:534,0
DA:607,0
LF:112
LH:0
BRDA:40,0,0,0
BRDA:40,0,1,0
BRDA:66,1,0,0
BRDA:66,1,1,0
BRDA:67,2,0,0
BRDA:67,2,1,0
BRDA:69,3,0,0
BRDA:69,3,1,0
BRDA:71,4,0,0
BRDA:71,4,1,0
BRDA:73,5,0,0
BRDA:73,5,1,0
BRDA:88,6,0,0
BRDA:88,6,1,0
BRDA:107,7,0,0
BRDA:107,7,1,0
BRDA:124,8,0,0
BRDA:124,8,1,0
BRDA:148,9,0,0
BRDA:148,9,1,0
BRDA:155,10,0,0
BRDA:155,10,1,0
BRDA:161,11,0,0
BRDA:161,11,1,0
BRDA:162,12,0,0
BRDA:162,12,1,0
BRDA:171,13,0,0
BRDA:171,13,1,0
BRDA:171,14,0,0
BRDA:171,14,1,0
BRDA:175,15,0,0
BRDA:175,15,1,0
BRDA:179,16,0,0
BRDA:179,16,1,0
BRDA:183,17,0,0
BRDA:183,17,1,0
BRDA:194,18,0,0
BRDA:194,18,1,0
BRDA:201,19,0,0
BRDA:201,19,1,0
BRDA:205,20,0,0
BRDA:205,20,1,0
BRDA:210,21,0,0
BRDA:210,21,1,0
BRDA:240,22,0,0
BRDA:240,22,1,0
BRDA:240,23,0,0
BRDA:240,23,1,0
BRDA:269,24,0,0
BRDA:269,24,1,0
BRDA:269,25,0,0
BRDA:269,25,1,0
BRDA:312,26,0,0
BRDA:312,26,1,0
BRDA:321,27,0,0
BRDA:321,27,1,0
BRDA:327,28,0,0
BRDA:327,28,1,0
BRDA:327,29,0,0
BRDA:327,29,1,0
BRDA:373,30,0,0
BRDA:373,30,1,0
BRDA:373,31,0,0
BRDA:373,31,1,0
BRDA:404,32,0,0
BRDA:404,32,1,0
BRDA:409,33,0,0
BRDA:409,33,1,0
BRDA:427,34,0,0
BRDA:427,34,1,0
BRDA:464,35,0,0
BRDA:464,35,1,0
BRDA:468,36,0,0
BRDA:468,36,1,0
BRDA:485,37,0,0
BRDA:485,37,1,0
BRDA:531,38,0,0
BRDA:531,38,1,0
BRDA:566,39,0,0
BRDA:566,39,1,0
BRDA:570,40,0,0
BRDA:570,40,1,0
BRDA:587,41,0,0
BRDA:587,41,1,0
BRF:84
BRH:0
end_of_record
TN:
SF:app/(staff)/ViewEvents.jsx
FN:17,(anonymous_0)
FN:38,(anonymous_1)
FN:47,ViewEvents
FN:51,(anonymous_3)
FN:58,(anonymous_4)
FN:62,(anonymous_5)
FN:68,(anonymous_6)
FN:72,(anonymous_7)
FN:82,(anonymous_8)
FN:91,(anonymous_9)
FN:153,(anonymous_10)
FN:155,(anonymous_11)
FNF:12
FNH:0
FNDA:0,(anonymous_0)
FNDA:0,(anonymous_1)
FNDA:0,ViewEvents
FNDA:0,(anonymous_3)
FNDA:0,(anonymous_4)
FNDA:0,(anonymous_5)
FNDA:0,(anonymous_6)
FNDA:0,(anonymous_7)
FNDA:0,(anonymous_8)
FNDA:0,(anonymous_9)
FNDA:0,(anonymous_10)
FNDA:0,(anonymous_11)
DA:17,0
DA:18,0
DA:38,0
DA:48,0
DA:49,0
DA:51,0
DA:52,0
DA:53,0
DA:54,0
DA:55,0
DA:58,0
DA:59,0
DA:62,0
DA:63,0
DA:64,0
DA:68,0
DA:69,0
DA:73,0
DA:74,0
DA:79,0
DA:82,0
DA:83,0
DA:85,0
DA:91,0
DA:96,0
DA:97,0
DA:99,0
DA:153,0
DA:155,0
DA:163,0
LF:30
LH:0
BRDA:63,0,0,0
BRDA:63,0,1,0
BRDA:136,1,0,0
BRDA:136,1,1,0
BRF:4
BRH:0
end_of_record
TN:
SF:app/(staff)/ViewReports.jsx
FN:19,(anonymous_0)
FN:32,(anonymous_1)
FN:78,(anonymous_2)
FN:121,ViewReports
FN:127,fetchReports
FN:136,(anonymous_5)
FN:140,(anonymous_6)
FN:146,handleReject
FN:150,(anonymous_8)
FN:163,renderReport
FN:176,(anonymous_10)
FN:214,(anonymous_11)
FN:241,(anonymous_12)
FN:243,(anonymous_13)
FN:249,(anonymous_14)
FN:251,(anonymous_15)
FNF:16
FNH:0
FNDA:0,(anonymous_0)
FNDA:0,(anonymous_1)
FNDA:0,(anonymous_2)
FNDA:0,ViewReports
FNDA:0,fetchReports
FNDA:0,(anonymous_5)
FNDA:0,(anonymous_6)
FNDA:0,handleReject
FNDA:0,(anonymous_8)
FNDA:0,renderReport
FNDA:0,(anonymous_10)
FNDA:0,(anonymous_11)
FNDA:0,(anonymous_12)
FNDA:0,(anonymous_13)
FNDA:0,(anonymous_14)
FNDA:0,(anonymous_15)
DA:19,0
DA:30,0
DA:32,0
DA:33,0
DA:36,0
DA:78,0
DA:122,0
DA:123,0
DA:124,0
DA:125,0
DA:128,0
DA:129,0
DA:130,0
DA:131,0
DA:132,0
DA:133,0
DA:136,0
DA:137,0
DA:140,0
DA:141,0
DA:142,0
DA:147,0
DA:151,0
DA:155,0
DA:160,0
DA:164,0
DA:166,0
DA:176,0
DA:181,0
DA:214,0
DA:241,0
DA:243,0
DA:249,0
DA:251,0
DA:260,0
LF:35
LH:0
BRDA:43,0,0,0
BRDA:43,0,1,0
BRDA:48,1,0,0
BRDA:48,1,1,0
BRDA:141,2,0,0
BRDA:141,2,1,0
BRDA:152,3,0,0
BRDA:152,3,1,0
BRDA:222,4,0,0
BRDA:222,4,1,0
BRDA:222,4,2,0
BRDA:222,4,3,0
BRDA:222,4,4,0
BRDA:238,5,0,0
BRDA:238,5,1,0
BRDA:238,5,2,0
BRDA:246,6,0,0
BRDA:246,6,1,0
BRF:18
BRH:0
end_of_record
TN:
SF:app/(staff)/ViewVerifiedReports.jsx
FN:18,(anonymous_0)
FN:39,(anonymous_1)
FN:48,ViewVerifiedReports
FN:54,fetchReports
FN:63,(anonymous_4)
FN:67,(anonymous_5)
FN:73,handleResolve
FN:77,(anonymous_7)
FN:92,renderReport
FN:102,(anonymous_9)
FN:140,(anonymous_10)
FN:167,(anonymous_11)
FN:169,(anonymous_12)
FN:175,(anonymous_13)
FN:177,(anonymous_14)
FNF:15
FNH:0
FNDA:0,(anonymous_0)
FNDA:0,(anonymous_1)
FNDA:0,ViewVerifiedReports
FNDA:0,fetchReports
FNDA:0,(anonymous_4)
FNDA:0,(anonymous_5)
FNDA:0,handleResolve
FNDA:0,(anonymous_7)
FNDA:0,renderReport
FNDA:0,(anonymous_9)
FNDA:0,(anonymous_10)
FNDA:0,(anonymous_11)
FNDA:0,(anonymous_12)
FNDA:0,(anonymous_13)
FNDA:0,(anonymous_14)
DA:18,0
DA:19,0
DA:39,0
DA:49,0
DA:50,0
DA:51,0
DA:52,0
DA:55,0
DA:56,0
DA:57,0
DA:58,0
DA:59,0
DA:60,0
DA:63,0
DA:64,0
DA:67,0
DA:68,0
DA:69,0
DA:74,0
DA:78,0
DA:79,0
DA:80,0
DA:82,0
DA:84,0
DA:89,0
DA:93,0
DA:95,0
DA:102,0
DA:107,0
DA:140,0
DA:167,0
DA:169,0
DA:175,0
DA:177,0
DA:186,0
LF:35
LH:0
BRDA:68,0,0,0
BRDA:68,0,1,0
BRDA:78,1,0,0
BRDA:78,1,1,0
BRDA:148,2,0,0
BRDA:148,2,1,0
BRDA:148,2,2,0
BRDA:148,2,3,0
BRDA:148,2,4,0
BRDA:164,3,0,0
BRDA:164,3,1,0
BRDA:172,4,0,0
BRDA:172,4,1,0
BRF:13
BRH:0
end_of_record
TN:
SF:app/(staff)/_layout.jsx
FN:3,StaffLayout
FNF:1
FNH:0
FNDA:0,StaffLayout
DA:4,0
LF:1
LH:0
BRF:0
BRH:0
end_of_record
TN:
SF:app/screens/stack.jsx
FNF:0
FNH:0
LF:0
LH:0
BRF:0
BRH:0
end_of_record
TN:
SF:contexts/auth.jsx
FN:11,useAuth
FN:15,useProtectedRoute
FN:19,(anonymous_2)
FN:36,AuthProvider
FN:41,(anonymous_4)
FN:43,(anonymous_5)
FN:53,(anonymous_6)
FNF:7
FNH:0
FNDA:0,useAuth
FNDA:0,useProtectedRoute
FNDA:0,(anonymous_2)
FNDA:0,AuthProvider
FNDA:0,(anonymous_4)
FNDA:0,(anonymous_5)
FNDA:0,(anonymous_6)
DA:9,1
DA:12,0
DA:16,0
DA:17,0
DA:19,0
DA:20,0
DA:21,0
DA:22,0
DA:23,0
DA:24,0
DA:25,0
DA:26,0
DA:27,0
DA:28,0
DA:30,0
DA:37,0
DA:39,0
DA:41,0
DA:42,0
DA:43,0
DA:44,0
DA:45,0
DA:46,0
DA:47,0
DA:48,0
DA:49,0
DA:50,0
DA:53,0
DA:55,0
DA:60,1
LF:30
LH:2
BRDA:21,0,0,0
BRDA:21,0,1,0
BRDA:23,1,0,0
BRDA:23,1,1,0
BRDA:23,2,0,0
BRDA:23,2,1,0
BRDA:26,3,0,0
BRDA:26,3,1,0
BRDA:26,4,0,0
BRDA:26,4,1,0
BRDA:27,5,0,0
BRDA:27,5,1,0
BRDA:45,6,0,0
BRDA:45,6,1,0
BRDA:49,7,0,0
BRDA:49,7,1,0
BRF:16
BRH:0
end_of_record
TN:
SF:lib/supabase.js
FN:18,getUserRole
FN:25,upgradeUserRole
FN:39,insertReportData
FN:51,insertVerifiedReport
FN:63,viewNewReports
FN:73,viewVerifiedReports
FN:78,rejectReport
FN:86,verifyReport
FN:94,viewMarkers
FN:99,resolveReport
FN:119,viewFilteredReport
FN:159,insertImage
FN:169,getImageURL
FNF:13
FNH:0
FNDA:0,getUserRole
FNDA:0,upgradeUserRole
FNDA:0,insertReportData
FNDA:0,insertVerifiedReport
FNDA:0,viewNewReports
FNDA:0,viewVerifiedReports
FNDA:0,rejectReport
FNDA:0,verifyReport
FNDA:0,viewMarkers
FNDA:0,resolveReport
FNDA:0,viewFilteredReport
FNDA:0,insertImage
FNDA:0,getImageURL
DA:5,1
DA:6,1
DA:12,1
DA:19,0
DA:22,0
DA:30,0
DA:32,0
DA:36,0
DA:44,0
DA:45,0
DA:48,0
DA:56,0
DA:57,0
DA:60,0
DA:64,0
DA:70,0
DA:74,0
DA:75,0
DA:79,0
DA:83,0
DA:87,0
DA:91,0
DA:95,0
DA:96,0
DA:100,0
DA:101,0
DA:105,0
DA:107,0
DA:111,0
DA:115,0
DA:124,0
DA:126,0
DA:127,0
DA:132,0
DA:133,0
DA:134,0
DA:139,0
DA:140,0
DA:141,0
DA:147,0
DA:149,0
DA:155,0
DA:160,0
DA:166,0
DA:170,0
DA:173,0
LF:46
LH:3
BRDA:100,0,0,0
BRDA:100,0,1,0
BRDA:108,1,0,0
BRDA:108,1,1,0
BRDA:112,2,0,0
BRDA:112,2,1,0
BRDA:126,3,0,0
BRDA:126,3,1,0
BRDA:128,4,0,0
BRDA:128,4,1,0
BRDA:133,5,0,0
BRDA:133,5,1,0
BRDA:135,6,0,0
BRDA:135,6,1,0
BRDA:140,7,0,0
BRDA:140,7,1,0
BRDA:142,8,0,0
BRDA:142,8,1,0
BRDA:150,9,0,0
BRDA:150,9,1,0
BRF:20
BRH:0
end_of_record
TN:
SF:redux/store.js
FN:6,(anonymous_0)
FN:11,(anonymous_1)
FN:16,(anonymous_2)
FN:28,(anonymous_3)
FNF:4
FNH:1
FNDA:0,(anonymous_0)
FNDA:0,(anonymous_1)
FNDA:0,(anonymous_2)
FNDA:1,(anonymous_3)
DA:6,1
DA:11,1
DA:16,1
DA:22,1
DA:28,1
DA:29,1
DA:31,0
DA:36,0
DA:41,0
DA:46,1
DA:58,1
LF:11
LH:8
BRDA:28,0,0,1
BRDA:29,1,0,0
BRDA:29,1,1,0
BRDA:29,1,2,0
BRDA:29,1,3,1
BRF:5
BRH:2
end_of_record
TN:
SF:utils/test-utils.tsx
FN:12,renderWithProviders
FNF:1
FNH:1
FNDA:1,renderWithProviders
DA:16,1
LF:1
LH:1
BRF:0
BRH:0
end_of_record
