TN:
SF:index.js
FNF:0
FNH:0
LF:0
LH:0
BRF:0
BRH:0
end_of_record
TN:
SF:app/_layout.jsx
FN:8,Root
FNF:1
FNH:0
FNDA:0,Root
DA:9,0
DA:10,0
LF:2
LH:0
BRF:0
BRH:0
end_of_record
TN:
SF:app/(auth)/Login.jsx
FN:14,Login
FN:24,(anonymous_1)
FN:31,(anonymous_2)
FN:58,(anonymous_3)
FN:66,(anonymous_4)
FN:160,(anonymous_5)
FN:174,(anonymous_6)
FNF:7
FNH:5
FNDA:15,Login
FNDA:8,(anonymous_1)
FNDA:3,(anonymous_2)
FNDA:0,(anonymous_3)
FNDA:0,(anonymous_4)
FNDA:1,(anonymous_5)
FNDA:1,(anonymous_6)
DA:15,15
DA:16,15
DA:17,15
DA:18,15
DA:19,15
DA:20,15
DA:22,15
DA:24,15
DA:25,8
DA:26,1
DA:27,1
DA:31,15
DA:33,3
DA:36,3
DA:37,1
DA:38,1
DA:39,1
DA:40,1
DA:42,2
DA:43,1
DA:44,1
DA:45,1
DA:46,1
DA:49,1
DA:50,1
DA:55,1
DA:56,1
DA:57,0
DA:58,0
DA:60,0
DA:63,1
DA:66,15
DA:67,0
DA:70,15
DA:72,15
DA:160,1
DA:174,1
DA:188,1
LF:38
LH:34
BRDA:25,0,0,1
BRDA:25,0,1,7
BRDA:36,1,0,1
BRDA:36,1,1,2
BRDA:42,2,0,1
BRDA:42,2,1,1
BRDA:56,3,0,0
BRDA:56,3,1,1
BRDA:131,4,0,0
BRDA:131,4,1,15
BRDA:137,5,0,15
BRDA:137,5,1,2
BRF:12
BRH:10
end_of_record
TN:
SF:app/(auth)/Register.jsx
FN:8,Register
FN:16,(anonymous_1)
FN:39,(anonymous_2)
FNF:3
FNH:2
FNDA:16,Register
FNDA:4,(anonymous_1)
FNDA:0,(anonymous_2)
DA:9,16
DA:10,16
DA:11,16
DA:12,16
DA:13,16
DA:14,16
DA:16,16
DA:17,4
DA:18,1
DA:19,1
DA:21,3
DA:22,1
DA:23,1
DA:25,2
DA:26,1
DA:27,1
DA:30,1
DA:31,1
DA:32,0
DA:33,0
DA:34,0
DA:35,0
DA:39,16
DA:40,0
DA:43,16
DA:141,9
LF:26
LH:21
BRDA:17,0,0,1
BRDA:17,0,1,3
BRDA:21,1,0,1
BRDA:21,1,1,2
BRDA:25,2,0,1
BRDA:25,2,1,1
BRDA:33,3,0,0
BRDA:33,3,1,0
BRDA:63,4,0,16
BRDA:63,4,1,3
BRDA:116,5,0,0
BRDA:116,5,1,16
BRF:12
BRH:9
end_of_record
TN:
SF:app/(auth)/StaffRegister.jsx
FN:8,StaffRegister
FN:20,(anonymous_1)
FN:60,(anonymous_2)
FN:63,(anonymous_3)
FNF:4
FNH:2
FNDA:22,StaffRegister
FNDA:5,(anonymous_1)
FNDA:0,(anonymous_2)
FNDA:0,(anonymous_3)
DA:9,22
DA:10,22
DA:11,22
DA:12,22
DA:13,22
DA:14,22
DA:15,22
DA:16,22
DA:18,22
DA:20,22
DA:22,5
DA:23,1
DA:24,1
DA:26,4
DA:27,1
DA:28,1
DA:30,3
DA:31,1
DA:32,1
DA:34,2
DA:35,1
DA:36,1
DA:38,1
DA:39,0
DA:40,0
DA:43,1
DA:44,1
DA:45,0
DA:47,0
DA:48,0
DA:49,0
DA:52,0
DA:54,0
DA:55,0
DA:57,0
DA:60,22
DA:61,0
DA:63,22
DA:64,0
DA:67,22
DA:204,9
LF:41
LH:29
BRDA:22,0,0,1
BRDA:22,0,1,4
BRDA:26,1,0,1
BRDA:26,1,1,3
BRDA:30,2,0,1
BRDA:30,2,1,2
BRDA:34,3,0,1
BRDA:34,3,1,1
BRDA:38,4,0,0
BRDA:38,4,1,1
BRDA:47,5,0,0
BRDA:47,5,1,0
BRDA:54,6,0,0
BRDA:54,6,1,0
BRDA:85,7,0,22
BRDA:85,7,1,4
BRDA:161,8,0,0
BRDA:161,8,1,22
BRDA:179,9,0,0
BRDA:179,9,1,22
BRF:20
BRH:13
end_of_record
TN:
SF:app/(auth)/_layout.jsx
FN:3,AuthLayout
FNF:1
FNH:0
FNDA:0,AuthLayout
DA:4,0
LF:1
LH:0
BRF:0
BRH:0
end_of_record
TN:
SF:app/(home)/Contacts.jsx
FN:11,Contact
FN:12,(anonymous_1)
FN:33,(anonymous_2)
FN:42,(anonymous_3)
FN:51,(anonymous_4)
FN:62,(anonymous_5)
FN:74,(anonymous_6)
FN:82,(anonymous_7)
FN:90,(anonymous_8)
FNF:9
FNH:0
FNDA:0,Contact
FNDA:0,(anonymous_1)
FNDA:0,(anonymous_2)
FNDA:0,(anonymous_3)
FNDA:0,(anonymous_4)
FNDA:0,(anonymous_5)
FNDA:0,(anonymous_6)
FNDA:0,(anonymous_7)
FNDA:0,(anonymous_8)
DA:12,0
DA:13,0
DA:14,0
DA:17,0
DA:33,0
DA:42,0
DA:51,0
DA:62,0
DA:74,0
DA:82,0
DA:90,0
DA:101,0
LF:12
LH:0
BRF:0
BRH:0
end_of_record
TN:
SF:app/(home)/EventMap.jsx
FN:23,EventMap
FN:37,(anonymous_1)
FN:46,(anonymous_2)
FN:52,(anonymous_3)
FN:56,(anonymous_4)
FN:70,(anonymous_5)
FN:79,(anonymous_6)
FN:84,(anonymous_7)
FN:89,(anonymous_8)
FN:102,(anonymous_9)
FN:111,(anonymous_10)
FN:142,(anonymous_11)
FN:175,(anonymous_12)
FNF:13
FNH:8
FNDA:7,EventMap
FNDA:3,(anonymous_1)
FNDA:3,(anonymous_2)
FNDA:3,(anonymous_3)
FNDA:0,(anonymous_4)
FNDA:0,(anonymous_5)
FNDA:0,(anonymous_6)
FNDA:0,(anonymous_7)
FNDA:1,(anonymous_8)
FNDA:8,(anonymous_9)
FNDA:0,(anonymous_10)
FNDA:8,(anonymous_11)
FNDA:1,(anonymous_12)
DA:18,1
DA:20,1
DA:21,1
DA:24,7
DA:25,7
DA:26,7
DA:27,7
DA:28,7
DA:29,7
DA:31,7
DA:37,7
DA:38,3
DA:39,3
DA:40,3
DA:42,0
DA:46,7
DA:47,3
DA:48,0
DA:52,7
DA:53,3
DA:56,7
DA:57,0
DA:58,0
DA:60,0
DA:61,0
DA:62,0
DA:64,0
DA:68,7
DA:70,7
DA:71,0
DA:72,0
DA:73,0
DA:75,0
DA:79,0
DA:80,0
DA:84,7
DA:85,0
DA:86,0
DA:89,7
DA:90,1
DA:91,1
DA:94,7
DA:103,8
DA:111,0
DA:143,8
DA:175,1
DA:235,1
LF:47
LH:30
BRDA:47,0,0,0
BRDA:47,0,1,3
BRDA:60,1,0,0
BRDA:60,1,1,0
BRDA:61,2,0,0
BRDA:61,2,1,0
BRDA:61,3,0,0
BRDA:61,3,1,0
BRDA:117,4,0,8
BRDA:117,4,1,4
BRDA:121,5,0,8
BRDA:121,5,1,4
BRDA:148,6,0,8
BRDA:148,6,1,4
BRDA:189,7,0,8
BRDA:189,7,1,2
BRF:16
BRH:9
end_of_record
TN:
SF:app/(home)/IncidentForm.jsx
FN:23,IncidentForm
FN:58,(anonymous_1)
FN:73,(anonymous_2)
FN:90,(anonymous_3)
FN:128,(anonymous_4)
FN:132,(anonymous_5)
FN:143,(anonymous_6)
FN:167,(anonymous_7)
FN:171,(anonymous_8)
FN:214,(anonymous_9)
FN:218,(anonymous_10)
FN:249,(anonymous_11)
FN:286,(anonymous_12)
FN:318,(anonymous_13)
FN:334,(anonymous_14)
FN:376,(anonymous_15)
FN:391,(anonymous_16)
FN:429,(anonymous_17)
FN:450,(anonymous_18)
FNF:19
FNH:10
FNDA:42,IncidentForm
FNDA:1,(anonymous_1)
FNDA:0,(anonymous_2)
FNDA:0,(anonymous_3)
FNDA:1,(anonymous_4)
FNDA:1,(anonymous_5)
FNDA:1,(anonymous_6)
FNDA:1,(anonymous_7)
FNDA:5,(anonymous_8)
FNDA:0,(anonymous_9)
FNDA:0,(anonymous_10)
FNDA:0,(anonymous_11)
FNDA:0,(anonymous_12)
FNDA:0,(anonymous_13)
FNDA:1,(anonymous_14)
FNDA:5,(anonymous_15)
FNDA:0,(anonymous_16)
FNDA:1,(anonymous_17)
FNDA:0,(anonymous_18)
DA:24,42
DA:25,42
DA:26,42
DA:28,42
DA:29,42
DA:30,42
DA:39,42
DA:41,42
DA:42,42
DA:43,42
DA:50,42
DA:52,42
DA:54,42
DA:56,42
DA:58,42
DA:59,1
DA:67,1
DA:68,1
DA:70,0
DA:74,0
DA:75,0
DA:76,0
DA:77,0
DA:78,0
DA:79,0
DA:80,0
DA:81,0
DA:86,0
DA:90,42
DA:91,0
DA:98,0
DA:99,0
DA:104,42
DA:105,42
DA:106,42
DA:107,42
DA:108,42
DA:117,42
DA:118,1
DA:128,41
DA:129,1
DA:132,41
DA:133,1
DA:134,1
DA:135,1
DA:136,1
DA:143,41
DA:144,1
DA:145,1
DA:146,1
DA:147,1
DA:148,1
DA:154,1
DA:155,0
DA:157,0
DA:158,0
DA:160,0
DA:167,41
DA:168,1
DA:171,41
DA:172,5
DA:173,1
DA:174,1
DA:176,4
DA:177,1
DA:178,1
DA:180,3
DA:181,1
DA:182,1
DA:184,2
DA:185,1
DA:186,1
DA:189,1
DA:190,0
DA:191,0
DA:195,1
DA:196,1
DA:198,1
DA:200,1
DA:209,1
DA:210,1
DA:211,1
DA:214,0
DA:217,0
DA:218,0
DA:220,0
DA:222,1
DA:223,1
DA:224,1
DA:225,1
DA:226,1
DA:227,1
DA:228,1
DA:229,1
DA:230,1
DA:233,41
DA:249,0
DA:286,0
DA:318,0
DA:334,1
DA:377,5
DA:392,0
DA:394,0
DA:396,0
DA:430,1
DA:432,0
DA:434,1
DA:451,0
DA:453,0
DA:455,0
DA:521,1
LF:111
LH:78
BRDA:59,0,0,1
BRDA:59,0,1,0
BRDA:60,1,0,1
BRDA:60,1,1,1
BRDA:60,1,2,1
BRDA:60,1,3,1
BRDA:60,1,4,1
BRDA:60,1,5,1
BRDA:98,2,0,0
BRDA:98,2,1,0
BRDA:117,3,0,1
BRDA:117,3,1,41
BRDA:133,4,0,1
BRDA:133,4,1,0
BRDA:136,5,0,1
BRDA:136,5,1,0
BRDA:157,6,0,0
BRDA:157,6,1,0
BRDA:158,7,0,0
BRDA:158,7,1,0
BRDA:168,8,0,0
BRDA:168,8,1,1
BRDA:172,9,0,1
BRDA:172,9,1,4
BRDA:176,10,0,1
BRDA:176,10,1,3
BRDA:176,11,0,4
BRDA:176,11,1,1
BRDA:180,12,0,1
BRDA:180,12,1,2
BRDA:184,13,0,1
BRDA:184,13,1,1
BRDA:189,14,0,0
BRDA:189,14,1,1
BRDA:210,15,0,1
BRDA:210,15,1,0
BRDA:235,16,0,1
BRDA:235,16,1,40
BRDA:235,17,0,41
BRDA:235,17,1,2
BRDA:281,18,0,0
BRDA:281,18,1,1
BRDA:290,19,0,0
BRDA:290,19,1,1
BRDA:296,20,0,1
BRDA:296,20,1,39
BRDA:296,21,0,40
BRDA:296,21,1,1
BRDA:392,22,0,0
BRDA:392,22,1,0
BRDA:430,23,0,0
BRDA:430,23,1,1
BRDA:451,24,0,0
BRDA:451,24,1,0
BRDA:479,25,0,32
BRDA:479,25,1,7
BRDA:483,26,0,39
BRDA:483,26,1,7
BRDA:498,27,0,39
BRDA:498,27,1,4
BRF:60
BRH:41
end_of_record
TN:
SF:app/(home)/InfrastructureForm.jsx
FN:16,InfrastructureForm
FN:42,(anonymous_1)
FN:47,(anonymous_2)
FN:61,(anonymous_3)
FN:77,(anonymous_4)
FN:115,(anonymous_5)
FN:119,(anonymous_6)
FN:130,(anonymous_7)
FN:154,(anonymous_8)
FN:191,(anonymous_9)
FN:195,(anonymous_10)
FN:225,(anonymous_11)
FN:260,(anonymous_12)
FN:292,(anonymous_13)
FN:308,(anonymous_14)
FN:352,(anonymous_15)
FN:381,(anonymous_16)
FN:403,(anonymous_17)
FNF:18
FNH:10
FNDA:32,InfrastructureForm
FNDA:1,(anonymous_1)
FNDA:1,(anonymous_2)
FNDA:0,(anonymous_3)
FNDA:0,(anonymous_4)
FNDA:1,(anonymous_5)
FNDA:1,(anonymous_6)
FNDA:1,(anonymous_7)
FNDA:4,(anonymous_8)
FNDA:0,(anonymous_9)
FNDA:0,(anonymous_10)
FNDA:0,(anonymous_11)
FNDA:0,(anonymous_12)
FNDA:0,(anonymous_13)
FNDA:1,(anonymous_14)
FNDA:4,(anonymous_15)
FNDA:1,(anonymous_16)
FNDA:0,(anonymous_17)
DA:17,32
DA:18,32
DA:19,32
DA:22,32
DA:23,32
DA:24,32
DA:33,32
DA:35,32
DA:37,32
DA:39,32
DA:42,32
DA:43,1
DA:45,32
DA:47,32
DA:48,1
DA:55,1
DA:56,1
DA:58,0
DA:62,0
DA:63,0
DA:64,0
DA:65,0
DA:66,0
DA:67,0
DA:68,0
DA:73,0
DA:77,32
DA:78,0
DA:85,0
DA:86,0
DA:91,32
DA:92,32
DA:93,32
DA:94,32
DA:95,32
DA:104,32
DA:105,1
DA:115,31
DA:116,1
DA:119,31
DA:120,1
DA:121,1
DA:122,1
DA:123,1
DA:130,31
DA:131,1
DA:132,1
DA:133,1
DA:134,1
DA:135,1
DA:141,1
DA:142,0
DA:144,0
DA:145,0
DA:147,0
DA:154,31
DA:155,4
DA:156,1
DA:157,1
DA:159,3
DA:160,1
DA:161,1
DA:163,2
DA:164,1
DA:165,1
DA:168,1
DA:169,0
DA:170,0
DA:173,1
DA:174,1
DA:176,1
DA:178,1
DA:186,1
DA:187,1
DA:188,1
DA:191,0
DA:194,0
DA:195,0
DA:197,0
DA:199,1
DA:200,1
DA:201,1
DA:202,1
DA:203,1
DA:204,1
DA:205,1
DA:206,1
DA:209,31
DA:225,0
DA:260,0
DA:292,0
DA:308,1
DA:353,4
DA:382,1
DA:384,0
DA:386,1
DA:404,0
DA:406,0
DA:408,0
DA:474,1
LF:100
LH:71
BRDA:43,0,0,0
BRDA:43,0,1,1
BRDA:48,1,0,1
BRDA:48,1,1,0
BRDA:49,2,0,1
BRDA:49,2,1,1
BRDA:49,2,2,1
BRDA:49,2,3,1
BRDA:49,2,4,1
BRDA:85,3,0,0
BRDA:85,3,1,0
BRDA:104,4,0,1
BRDA:104,4,1,31
BRDA:120,5,0,1
BRDA:120,5,1,0
BRDA:123,6,0,1
BRDA:123,6,1,0
BRDA:144,7,0,0
BRDA:144,7,1,0
BRDA:145,8,0,0
BRDA:145,8,1,0
BRDA:155,9,0,1
BRDA:155,9,1,3
BRDA:159,10,0,1
BRDA:159,10,1,2
BRDA:159,11,0,3
BRDA:159,11,1,1
BRDA:163,12,0,1
BRDA:163,12,1,1
BRDA:168,13,0,0
BRDA:168,13,1,1
BRDA:187,14,0,1
BRDA:187,14,1,0
BRDA:211,15,0,1
BRDA:211,15,1,30
BRDA:211,16,0,31
BRDA:211,16,1,2
BRDA:255,17,0,0
BRDA:255,17,1,1
BRDA:264,18,0,0
BRDA:264,18,1,1
BRDA:270,19,0,1
BRDA:270,19,1,29
BRDA:270,20,0,30
BRDA:270,20,1,1
BRDA:382,21,0,0
BRDA:382,21,1,1
BRDA:404,22,0,0
BRDA:404,22,1,0
BRDA:430,23,0,23
BRDA:430,23,1,6
BRDA:434,24,0,29
BRDA:434,24,1,6
BRDA:451,25,0,29
BRDA:451,25,1,3
BRF:55
BRH:38
end_of_record
TN:
SF:app/(home)/Map.jsx
FN:29,Map
FN:46,(anonymous_1)
FN:57,(anonymous_2)
FN:63,(anonymous_3)
FN:67,(anonymous_4)
FN:88,(anonymous_5)
FN:104,(anonymous_6)
FN:109,(anonymous_7)
FN:113,(anonymous_8)
FN:118,(anonymous_9)
FN:151,(anonymous_10)
FN:160,(anonymous_11)
FN:190,(anonymous_12)
FN:199,(anonymous_13)
FN:235,(anonymous_14)
FN:269,(anonymous_15)
FN:326,(anonymous_16)
FN:361,(anonymous_17)
FNF:18
FNH:12
FNDA:19,Map
FNDA:5,(anonymous_1)
FNDA:5,(anonymous_2)
FNDA:5,(anonymous_3)
FNDA:0,(anonymous_4)
FNDA:0,(anonymous_5)
FNDA:0,(anonymous_6)
FNDA:2,(anonymous_7)
FNDA:0,(anonymous_8)
FNDA:2,(anonymous_9)
FNDA:8,(anonymous_10)
FNDA:0,(anonymous_11)
FNDA:10,(anonymous_12)
FNDA:0,(anonymous_13)
FNDA:8,(anonymous_14)
FNDA:1,(anonymous_15)
FNDA:10,(anonymous_16)
FNDA:1,(anonymous_17)
DA:24,1
DA:26,1
DA:27,1
DA:30,19
DA:31,19
DA:32,19
DA:33,19
DA:34,19
DA:35,19
DA:36,19
DA:37,19
DA:38,19
DA:40,19
DA:46,19
DA:47,5
DA:48,5
DA:49,5
DA:50,5
DA:51,5
DA:53,0
DA:57,19
DA:58,5
DA:59,0
DA:63,19
DA:64,5
DA:67,19
DA:68,0
DA:69,0
DA:71,0
DA:72,0
DA:73,0
DA:75,0
DA:78,0
DA:79,0
DA:80,0
DA:82,0
DA:86,19
DA:88,19
DA:89,0
DA:90,0
DA:91,0
DA:92,0
DA:95,0
DA:96,0
DA:97,0
DA:100,0
DA:104,0
DA:105,0
DA:109,19
DA:110,2
DA:113,19
DA:114,0
DA:115,0
DA:118,19
DA:119,2
DA:120,2
DA:123,19
DA:152,8
DA:161,0
DA:191,10
DA:199,0
DA:236,8
DA:269,1
DA:327,10
DA:361,1
DA:421,1
LF:66
LH:40
BRDA:58,0,0,0
BRDA:58,0,1,5
BRDA:71,1,0,0
BRDA:71,1,1,0
BRDA:71,2,0,0
BRDA:71,2,1,0
BRDA:72,3,0,0
BRDA:72,3,1,0
BRDA:72,4,0,0
BRDA:72,4,1,0
BRDA:78,5,0,0
BRDA:78,5,1,0
BRDA:78,6,0,0
BRDA:78,6,1,0
BRDA:79,7,0,0
BRDA:79,7,1,0
BRDA:79,8,0,0
BRDA:79,8,1,0
BRDA:90,9,0,0
BRDA:90,9,1,0
BRDA:95,10,0,0
BRDA:95,10,1,0
BRDA:150,11,0,19
BRDA:150,11,1,12
BRDA:167,12,0,4
BRDA:167,12,1,4
BRDA:169,13,0,4
BRDA:169,13,1,0
BRDA:174,14,0,8
BRDA:174,14,1,4
BRDA:179,15,0,8
BRDA:179,15,1,4
BRDA:189,16,0,19
BRDA:189,16,1,7
BRDA:204,17,0,5
BRDA:204,17,1,5
BRDA:209,18,0,10
BRDA:209,18,1,5
BRDA:213,19,0,10
BRDA:213,19,1,5
BRDA:234,20,0,19
BRDA:234,20,1,12
BRDA:241,21,0,8
BRDA:241,21,1,4
BRDA:283,22,0,8
BRDA:283,22,1,2
BRDA:325,23,0,19
BRDA:325,23,1,7
BRDA:332,24,0,10
BRDA:332,24,1,5
BRDA:375,25,0,10
BRDA:375,25,1,2
BRF:52
BRH:30
end_of_record
TN:
SF:app/(home)/Profile.jsx
FN:11,Profile
FN:12,(anonymous_1)
FN:110,(anonymous_2)
FNF:3
FNH:0
FNDA:0,Profile
FNDA:0,(anonymous_1)
FNDA:0,(anonymous_2)
DA:12,0
DA:13,0
DA:14,0
DA:17,0
DA:60,0
DA:110,0
LF:6
LH:0
BRF:0
BRH:0
end_of_record
TN:
SF:app/(home)/Staffhome.jsx
FN:12,Homepage
FN:78,(anonymous_1)
FNF:2
FNH:0
FNDA:0,Homepage
FNDA:0,(anonymous_1)
DA:13,0
DA:78,0
DA:82,0
LF:3
LH:0
BRF:0
BRH:0
end_of_record
TN:
SF:app/(home)/TrackReports.jsx
FN:24,(anonymous_0)
FN:51,TrackReports
FN:57,fetchReports
FN:63,(anonymous_3)
FN:67,(anonymous_4)
FN:75,renderReport
FN:104,(anonymous_6)
FN:114,(anonymous_7)
FN:126,(anonymous_8)
FN:155,(anonymous_9)
FN:157,(anonymous_10)
FN:163,(anonymous_11)
FN:165,(anonymous_12)
FNF:13
FNH:10
FNDA:16,(anonymous_0)
FNDA:30,TrackReports
FNDA:10,fetchReports
FNDA:10,(anonymous_3)
FNDA:6,(anonymous_4)
FNDA:16,renderReport
FNDA:0,(anonymous_6)
FNDA:1,(anonymous_7)
FNDA:3,(anonymous_8)
FNDA:14,(anonymous_9)
FNDA:0,(anonymous_10)
FNDA:2,(anonymous_11)
FNDA:0,(anonymous_12)
DA:12,1
DA:17,1
DA:24,1
DA:32,16
DA:52,30
DA:53,30
DA:54,30
DA:55,30
DA:58,10
DA:59,10
DA:60,10
DA:63,30
DA:64,10
DA:67,30
DA:68,6
DA:69,0
DA:73,30
DA:76,16
DA:78,16
DA:90,30
DA:104,0
DA:114,1
DA:126,3
DA:155,14
DA:157,0
DA:163,2
DA:165,0
DA:174,1
LF:28
LH:24
BRDA:38,0,0,14
BRDA:38,0,1,2
BRDA:68,1,0,0
BRDA:68,1,1,6
BRDA:136,2,0,30
BRDA:136,2,1,5
BRDA:136,2,2,29
BRDA:136,2,3,25
BRDA:136,2,4,10
BRDA:152,3,0,30
BRDA:152,3,1,25
BRDA:160,4,0,30
BRDA:160,4,1,5
BRF:13
BRH:12
end_of_record
TN:
SF:app/(home)/_layout.jsx
FN:6,HomeLayout
FN:13,(anonymous_1)
FN:34,(anonymous_2)
FN:46,(anonymous_3)
FN:67,(anonymous_4)
FN:149,(anonymous_5)
FNF:6
FNH:0
FNDA:0,HomeLayout
FNDA:0,(anonymous_1)
FNDA:0,(anonymous_2)
FNDA:0,(anonymous_3)
FNDA:0,(anonymous_4)
FNDA:0,(anonymous_5)
DA:7,0
DA:13,0
DA:34,0
DA:46,0
DA:67,0
DA:149,0
LF:6
LH:0
BRDA:68,0,0,0
BRDA:68,0,1,0
BRF:2
BRH:0
end_of_record
TN:
SF:app/(home)/index.js
FN:18,Homepage
FN:22,(anonymous_1)
FN:27,(anonymous_2)
FN:56,(anonymous_3)
FN:72,(anonymous_4)
FN:91,(anonymous_5)
FN:108,(anonymous_6)
FN:125,(anonymous_7)
FN:138,(anonymous_8)
FNF:9
FNH:9
FNDA:7,Homepage
FNDA:7,(anonymous_1)
FNDA:5,(anonymous_2)
FNDA:1,(anonymous_3)
FNDA:1,(anonymous_4)
FNDA:1,(anonymous_5)
FNDA:1,(anonymous_6)
FNDA:1,(anonymous_7)
FNDA:7,(anonymous_8)
DA:19,7
DA:20,7
DA:21,7
DA:22,7
DA:23,7
DA:24,1
DA:27,7
DA:28,5
DA:30,7
DA:56,1
DA:72,1
DA:91,1
DA:108,1
DA:125,1
DA:138,7
DA:142,3
LF:16
LH:16
BRDA:23,0,0,1
BRDA:23,0,1,6
BRF:2
BRH:2
end_of_record
TN:
SF:app/(staff)/SelectMap.jsx
FN:8,SelectMap
FN:20,(anonymous_1)
FN:34,(anonymous_2)
FNF:3
FNH:0
FNDA:0,SelectMap
FNDA:0,(anonymous_1)
FNDA:0,(anonymous_2)
DA:9,0
DA:10,0
DA:11,0
DA:17,0
DA:18,0
DA:20,0
DA:21,0
DA:22,0
DA:23,0
DA:24,0
DA:27,0
DA:34,0
DA:56,0
LF:13
LH:0
BRF:0
BRH:0
end_of_record
TN:
SF:app/(staff)/VerifyForm.jsx
FN:29,VerifyForm
FN:80,(anonymous_1)
FN:100,(anonymous_2)
FN:101,(anonymous_3)
FN:118,(anonymous_4)
FN:123,(anonymous_5)
FN:136,(anonymous_6)
FN:175,(anonymous_7)
FN:223,(anonymous_8)
FN:235,(anonymous_9)
FN:253,(anonymous_10)
FN:265,(anonymous_11)
FN:290,(anonymous_12)
FN:324,(anonymous_13)
FN:356,(anonymous_14)
FN:372,(anonymous_15)
FN:421,(anonymous_16)
FN:433,(anonymous_17)
FN:537,(anonymous_18)
FNF:19
FNH:0
FNDA:0,VerifyForm
FNDA:0,(anonymous_1)
FNDA:0,(anonymous_2)
FNDA:0,(anonymous_3)
FNDA:0,(anonymous_4)
FNDA:0,(anonymous_5)
FNDA:0,(anonymous_6)
FNDA:0,(anonymous_7)
FNDA:0,(anonymous_8)
FNDA:0,(anonymous_9)
FNDA:0,(anonymous_10)
FNDA:0,(anonymous_11)
FNDA:0,(anonymous_12)
FNDA:0,(anonymous_13)
FNDA:0,(anonymous_14)
FNDA:0,(anonymous_15)
FNDA:0,(anonymous_16)
FNDA:0,(anonymous_17)
FNDA:0,(anonymous_18)
DA:30,0
DA:31,0
DA:32,0
DA:33,0
DA:34,0
DA:35,0
DA:36,0
DA:39,0
DA:42,0
DA:50,0
DA:53,0
DA:64,0
DA:66,0
DA:67,0
DA:69,0
DA:71,0
DA:77,0
DA:80,0
DA:81,0
DA:88,0
DA:89,0
DA:94,0
DA:95,0
DA:96,0
DA:97,0
DA:98,0
DA:100,0
DA:101,0
DA:102,0
DA:103,0
DA:107,0
DA:108,0
DA:118,0
DA:119,0
DA:120,0
DA:123,0
DA:124,0
DA:125,0
DA:126,0
DA:127,0
DA:128,0
DA:129,0
DA:131,0
DA:136,0
DA:137,0
DA:138,0
DA:139,0
DA:140,0
DA:141,0
DA:147,0
DA:156,0
DA:165,0
DA:166,0
DA:168,0
DA:169,0
DA:171,0
DA:175,0
DA:176,0
DA:177,0
DA:178,0
DA:180,0
DA:181,0
DA:182,0
DA:184,0
DA:185,0
DA:186,0
DA:188,0
DA:189,0
DA:190,0
DA:193,0
DA:194,0
DA:196,0
DA:198,0
DA:207,0
DA:208,0
DA:211,0
DA:212,0
DA:213,0
DA:214,0
DA:215,0
DA:216,0
DA:217,0
DA:224,0
DA:232,0
DA:234,0
DA:235,0
DA:237,0
DA:238,0
DA:240,0
DA:242,0
DA:244,0
DA:245,0
DA:246,0
DA:247,0
DA:254,0
DA:264,0
DA:265,0
DA:267,0
DA:269,0
DA:270,0
DA:274,0
DA:290,0
DA:324,0
DA:356,0
DA:372,0
DA:422,0
DA:434,0
DA:435,0
DA:437,0
DA:538,0
DA:539,0
DA:541,0
DA:615,0
LF:113
LH:0
BRDA:40,0,0,0
BRDA:40,0,1,0
BRDA:66,1,0,0
BRDA:66,1,1,0
BRDA:67,2,0,0
BRDA:67,2,1,0
BRDA:69,3,0,0
BRDA:69,3,1,0
BRDA:71,4,0,0
BRDA:71,4,1,0
BRDA:73,5,0,0
BRDA:73,5,1,0
BRDA:88,6,0,0
BRDA:88,6,1,0
BRDA:107,7,0,0
BRDA:107,7,1,0
BRDA:124,8,0,0
BRDA:124,8,1,0
BRDA:148,9,0,0
BRDA:148,9,1,0
BRDA:150,10,0,0
BRDA:150,10,1,0
BRDA:157,11,0,0
BRDA:157,11,1,0
BRDA:159,12,0,0
BRDA:159,12,1,0
BRDA:165,13,0,0
BRDA:165,13,1,0
BRDA:166,14,0,0
BRDA:166,14,1,0
BRDA:176,15,0,0
BRDA:176,15,1,0
BRDA:176,16,0,0
BRDA:176,16,1,0
BRDA:180,17,0,0
BRDA:180,17,1,0
BRDA:184,18,0,0
BRDA:184,18,1,0
BRDA:188,19,0,0
BRDA:188,19,1,0
BRDA:200,20,0,0
BRDA:200,20,1,0
BRDA:207,21,0,0
BRDA:207,21,1,0
BRDA:211,22,0,0
BRDA:211,22,1,0
BRDA:216,23,0,0
BRDA:216,23,1,0
BRDA:246,24,0,0
BRDA:246,24,1,0
BRDA:246,25,0,0
BRDA:246,25,1,0
BRDA:276,26,0,0
BRDA:276,26,1,0
BRDA:276,27,0,0
BRDA:276,27,1,0
BRDA:319,28,0,0
BRDA:319,28,1,0
BRDA:328,29,0,0
BRDA:328,29,1,0
BRDA:334,30,0,0
BRDA:334,30,1,0
BRDA:334,31,0,0
BRDA:334,31,1,0
BRDA:380,32,0,0
BRDA:380,32,1,0
BRDA:380,33,0,0
BRDA:380,33,1,0
BRDA:411,34,0,0
BRDA:411,34,1,0
BRDA:416,35,0,0
BRDA:416,35,1,0
BRDA:434,36,0,0
BRDA:434,36,1,0
BRDA:471,37,0,0
BRDA:471,37,1,0
BRDA:475,38,0,0
BRDA:475,38,1,0
BRDA:492,39,0,0
BRDA:492,39,1,0
BRDA:538,40,0,0
BRDA:538,40,1,0
BRDA:573,41,0,0
BRDA:573,41,1,0
BRDA:577,42,0,0
BRDA:577,42,1,0
BRDA:594,43,0,0
BRDA:594,43,1,0
BRF:88
BRH:0
end_of_record
TN:
SF:app/(staff)/ViewEvents.jsx
FN:17,(anonymous_0)
FN:38,(anonymous_1)
FN:47,ViewEvents
FN:51,(anonymous_3)
FN:57,(anonymous_4)
FN:61,(anonymous_5)
FN:67,(anonymous_6)
FN:71,(anonymous_7)
FN:81,(anonymous_8)
FN:90,(anonymous_9)
FN:152,(anonymous_10)
FN:154,(anonymous_11)
FNF:12
FNH:0
FNDA:0,(anonymous_0)
FNDA:0,(anonymous_1)
FNDA:0,ViewEvents
FNDA:0,(anonymous_3)
FNDA:0,(anonymous_4)
FNDA:0,(anonymous_5)
FNDA:0,(anonymous_6)
FNDA:0,(anonymous_7)
FNDA:0,(anonymous_8)
FNDA:0,(anonymous_9)
FNDA:0,(anonymous_10)
FNDA:0,(anonymous_11)
DA:17,0
DA:18,0
DA:38,0
DA:48,0
DA:49,0
DA:51,0
DA:52,0
DA:53,0
DA:54,0
DA:57,0
DA:58,0
DA:61,0
DA:62,0
DA:63,0
DA:67,0
DA:68,0
DA:72,0
DA:73,0
DA:78,0
DA:81,0
DA:82,0
DA:84,0
DA:90,0
DA:95,0
DA:96,0
DA:98,0
DA:152,0
DA:154,0
DA:162,0
LF:29
LH:0
BRDA:62,0,0,0
BRDA:62,0,1,0
BRDA:135,1,0,0
BRDA:135,1,1,0
BRF:4
BRH:0
end_of_record
TN:
SF:app/(staff)/ViewReports.jsx
FN:19,(anonymous_0)
FN:32,(anonymous_1)
FN:78,(anonymous_2)
FN:121,ViewReports
FN:127,fetchReports
FN:135,(anonymous_5)
FN:139,(anonymous_6)
FN:145,handleReject
FN:149,(anonymous_8)
FN:162,renderReport
FN:183,(anonymous_10)
FN:221,(anonymous_11)
FN:248,(anonymous_12)
FN:250,(anonymous_13)
FN:256,(anonymous_14)
FN:258,(anonymous_15)
FNF:16
FNH:0
FNDA:0,(anonymous_0)
FNDA:0,(anonymous_1)
FNDA:0,(anonymous_2)
FNDA:0,ViewReports
FNDA:0,fetchReports
FNDA:0,(anonymous_5)
FNDA:0,(anonymous_6)
FNDA:0,handleReject
FNDA:0,(anonymous_8)
FNDA:0,renderReport
FNDA:0,(anonymous_10)
FNDA:0,(anonymous_11)
FNDA:0,(anonymous_12)
FNDA:0,(anonymous_13)
FNDA:0,(anonymous_14)
FNDA:0,(anonymous_15)
DA:19,0
DA:30,0
DA:32,0
DA:33,0
DA:36,0
DA:78,0
DA:122,0
DA:123,0
DA:124,0
DA:125,0
DA:128,0
DA:129,0
DA:130,0
DA:131,0
DA:132,0
DA:135,0
DA:136,0
DA:139,0
DA:140,0
DA:141,0
DA:146,0
DA:150,0
DA:154,0
DA:159,0
DA:171,0
DA:173,0
DA:183,0
DA:188,0
DA:221,0
DA:248,0
DA:250,0
DA:256,0
DA:258,0
DA:267,0
LF:34
LH:0
BRDA:43,0,0,0
BRDA:43,0,1,0
BRDA:48,1,0,0
BRDA:48,1,1,0
BRDA:140,2,0,0
BRDA:140,2,1,0
BRDA:151,3,0,0
BRDA:151,3,1,0
BRDA:229,4,0,0
BRDA:229,4,1,0
BRDA:229,4,2,0
BRDA:229,4,3,0
BRDA:229,4,4,0
BRDA:245,5,0,0
BRDA:245,5,1,0
BRDA:245,5,2,0
BRDA:253,6,0,0
BRDA:253,6,1,0
BRF:18
BRH:0
end_of_record
TN:
SF:app/(staff)/ViewVerifiedReports.jsx
FN:18,(anonymous_0)
FN:39,(anonymous_1)
FN:48,ViewVerifiedReports
FN:54,fetchReports
FN:62,(anonymous_4)
FN:66,(anonymous_5)
FN:72,handleResolve
FN:76,(anonymous_7)
FN:91,renderReport
FN:101,(anonymous_9)
FN:139,(anonymous_10)
FN:166,(anonymous_11)
FN:168,(anonymous_12)
FN:174,(anonymous_13)
FN:176,(anonymous_14)
FNF:15
FNH:0
FNDA:0,(anonymous_0)
FNDA:0,(anonymous_1)
FNDA:0,ViewVerifiedReports
FNDA:0,fetchReports
FNDA:0,(anonymous_4)
FNDA:0,(anonymous_5)
FNDA:0,handleResolve
FNDA:0,(anonymous_7)
FNDA:0,renderReport
FNDA:0,(anonymous_9)
FNDA:0,(anonymous_10)
FNDA:0,(anonymous_11)
FNDA:0,(anonymous_12)
FNDA:0,(anonymous_13)
FNDA:0,(anonymous_14)
DA:18,0
DA:19,0
DA:39,0
DA:49,0
DA:50,0
DA:51,0
DA:52,0
DA:55,0
DA:56,0
DA:57,0
DA:58,0
DA:59,0
DA:62,0
DA:63,0
DA:66,0
DA:67,0
DA:68,0
DA:73,0
DA:77,0
DA:78,0
DA:79,0
DA:81,0
DA:83,0
DA:88,0
DA:92,0
DA:94,0
DA:101,0
DA:106,0
DA:139,0
DA:166,0
DA:168,0
DA:174,0
DA:176,0
DA:185,0
LF:34
LH:0
BRDA:67,0,0,0
BRDA:67,0,1,0
BRDA:77,1,0,0
BRDA:77,1,1,0
BRDA:147,2,0,0
BRDA:147,2,1,0
BRDA:147,2,2,0
BRDA:147,2,3,0
BRDA:147,2,4,0
BRDA:163,3,0,0
BRDA:163,3,1,0
BRDA:171,4,0,0
BRDA:171,4,1,0
BRF:13
BRH:0
end_of_record
TN:
SF:app/(staff)/_layout.jsx
FN:3,StaffLayout
FNF:1
FNH:0
FNDA:0,StaffLayout
DA:4,0
LF:1
LH:0
BRF:0
BRH:0
end_of_record
TN:
SF:app/screens/stack.jsx
FNF:0
FNH:0
LF:0
LH:0
BRF:0
BRH:0
end_of_record
TN:
SF:contexts/auth.jsx
FN:11,useAuth
FN:15,useProtectedRoute
FN:19,(anonymous_2)
FN:37,AuthProvider
FN:42,(anonymous_4)
FN:44,(anonymous_5)
FN:54,(anonymous_6)
FNF:7
FNH:0
FNDA:0,useAuth
FNDA:0,useProtectedRoute
FNDA:0,(anonymous_2)
FNDA:0,AuthProvider
FNDA:0,(anonymous_4)
FNDA:0,(anonymous_5)
FNDA:0,(anonymous_6)
DA:9,0
DA:12,0
DA:16,0
DA:17,0
DA:19,0
DA:20,0
DA:22,0
DA:23,0
DA:24,0
DA:25,0
DA:26,0
DA:27,0
DA:28,0
DA:29,0
DA:31,0
DA:38,0
DA:40,0
DA:42,0
DA:43,0
DA:44,0
DA:45,0
DA:46,0
DA:47,0
DA:48,0
DA:49,0
DA:50,0
DA:51,0
DA:54,0
DA:56,0
DA:61,0
LF:30
LH:0
BRDA:22,0,0,0
BRDA:22,0,1,0
BRDA:24,1,0,0
BRDA:24,1,1,0
BRDA:24,2,0,0
BRDA:24,2,1,0
BRDA:27,3,0,0
BRDA:27,3,1,0
BRDA:27,4,0,0
BRDA:27,4,1,0
BRDA:28,5,0,0
BRDA:28,5,1,0
BRDA:46,6,0,0
BRDA:46,6,1,0
BRDA:50,7,0,0
BRDA:50,7,1,0
BRF:16
BRH:0
end_of_record
TN:
SF:lib/PushNotifications.js
FN:6,(anonymous_0)
FN:13,(anonymous_1)
FN:20,(anonymous_2)
FN:51,(anonymous_3)
FN:52,(anonymous_4)
FN:54,(anonymous_5)
FN:58,(anonymous_6)
FN:62,(anonymous_7)
FNF:8
FNH:0
FNDA:0,(anonymous_0)
FNDA:0,(anonymous_1)
FNDA:0,(anonymous_2)
FNDA:0,(anonymous_3)
FNDA:0,(anonymous_4)
FNDA:0,(anonymous_5)
FNDA:0,(anonymous_6)
FNDA:0,(anonymous_7)
DA:6,0
DA:7,0
DA:8,0
DA:9,0
DA:10,0
DA:12,0
DA:13,0
DA:20,0
DA:22,0
DA:23,0
DA:24,0
DA:25,0
DA:26,0
DA:27,0
DA:29,0
DA:30,0
DA:31,0
DA:33,0
DA:34,0
DA:36,0
DA:39,0
DA:40,0
DA:48,0
DA:51,0
DA:52,0
DA:54,0
DA:55,0
DA:58,0
DA:59,0
DA:62,0
DA:63,0
DA:64,0
LF:32
LH:0
BRDA:22,0,0,0
BRDA:22,0,1,0
BRDA:25,1,0,0
BRDA:25,1,1,0
BRDA:29,2,0,0
BRDA:29,2,1,0
BRDA:39,3,0,0
BRDA:39,3,1,0
BRF:8
BRH:0
end_of_record
TN:
SF:lib/supabase.js
FN:18,getUserRole
FN:25,upgradeUserRole
FN:39,insertReportData
FN:51,insertVerifiedReport
FN:63,viewNewReports
FN:73,viewVerifiedReports
FN:78,rejectReport
FN:86,verifyReport
FN:94,viewMarkers
FN:100,resolveReport
FN:120,viewFilteredReport
FN:161,insertImage
FN:171,getImageURL
FNF:13
FNH:0
FNDA:0,getUserRole
FNDA:0,upgradeUserRole
FNDA:0,insertReportData
FNDA:0,insertVerifiedReport
FNDA:0,viewNewReports
FNDA:0,viewVerifiedReports
FNDA:0,rejectReport
FNDA:0,verifyReport
FNDA:0,viewMarkers
FNDA:0,resolveReport
FNDA:0,viewFilteredReport
FNDA:0,insertImage
FNDA:0,getImageURL
DA:5,2
DA:6,2
DA:12,2
DA:19,0
DA:22,0
DA:30,0
DA:32,0
DA:36,0
DA:44,0
DA:45,0
DA:48,0
DA:56,0
DA:57,0
DA:60,0
DA:64,0
DA:70,0
DA:74,0
DA:75,0
DA:79,0
DA:83,0
DA:87,0
DA:91,0
DA:95,0
DA:96,0
DA:97,0
DA:101,0
DA:102,0
DA:106,0
DA:108,0
DA:112,0
DA:116,0
DA:125,0
DA:127,0
DA:128,0
DA:133,0
DA:134,0
DA:135,0
DA:140,0
DA:141,0
DA:142,0
DA:148,0
DA:151,0
DA:157,0
DA:162,0
DA:168,0
DA:172,0
DA:175,0
LF:47
LH:3
BRDA:101,0,0,0
BRDA:101,0,1,0
BRDA:109,1,0,0
BRDA:109,1,1,0
BRDA:113,2,0,0
BRDA:113,2,1,0
BRDA:127,3,0,0
BRDA:127,3,1,0
BRDA:129,4,0,0
BRDA:129,4,1,0
BRDA:134,5,0,0
BRDA:134,5,1,0
BRDA:136,6,0,0
BRDA:136,6,1,0
BRDA:141,7,0,0
BRDA:141,7,1,0
BRDA:143,8,0,0
BRDA:143,8,1,0
BRDA:152,9,0,0
BRDA:152,9,1,0
BRF:20
BRH:0
end_of_record
TN:
SF:redux/store.js
FN:6,(anonymous_0)
FN:11,(anonymous_1)
FN:16,(anonymous_2)
FN:28,(anonymous_3)
FNF:4
FNH:1
FNDA:0,(anonymous_0)
FNDA:0,(anonymous_1)
FNDA:0,(anonymous_2)
FNDA:4,(anonymous_3)
DA:6,4
DA:11,4
DA:16,4
DA:22,4
DA:28,4
DA:29,4
DA:31,0
DA:36,0
DA:41,0
DA:46,4
DA:58,4
LF:11
LH:8
BRDA:28,0,0,4
BRDA:29,1,0,0
BRDA:29,1,1,0
BRDA:29,1,2,0
BRDA:29,1,3,4
BRF:5
BRH:2
end_of_record
TN:
SF:utils/test-utils.tsx
FN:28,renderWithProviders
FN:35,(anonymous_1)
FNF:2
FNH:2
FNDA:53,renderWithProviders
FNDA:53,(anonymous_1)
DA:19,9
DA:25,9
DA:26,9
DA:29,53
DA:35,53
LF:5
LH:5
BRF:0
BRH:0
end_of_record
